
[notice] A new release of pip available: 22.3.1 -> 25.1.1
[notice] To update, run: \\10.1.4.22\data\HTOC\Data_Analytics\Py\python.exe -m pip install --upgrade pip
File already exists: Z:\HTOC\Data_Analytics\Data\OpDiv_Predictions\Full Daily Reports\full_daily_report_20250728.csv

[notice] A new release of pip available: 22.3.1 -> 25.1.1
[notice] To update, run: \\10.1.4.22\data\HTOC\Data_Analytics\Py\python.exe -m pip install --upgrade pip
Saved to Z:\HTOC\Data_Analytics\Data\OpDiv_Predictions\Full Daily Reports\full_daily_report_20250728.csv


[notice] A new release of pip available: 22.3.1 -> 25.1.1
[notice] To update, run: \\10.1.4.22\data\HTOC\Data_Analytics\Py\python.exe -m pip install --upgrade pip
No CSV files found for today.
No data to save.

[notice] A new release of pip available: 22.3.1 -> 25.1.1
[notice] To update, run: \\10.1.4.22\data\HTOC\Data_Analytics\Py\python.exe -m pip install --upgrade pip
Saved to Z:\HTOC\Data_Analytics\Data\OpDiv_Predictions\Full Daily Reports\full_daily_report_20250729.csv

[notice] A new release of pip available: 22.3.1 -> 25.1.1
[notice] To update, run: \\10.1.4.22\data\HTOC\Data_Analytics\Py\python.exe -m pip install --upgrade pip
Saved to Z:\HTOC\Data_Analytics\Data\OpDiv_Predictions\Full Daily Reports\full_daily_report_20250730.csv

[notice] A new release of pip available: 22.3.1 -> 25.1.1
[notice] To update, run: \\10.1.4.22\data\HTOC\Data_Analytics\Py\python.exe -m pip install --upgrade pip
Saved to Z:\HTOC\Data_Analytics\Data\OpDiv_Predictions\Full Daily Reports\full_daily_report_20250801.csv

[notice] A new release of pip available: 22.3.1 -> 25.1.1
[notice] To update, run: \\10.1.4.22\data\HTOC\Data_Analytics\Py\python.exe -m pip install --upgrade pip
Saved to Z:\HTOC\Data_Analytics\Data\OpDiv_Predictions\Full Daily Reports\full_daily_report_20250802.csv

[notice] A new release of pip available: 22.3.1 -> 25.1.1
[notice] To update, run: \\10.1.4.22\data\HTOC\Data_Analytics\Py\python.exe -m pip install --upgrade pip
Saved to Z:\HTOC\Data_Analytics\Data\OpDiv_Predictions\Full Daily Reports\full_daily_report_20250803.csv

[notice] A new release of pip available: 22.3.1 -> 25.1.1
[notice] To update, run: \\10.1.4.22\data\HTOC\Data_Analytics\Py\python.exe -m pip install --upgrade pip
Saved to Z:\HTOC\Data_Analytics\Data\OpDiv_Predictions\Full Daily Reports\full_daily_report_20250804.csv

[notice] A new release of pip available: 22.3.1 -> 25.2
[notice] To update, run: \\10.1.4.22\data\HTOC\Data_Analytics\Py\python.exe -m pip install --upgrade pip
Saved to Z:\HTOC\Data_Analytics\Data\OpDiv_Predictions\Full Daily Reports\full_daily_report_20250805.csv

[notice] A new release of pip available: 22.3.1 -> 25.2
[notice] To update, run: \\10.1.4.22\data\HTOC\Data_Analytics\Py\python.exe -m pip install --upgrade pip
Saved to Z:\HTOC\Data_Analytics\Data\OpDiv_Predictions\Full Daily Reports\full_daily_report_20250806.csv

[notice] A new release of pip available: 22.3.1 -> 25.2
[notice] To update, run: \\10.1.4.22\data\HTOC\Data_Analytics\Py\python.exe -m pip install --upgrade pip
Saved to Z:\HTOC\Data_Analytics\Data\OpDiv_Predictions\Full Daily Reports\full_daily_report_20250807.csv

[notice] A new release of pip available: 22.3.1 -> 25.2
[notice] To update, run: \\10.1.4.22\data\HTOC\Data_Analytics\Py\python.exe -m pip install --upgrade pip
Saved to Z:\HTOC\Data_Analytics\Data\OpDiv_Predictions\Full Daily Reports\full_daily_report_20250808.csv

[notice] A new release of pip available: 22.3.1 -> 25.2
[notice] To update, run: \\10.1.4.22\data\HTOC\Data_Analytics\Py\python.exe -m pip install --upgrade pip
Saved to Z:\HTOC\Data_Analytics\Data\OpDiv_Predictions\Full Daily Reports\full_daily_report_20250809.csv

[notice] A new release of pip available: 22.3.1 -> 25.2
[notice] To update, run: \\10.1.4.22\data\HTOC\Data_Analytics\Py\python.exe -m pip install --upgrade pip
Saved to Z:\HTOC\Data_Analytics\Data\OpDiv_Predictions\Full Daily Reports\full_daily_report_20250810.csv

[notice] A new release of pip available: 22.3.1 -> 25.2
[notice] To update, run: \\10.1.4.22\data\HTOC\Data_Analytics\Py\python.exe -m pip install --upgrade pip
Saved to Z:\HTOC\Data_Analytics\Data\OpDiv_Predictions\Full Daily Reports\full_daily_report_20250811.csv

[notice] A new release of pip available: 22.3.1 -> 25.2
[notice] To update, run: \\10.1.4.22\data\HTOC\Data_Analytics\Py\python.exe -m pip install --upgrade pip
Saved to Z:\HTOC\Data_Analytics\Data\OpDiv_Predictions\Full Daily Reports\full_daily_report_20250812.csv

[notice] A new release of pip available: 22.3.1 -> 25.2
[notice] To update, run: \\10.1.4.22\data\HTOC\Data_Analytics\Py\python.exe -m pip install --upgrade pip
Saved to Z:\HTOC\Data_Analytics\Data\OpDiv_Predictions\Full Daily Reports\full_daily_report_20250813.csv

[notice] A new release of pip available: 22.3.1 -> 25.2
[notice] To update, run: \\10.1.4.22\data\HTOC\Data_Analytics\Py\python.exe -m pip install --upgrade pip
Saved to Z:\HTOC\Data_Analytics\Data\OpDiv_Predictions\Full Daily Reports\full_daily_report_20250814.csv

[notice] A new release of pip available: 22.3.1 -> 25.2
[notice] To update, run: \\10.1.4.22\data\HTOC\Data_Analytics\Py\python.exe -m pip install --upgrade pip
No CSV files found for today.
No data to save.

[notice] A new release of pip available: 22.3.1 -> 25.2
[notice] To update, run: \\10.1.4.22\data\HTOC\Data_Analytics\Py\python.exe -m pip install --upgrade pip
Saved to Z:\HTOC\Data_Analytics\Data\OpDiv_Predictions\Full Daily Reports\full_daily_report_20250815.csv

[notice] A new release of pip available: 22.3.1 -> 25.2
[notice] To update, run: \\10.1.4.22\data\HTOC\Data_Analytics\Py\python.exe -m pip install --upgrade pip
Saved to Z:\HTOC\Data_Analytics\Data\OpDiv_Predictions\Full Daily Reports\full_daily_report_20250816.csv

[notice] A new release of pip available: 22.3.1 -> 25.2
[notice] To update, run: \\10.1.4.22\data\HTOC\Data_Analytics\Py\python.exe -m pip install --upgrade pip
Saved to Z:\HTOC\Data_Analytics\Data\OpDiv_Predictions\Full Daily Reports\full_daily_report_20250817.csv

[notice] A new release of pip available: 22.3.1 -> 25.2
[notice] To update, run: \\10.1.4.22\data\HTOC\Data_Analytics\Py\python.exe -m pip install --upgrade pip
Saved to Z:\HTOC\Data_Analytics\Data\OpDiv_Predictions\Full Daily Reports\full_daily_report_20250818.csv

[notice] A new release of pip available: 22.3.1 -> 25.2
[notice] To update, run: \\10.1.4.22\data\HTOC\Data_Analytics\Py\python.exe -m pip install --upgrade pip
Saved to Z:\HTOC\Data_Analytics\Data\OpDiv_Predictions\Full Daily Reports\full_daily_report_20250819.csv

[notice] A new release of pip available: 22.3.1 -> 25.2
[notice] To update, run: \\10.1.4.22\data\HTOC\Data_Analytics\Py\python.exe -m pip install --upgrade pip
Saved to Z:\HTOC\Data_Analytics\Data\OpDiv_Predictions\Full Daily Reports\full_daily_report_20250820.csv

[notice] A new release of pip available: 22.3.1 -> 25.2
[notice] To update, run: \\10.1.4.22\data\HTOC\Data_Analytics\Py\python.exe -m pip install --upgrade pip
Saved to Z:\HTOC\Data_Analytics\Data\OpDiv_Predictions\Full Daily Reports\full_daily_report_20250821.csv

[notice] A new release of pip available: 22.3.1 -> 25.2
[notice] To update, run: \\10.1.4.22\data\HTOC\Data_Analytics\Py\python.exe -m pip install --upgrade pip
Saved to Z:\HTOC\Data_Analytics\Data\OpDiv_Predictions\Full Daily Reports\full_daily_report_20250822.csv

[notice] A new release of pip available: 22.3.1 -> 25.2
[notice] To update, run: \\10.1.4.22\data\HTOC\Data_Analytics\Py\python.exe -m pip install --upgrade pip
Saved to Z:\HTOC\Data_Analytics\Data\OpDiv_Predictions\Full Daily Reports\full_daily_report_20250823.csv

[notice] A new release of pip available: 22.3.1 -> 25.2
[notice] To update, run: \\10.1.4.22\data\HTOC\Data_Analytics\Py\python.exe -m pip install --upgrade pip
Saved to Z:\HTOC\Data_Analytics\Data\OpDiv_Predictions\Full Daily Reports\full_daily_report_20250824.csv

[notice] A new release of pip available: 22.3.1 -> 25.2
[notice] To update, run: \\10.1.4.22\data\HTOC\Data_Analytics\Py\python.exe -m pip install --upgrade pip
Saved to Z:\HTOC\Data_Analytics\Data\OpDiv_Predictions\Full Daily Reports\full_daily_report_20250825.csv

[notice] A new release of pip available: 22.3.1 -> 25.2
[notice] To update, run: \\10.1.4.22\data\HTOC\Data_Analytics\Py\python.exe -m pip install --upgrade pip
Saved to Z:\HTOC\Data_Analytics\Data\OpDiv_Predictions\Full Daily Reports\full_daily_report_20250826.csv

[notice] A new release of pip available: 22.3.1 -> 25.2
[notice] To update, run: \\10.1.4.22\data\HTOC\Data_Analytics\Py\python.exe -m pip install --upgrade pip
Saved to Z:\HTOC\Data_Analytics\Data\OpDiv_Predictions\Full Daily Reports\full_daily_report_20250827.csv

[notice] A new release of pip available: 22.3.1 -> 25.2
[notice] To update, run: \\10.1.4.22\data\HTOC\Data_Analytics\Py\python.exe -m pip install --upgrade pip
Saved to Z:\HTOC\Data_Analytics\Data\OpDiv_Predictions\Full Daily Reports\full_daily_report_20250828.csv

[notice] A new release of pip available: 22.3.1 -> 25.2
[notice] To update, run: \\10.1.4.22\data\HTOC\Data_Analytics\Py\python.exe -m pip install --upgrade pip
Saved to Z:\HTOC\Data_Analytics\Data\OpDiv_Predictions\Full Daily Reports\full_daily_report_20250829.csv

[notice] A new release of pip available: 22.3.1 -> 25.2
[notice] To update, run: \\10.1.4.22\data\HTOC\Data_Analytics\Py\python.exe -m pip install --upgrade pip
Saved to Z:\HTOC\Data_Analytics\Data\OpDiv_Predictions\Full Daily Reports\full_daily_report_20250830.csv

[notice] A new release of pip available: 22.3.1 -> 25.2
[notice] To update, run: \\10.1.4.22\data\HTOC\Data_Analytics\Py\python.exe -m pip install --upgrade pip
Saved to Z:\HTOC\Data_Analytics\Data\OpDiv_Predictions\Full Daily Reports\full_daily_report_20250831.csv

[notice] A new release of pip available: 22.3.1 -> 25.2
[notice] To update, run: \\10.1.4.22\data\HTOC\Data_Analytics\Py\python.exe -m pip install --upgrade pip
Saved to Z:\HTOC\Data_Analytics\Data\OpDiv_Predictions\Full Daily Reports\full_daily_report_20250901.csv

[notice] A new release of pip available: 22.3.1 -> 25.2
[notice] To update, run: \\10.1.4.22\data\HTOC\Data_Analytics\Py\python.exe -m pip install --upgrade pip
Saved to Z:\HTOC\Data_Analytics\Data\OpDiv_Predictions\Full Daily Reports\full_daily_report_20250902.csv

[notice] A new release of pip available: 22.3.1 -> 25.2
[notice] To update, run: \\10.1.4.22\data\HTOC\Data_Analytics\Py\python.exe -m pip install --upgrade pip
Saved to Z:\HTOC\Data_Analytics\Data\OpDiv_Predictions\Full Daily Reports\full_daily_report_20250903.csv

[notice] A new release of pip available: 22.3.1 -> 25.2
[notice] To update, run: \\10.1.4.22\data\HTOC\Data_Analytics\Py\python.exe -m pip install --upgrade pip
Saved to Z:\HTOC\Data_Analytics\Data\OpDiv_Predictions\Full Daily Reports\full_daily_report_20250904.csv

[notice] A new release of pip available: 22.3.1 -> 25.2
[notice] To update, run: \\10.1.4.22\data\HTOC\Data_Analytics\Py\python.exe -m pip install --upgrade pip
Saved to Z:\HTOC\Data_Analytics\Data\OpDiv_Predictions\Full Daily Reports\full_daily_report_20250905.csv

[notice] A new release of pip available: 22.3.1 -> 25.2
[notice] To update, run: \\10.1.4.22\data\HTOC\Data_Analytics\Py\python.exe -m pip install --upgrade pip
Saved to Z:\HTOC\Data_Analytics\Data\OpDiv_Predictions\Full Daily Reports\full_daily_report_20250906.csv

[notice] A new release of pip available: 22.3.1 -> 25.2
[notice] To update, run: \\10.1.4.22\data\HTOC\Data_Analytics\Py\python.exe -m pip install --upgrade pip
Saved to Z:\HTOC\Data_Analytics\Data\OpDiv_Predictions\Full Daily Reports\full_daily_report_20250907.csv

[notice] A new release of pip available: 22.3.1 -> 25.2
[notice] To update, run: \\10.1.4.22\data\HTOC\Data_Analytics\Py\python.exe -m pip install --upgrade pip
Saved to Z:\HTOC\Data_Analytics\Data\OpDiv_Predictions\Full Daily Reports\full_daily_report_20250908.csv

[notice] A new release of pip available: 22.3.1 -> 25.2
[notice] To update, run: \\10.1.4.22\data\HTOC\Data_Analytics\Py\python.exe -m pip install --upgrade pip
Saved to Z:\HTOC\Data_Analytics\Data\OpDiv_Predictions\Full Daily Reports\full_daily_report_20250909.csv

[notice] A new release of pip available: 22.3.1 -> 25.2
[notice] To update, run: \\10.1.4.22\data\HTOC\Data_Analytics\Py\python.exe -m pip install --upgrade pip
Saved to Z:\HTOC\Data_Analytics\Data\OpDiv_Predictions\Full Daily Reports\full_daily_report_20250910.csv

[notice] A new release of pip available: 22.3.1 -> 25.2
[notice] To update, run: \\10.1.4.22\data\HTOC\Data_Analytics\Py\python.exe -m pip install --upgrade pip
Saved to Z:\HTOC\Data_Analytics\Data\OpDiv_Predictions\Full Daily Reports\full_daily_report_20250911.csv

[notice] A new release of pip available: 22.3.1 -> 25.2
[notice] To update, run: \\10.1.4.22\data\HTOC\Data_Analytics\Py\python.exe -m pip install --upgrade pip
Saved to Z:\HTOC\Data_Analytics\Data\OpDiv_Predictions\Full Daily Reports\full_daily_report_20250912.csv

[notice] A new release of pip available: 22.3.1 -> 25.2
[notice] To update, run: \\10.1.4.22\data\HTOC\Data_Analytics\Py\python.exe -m pip install --upgrade pip
Saved to Z:\HTOC\Data_Analytics\Data\OpDiv_Predictions\Full Daily Reports\full_daily_report_20250913.csv

[notice] A new release of pip available: 22.3.1 -> 25.2
[notice] To update, run: \\10.1.4.22\data\HTOC\Data_Analytics\Py\python.exe -m pip install --upgrade pip
Saved to Z:\HTOC\Data_Analytics\Data\OpDiv_Predictions\Full Daily Reports\full_daily_report_20250914.csv

[notice] A new release of pip available: 22.3.1 -> 25.2
[notice] To update, run: \\10.1.4.22\data\HTOC\Data_Analytics\Py\python.exe -m pip install --upgrade pip
Saved to Z:\HTOC\Data_Analytics\Data\OpDiv_Predictions\Full Daily Reports\full_daily_report_20250915.csv

[notice] A new release of pip available: 22.3.1 -> 25.2
[notice] To update, run: \\10.1.4.22\data\HTOC\Data_Analytics\Py\python.exe -m pip install --upgrade pip
Saved to Z:\HTOC\Data_Analytics\Data\OpDiv_Predictions\Full Daily Reports\full_daily_report_20250916.csv

[notice] A new release of pip available: 22.3.1 -> 25.2
[notice] To update, run: \\10.1.4.22\data\HTOC\Data_Analytics\Py\python.exe -m pip install --upgrade pip
Saved to Z:\HTOC\Data_Analytics\Data\OpDiv_Predictions\Full Daily Reports\full_daily_report_20250917.csv

[notice] A new release of pip available: 22.3.1 -> 25.3
[notice] To update, run: \\10.1.4.22\data\HTOC\Data_Analytics\Py\python.exe -m pip install --upgrade pip
File already exists: Z:\HTOC\Data_Analytics\Data\OpDiv_Predictions\Full Daily Reports\full_daily_report_20251029.csv

[notice] A new release of pip available: 22.3.1 -> 25.3
[notice] To update, run: \\10.1.4.22\data\HTOC\Data_Analytics\Py\python.exe -m pip install --upgrade pip
Saved to Z:\HTOC\Data_Analytics\Data\OpDiv_Predictions\Full Daily Reports\full_daily_report_20251029.csv

[notice] A new release of pip available: 22.3.1 -> 25.3
[notice] To update, run: \\10.1.4.22\data\HTOC\Data_Analytics\Py\python.exe -m pip install --upgrade pip
Saved to Z:\HTOC\Data_Analytics\Data\OpDiv_Predictions\Full Daily Reports\full_daily_report_20251103.csv

[notice] A new release of pip available: 22.3.1 -> 25.3
[notice] To update, run: \\10.1.4.22\data\HTOC\Data_Analytics\Py\python.exe -m pip install --upgrade pip
Saved to Z:\HTOC\Data_Analytics\Data\OpDiv_Predictions\Full Daily Reports\full_daily_report_20251104.csv

[notice] A new release of pip available: 22.3.1 -> 25.3
[notice] To update, run: \\10.1.4.22\data\HTOC\Data_Analytics\Py\python.exe -m pip install --upgrade pip
Saved to Z:\HTOC\Data_Analytics\Data\OpDiv_Predictions\Full Daily Reports\full_daily_report_20251105.csv

[notice] A new release of pip available: 22.3.1 -> 25.3
[notice] To update, run: \\10.1.4.22\data\HTOC\Data_Analytics\Py\python.exe -m pip install --upgrade pip
Saved to Z:\HTOC\Data_Analytics\Data\OpDiv_Predictions\Full Daily Reports\full_daily_report_20251106.csv

[notice] A new release of pip available: 22.3.1 -> 25.3
[notice] To update, run: \\10.1.4.22\data\HTOC\Data_Analytics\Py\python.exe -m pip install --upgrade pip
Saved to Z:\HTOC\Data_Analytics\Data\OpDiv_Predictions\Full Daily Reports\full_daily_report_20251107.csv

[notice] A new release of pip available: 22.3.1 -> 25.3
[notice] To update, run: \\10.1.4.22\data\HTOC\Data_Analytics\Py\python.exe -m pip install --upgrade pip
Saved to Z:\HTOC\Data_Analytics\Data\OpDiv_Predictions\Full Daily Reports\full_daily_report_20251108.csv

[notice] A new release of pip available: 22.3.1 -> 25.3
[notice] To update, run: \\10.1.4.22\data\HTOC\Data_Analytics\Py\python.exe -m pip install --upgrade pip
Saved to Z:\HTOC\Data_Analytics\Data\OpDiv_Predictions\Full Daily Reports\full_daily_report_20251109.csv

[notice] A new release of pip available: 22.3.1 -> 25.3
[notice] To update, run: \\10.1.4.22\data\HTOC\Data_Analytics\Py\python.exe -m pip install --upgrade pip
Saved to Z:\HTOC\Data_Analytics\Data\OpDiv_Predictions\Full Daily Reports\full_daily_report_20251110.csv

[notice] A new release of pip available: 22.3.1 -> 25.3
[notice] To update, run: \\10.1.4.22\data\HTOC\Data_Analytics\Py\python.exe -m pip install --upgrade pip
Saved to Z:\HTOC\Data_Analytics\Data\OpDiv_Predictions\Full Daily Reports\full_daily_report_20251111.csv

[notice] A new release of pip available: 22.3.1 -> 25.3
[notice] To update, run: \\10.1.4.22\data\HTOC\Data_Analytics\Py\python.exe -m pip install --upgrade pip
Saved to Z:\HTOC\Data_Analytics\Data\OpDiv_Predictions\Full Daily Reports\full_daily_report_20251112.csv

[notice] A new release of pip available: 22.3.1 -> 25.3
[notice] To update, run: \\10.1.4.22\data\HTOC\Data_Analytics\Py\python.exe -m pip install --upgrade pip
Saved to Z:\HTOC\Data_Analytics\Data\OpDiv_Predictions\Full Daily Reports\full_daily_report_20251113.csv

[notice] A new release of pip available: 22.3.1 -> 25.3
[notice] To update, run: \\10.1.4.22\data\HTOC\Data_Analytics\Py\python.exe -m pip install --upgrade pip
Saved to Z:\HTOC\Data_Analytics\Data\OpDiv_Predictions\Full Daily Reports\full_daily_report_20251114.csv

[notice] A new release of pip available: 22.3.1 -> 25.3
[notice] To update, run: \\10.1.4.22\data\HTOC\Data_Analytics\Py\python.exe -m pip install --upgrade pip
Saved to Z:\HTOC\Data_Analytics\Data\OpDiv_Predictions\Full Daily Reports\full_daily_report_20251115.csv

[notice] A new release of pip available: 22.3.1 -> 25.3
[notice] To update, run: \\10.1.4.22\data\HTOC\Data_Analytics\Py\python.exe -m pip install --upgrade pip
Saved to Z:\HTOC\Data_Analytics\Data\OpDiv_Predictions\Full Daily Reports\full_daily_report_20251116.csv

[notice] A new release of pip available: 22.3.1 -> 25.3
[notice] To update, run: \\10.1.4.22\data\HTOC\Data_Analytics\Py\python.exe -m pip install --upgrade pip
Saved to Z:\HTOC\Data_Analytics\Data\OpDiv_Predictions\Full Daily Reports\full_daily_report_20251117.csv

[notice] A new release of pip available: 22.3.1 -> 25.3
[notice] To update, run: \\10.1.4.22\data\HTOC\Data_Analytics\Py\python.exe -m pip install --upgrade pip
Saved to Z:\HTOC\Data_Analytics\Data\OpDiv_Predictions\Full Daily Reports\full_daily_report_20251118.csv

[notice] A new release of pip available: 22.3.1 -> 25.3
[notice] To update, run: \\10.1.4.22\data\HTOC\Data_Analytics\Py\python.exe -m pip install --upgrade pip
Saved to Z:\HTOC\Data_Analytics\Data\OpDiv_Predictions\Full Daily Reports\full_daily_report_20251119.csv

[notice] A new release of pip available: 22.3.1 -> 25.3
[notice] To update, run: \\10.1.4.22\data\HTOC\Data_Analytics\Py\python.exe -m pip install --upgrade pip
Saved to Z:\HTOC\Data_Analytics\Data\OpDiv_Predictions\Full Daily Reports\full_daily_report_20251120.csv

[notice] A new release of pip available: 22.3.1 -> 25.3
[notice] To update, run: \\10.1.4.22\data\HTOC\Data_Analytics\Py\python.exe -m pip install --upgrade pip
Saved to Z:\HTOC\Data_Analytics\Data\OpDiv_Predictions\Full Daily Reports\full_daily_report_20251121.csv

[notice] A new release of pip available: 22.3.1 -> 25.3
[notice] To update, run: \\10.1.4.22\data\HTOC\Data_Analytics\Py\python.exe -m pip install --upgrade pip
Saved to Z:\HTOC\Data_Analytics\Data\OpDiv_Predictions\Full Daily Reports\full_daily_report_20251122.csv

[notice] A new release of pip available: 22.3.1 -> 25.3
[notice] To update, run: \\10.1.4.22\data\HTOC\Data_Analytics\Py\python.exe -m pip install --upgrade pip
Saved to Z:\HTOC\Data_Analytics\Data\OpDiv_Predictions\Full Daily Reports\full_daily_report_20251123.csv

[notice] A new release of pip available: 22.3.1 -> 25.3
[notice] To update, run: \\10.1.4.22\data\HTOC\Data_Analytics\Py\python.exe -m pip install --upgrade pip
Saved to Z:\HTOC\Data_Analytics\Data\OpDiv_Predictions\Full Daily Reports\full_daily_report_20251124.csv

[notice] A new release of pip available: 22.3.1 -> 25.3
[notice] To update, run: \\10.1.4.22\data\HTOC\Data_Analytics\Py\python.exe -m pip install --upgrade pip
Saved to Z:\HTOC\Data_Analytics\Data\OpDiv_Predictions\Full Daily Reports\full_daily_report_20251125.csv

[notice] A new release of pip available: 22.3.1 -> 25.3
[notice] To update, run: \\10.1.4.22\data\HTOC\Data_Analytics\Py\python.exe -m pip install --upgrade pip
Saved to Z:\HTOC\Data_Analytics\Data\OpDiv_Predictions\Full Daily Reports\full_daily_report_20251126.csv

[notice] A new release of pip available: 22.3.1 -> 25.3
[notice] To update, run: \\10.1.4.22\data\HTOC\Data_Analytics\Py\python.exe -m pip install --upgrade pip
Saved to Z:\HTOC\Data_Analytics\Data\OpDiv_Predictions\Full Daily Reports\full_daily_report_20251127.csv

[notice] A new release of pip available: 22.3.1 -> 25.3
[notice] To update, run: \\10.1.4.22\data\HTOC\Data_Analytics\Py\python.exe -m pip install --upgrade pip
Saved to Z:\HTOC\Data_Analytics\Data\OpDiv_Predictions\Full Daily Reports\full_daily_report_20251128.csv

[notice] A new release of pip available: 22.3.1 -> 25.3
[notice] To update, run: \\10.1.4.22\data\HTOC\Data_Analytics\Py\python.exe -m pip install --upgrade pip
Saved to Z:\HTOC\Data_Analytics\Data\OpDiv_Predictions\Full Daily Reports\full_daily_report_20251129.csv

[notice] A new release of pip available: 22.3.1 -> 25.3
[notice] To update, run: \\10.1.4.22\data\HTOC\Data_Analytics\Py\python.exe -m pip install --upgrade pip
Saved to Z:\HTOC\Data_Analytics\Data\OpDiv_Predictions\Full Daily Reports\full_daily_report_20251130.csv

[notice] A new release of pip available: 22.3.1 -> 25.3
[notice] To update, run: \\10.1.4.22\data\HTOC\Data_Analytics\Py\python.exe -m pip install --upgrade pip
Saved to Z:\HTOC\Data_Analytics\Data\OpDiv_Predictions\Full Daily Reports\full_daily_report_20251201.csv

[notice] A new release of pip available: 22.3.1 -> 25.3
[notice] To update, run: \\10.1.4.22\data\HTOC\Data_Analytics\Py\python.exe -m pip install --upgrade pip
Saved to Z:\HTOC\Data_Analytics\Data\OpDiv_Predictions\Full Daily Reports\full_daily_report_20251202.csv

[notice] A new release of pip available: 22.3.1 -> 25.3
[notice] To update, run: \\10.1.4.22\data\HTOC\Data_Analytics\Py\python.exe -m pip install --upgrade pip
Saved to Z:\HTOC\Data_Analytics\Data\OpDiv_Predictions\Full Daily Reports\full_daily_report_20251203.csv

[notice] A new release of pip available: 22.3.1 -> 25.3
[notice] To update, run: \\10.1.4.22\data\HTOC\Data_Analytics\Py\python.exe -m pip install --upgrade pip
No CSV files found for today.
No data to save.

[notice] A new release of pip available: 22.3.1 -> 25.3
[notice] To update, run: \\10.1.4.22\data\HTOC\Data_Analytics\Py\python.exe -m pip install --upgrade pip
Saved to Z:\HTOC\Data_Analytics\Data\OpDiv_Predictions\Full Daily Reports\full_daily_report_20251205.csv

[notice] A new release of pip available: 22.3.1 -> 25.3
[notice] To update, run: \\10.1.4.22\data\HTOC\Data_Analytics\Py\python.exe -m pip install --upgrade pip
Saved to Z:\HTOC\Data_Analytics\Data\OpDiv_Predictions\Full Daily Reports\full_daily_report_20251206.csv

[notice] A new release of pip available: 22.3.1 -> 25.3
[notice] To update, run: \\10.1.4.22\data\HTOC\Data_Analytics\Py\python.exe -m pip install --upgrade pip
Saved to Z:\HTOC\Data_Analytics\Data\OpDiv_Predictions\Full Daily Reports\full_daily_report_20251207.csv

[notice] A new release of pip available: 22.3.1 -> 25.3
[notice] To update, run: \\10.1.4.22\data\HTOC\Data_Analytics\Py\python.exe -m pip install --upgrade pip
Saved to Z:\HTOC\Data_Analytics\Data\OpDiv_Predictions\Full Daily Reports\full_daily_report_20251208.csv

[notice] A new release of pip available: 22.3.1 -> 25.3
[notice] To update, run: \\10.1.4.22\data\HTOC\Data_Analytics\Py\python.exe -m pip install --upgrade pip
Saved to Z:\HTOC\Data_Analytics\Data\OpDiv_Predictions\Full Daily Reports\full_daily_report_20251209.csv

[notice] A new release of pip available: 22.3.1 -> 25.3
[notice] To update, run: \\10.1.4.22\data\HTOC\Data_Analytics\Py\python.exe -m pip install --upgrade pip
Saved to Z:\HTOC\Data_Analytics\Data\OpDiv_Predictions\Full Daily Reports\full_daily_report_20251210.csv

[notice] A new release of pip available: 22.3.1 -> 25.3
[notice] To update, run: \\10.1.4.22\data\HTOC\Data_Analytics\Py\python.exe -m pip install --upgrade pip
Saved to Z:\HTOC\Data_Analytics\Data\OpDiv_Predictions\Full Daily Reports\full_daily_report_20251211.csv

[notice] A new release of pip available: 22.3.1 -> 25.3
[notice] To update, run: \\10.1.4.22\data\HTOC\Data_Analytics\Py\python.exe -m pip install --upgrade pip
Saved to Z:\HTOC\Data_Analytics\Data\OpDiv_Predictions\Full Daily Reports\full_daily_report_20251212.csv

[notice] A new release of pip available: 22.3.1 -> 25.3
[notice] To update, run: \\10.1.4.22\data\HTOC\Data_Analytics\Py\python.exe -m pip install --upgrade pip
Saved to Z:\HTOC\Data_Analytics\Data\OpDiv_Predictions\Full Daily Reports\full_daily_report_20251213.csv

[notice] A new release of pip available: 22.3.1 -> 25.3
[notice] To update, run: \\10.1.4.22\data\HTOC\Data_Analytics\Py\python.exe -m pip install --upgrade pip
Saved to Z:\HTOC\Data_Analytics\Data\OpDiv_Predictions\Full Daily Reports\full_daily_report_20251214.csv

[notice] A new release of pip available: 22.3.1 -> 25.3
[notice] To update, run: \\10.1.4.22\data\HTOC\Data_Analytics\Py\python.exe -m pip install --upgrade pip
Saved to Z:\HTOC\Data_Analytics\Data\OpDiv_Predictions\Full Daily Reports\full_daily_report_20251215.csv

[notice] A new release of pip available: 22.3.1 -> 25.3
[notice] To update, run: \\10.1.4.22\data\HTOC\Data_Analytics\Py\python.exe -m pip install --upgrade pip
Saved to Z:\HTOC\Data_Analytics\Data\OpDiv_Predictions\Full Daily Reports\full_daily_report_20251216.csv

[notice] A new release of pip available: 22.3.1 -> 25.3
[notice] To update, run: \\10.1.4.22\data\HTOC\Data_Analytics\Py\python.exe -m pip install --upgrade pip
Saved to Z:\HTOC\Data_Analytics\Data\OpDiv_Predictions\Full Daily Reports\full_daily_report_20251217.csv

[notice] A new release of pip available: 22.3.1 -> 25.3
[notice] To update, run: \\10.1.4.22\data\HTOC\Data_Analytics\Py\python.exe -m pip install --upgrade pip
Saved to Z:\HTOC\Data_Analytics\Data\OpDiv_Predictions\Full Daily Reports\full_daily_report_20251218.csv

[notice] A new release of pip available: 22.3.1 -> 25.3
[notice] To update, run: \\10.1.4.22\data\HTOC\Data_Analytics\Py\python.exe -m pip install --upgrade pip
Saved to Z:\HTOC\Data_Analytics\Data\OpDiv_Predictions\Full Daily Reports\full_daily_report_20251219.csv

[notice] A new release of pip available: 22.3.1 -> 25.3
[notice] To update, run: \\10.1.4.22\data\HTOC\Data_Analytics\Py\python.exe -m pip install --upgrade pip
Saved to Z:\HTOC\Data_Analytics\Data\OpDiv_Predictions\Full Daily Reports\full_daily_report_20251220.csv

[notice] A new release of pip available: 22.3.1 -> 25.3
[notice] To update, run: \\10.1.4.22\data\HTOC\Data_Analytics\Py\python.exe -m pip install --upgrade pip
No CSV files found for today.
No data to save.

[notice] A new release of pip available: 22.3.1 -> 25.3
[notice] To update, run: \\10.1.4.22\data\HTOC\Data_Analytics\Py\python.exe -m pip install --upgrade pip
No CSV files found for today.
No data to save.
ERROR: Wheel 'numpy' located at C:\Users\jaskew\AppData\Local\Temp\pip-unpack-gnysr9gk\numpy-2.4.0-cp311-cp311-win_amd64.whl is invalid.
WARNING: There was an error checking the latest version of pip.
Saved to Z:\HTOC\Data_Analytics\Data\OpDiv_Predictions\Full Daily Reports\full_daily_report_20251222.csv

[notice] A new release of pip is available: 25.2 -> 25.3
[notice] To update, run: C:\Program Files\Python313\python.exe -m pip install --upgrade pip
File already exists: Z:\HTOC\Data_Analytics\Data\OpDiv_Predictions\Full Daily Reports\full_daily_report_20251222.csv

[notice] A new release of pip is available: 25.2 -> 25.3
[notice] To update, run: C:\Program Files\Python313\python.exe -m pip install --upgrade pip
Saved to Z:\HTOC\Data_Analytics\Data\OpDiv_Predictions\Full Daily Reports\full_daily_report_20251222.csv

[notice] A new release of pip is available: 25.2 -> 25.3
[notice] To update, run: C:\Program Files\Python313\python.exe -m pip install --upgrade pip
Saved to Z:\HTOC\Data_Analytics\Data\OpDiv_Predictions\Full Daily Reports\full_daily_report_20251223.csv

[notice] A new release of pip is available: 25.2 -> 25.3
[notice] To update, run: C:\Program Files\Python313\python.exe -m pip install --upgrade pip
Saved to Z:\HTOC\Data_Analytics\Data\OpDiv_Predictions\Full Daily Reports\full_daily_report_20251224.csv

[notice] A new release of pip is available: 25.2 -> 25.3
[notice] To update, run: C:\Program Files\Python313\python.exe -m pip install --upgrade pip
Saved to Z:\HTOC\Data_Analytics\Data\OpDiv_Predictions\Full Daily Reports\full_daily_report_20251225.csv

[notice] A new release of pip is available: 25.2 -> 25.3
[notice] To update, run: C:\Program Files\Python313\python.exe -m pip install --upgrade pip
Saved to Z:\HTOC\Data_Analytics\Data\OpDiv_Predictions\Full Daily Reports\full_daily_report_20251226.csv

[notice] A new release of pip is available: 25.2 -> 25.3
[notice] To update, run: C:\Program Files\Python313\python.exe -m pip install --upgrade pip
Saved to Z:\HTOC\Data_Analytics\Data\OpDiv_Predictions\Full Daily Reports\full_daily_report_20251227.csv

[notice] A new release of pip is available: 25.2 -> 25.3
[notice] To update, run: C:\Program Files\Python313\python.exe -m pip install --upgrade pip
Saved to Z:\HTOC\Data_Analytics\Data\OpDiv_Predictions\Full Daily Reports\full_daily_report_20251228.csv

[notice] A new release of pip is available: 25.2 -> 25.3
[notice] To update, run: C:\Program Files\Python313\python.exe -m pip install --upgrade pip
Saved to Z:\HTOC\Data_Analytics\Data\OpDiv_Predictions\Full Daily Reports\full_daily_report_20251229.csv

[notice] A new release of pip is available: 25.2 -> 25.3
[notice] To update, run: C:\Program Files\Python313\python.exe -m pip install --upgrade pip
Saved to Z:\HTOC\Data_Analytics\Data\OpDiv_Predictions\Full Daily Reports\full_daily_report_20251230.csv

[notice] A new release of pip is available: 25.2 -> 25.3
[notice] To update, run: C:\Program Files\Python313\python.exe -m pip install --upgrade pip
Saved to Z:\HTOC\Data_Analytics\Data\OpDiv_Predictions\Full Daily Reports\full_daily_report_20251231.csv

[notice] A new release of pip is available: 25.2 -> 25.3
[notice] To update, run: C:\Program Files\Python313\python.exe -m pip install --upgrade pip
Saved to Z:\HTOC\Data_Analytics\Data\OpDiv_Predictions\Full Daily Reports\full_daily_report_20260101.csv

[notice] A new release of pip is available: 25.2 -> 25.3
[notice] To update, run: C:\Program Files\Python313\python.exe -m pip install --upgrade pip
Saved to Z:\HTOC\Data_Analytics\Data\OpDiv_Predictions\Full Daily Reports\full_daily_report_20260102.csv

[notice] A new release of pip is available: 25.2 -> 25.3
[notice] To update, run: C:\Program Files\Python313\python.exe -m pip install --upgrade pip
Saved to Z:\HTOC\Data_Analytics\Data\OpDiv_Predictions\Full Daily Reports\full_daily_report_20260103.csv

[notice] A new release of pip is available: 25.2 -> 25.3
[notice] To update, run: C:\Program Files\Python313\python.exe -m pip install --upgrade pip
Saved to Z:\HTOC\Data_Analytics\Data\OpDiv_Predictions\Full Daily Reports\full_daily_report_20260104.csv

[notice] A new release of pip is available: 25.2 -> 25.3
[notice] To update, run: C:\Program Files\Python313\python.exe -m pip install --upgrade pip
Saved to Z:\HTOC\Data_Analytics\Data\OpDiv_Predictions\Full Daily Reports\full_daily_report_20260105.csv

[notice] A new release of pip is available: 25.2 -> 25.3
[notice] To update, run: C:\Program Files\Python313\python.exe -m pip install --upgrade pip
Saved to Z:\HTOC\Data_Analytics\Data\OpDiv_Predictions\Full Daily Reports\full_daily_report_20260106.csv

[notice] A new release of pip is available: 25.2 -> 25.3
[notice] To update, run: C:\Program Files\Python313\python.exe -m pip install --upgrade pip
Saved to Z:\HTOC\Data_Analytics\Data\OpDiv_Predictions\Full Daily Reports\full_daily_report_20260107.csv

[notice] A new release of pip is available: 25.2 -> 25.3
[notice] To update, run: C:\Program Files\Python313\python.exe -m pip install --upgrade pip
Saved to Z:\HTOC\Data_Analytics\Data\OpDiv_Predictions\Full Daily Reports\full_daily_report_20260108.csv

[notice] A new release of pip is available: 25.2 -> 25.3
[notice] To update, run: C:\Program Files\Python313\python.exe -m pip install --upgrade pip
Saved to Z:\HTOC\Data_Analytics\Data\OpDiv_Predictions\Full Daily Reports\full_daily_report_20260109.csv

[notice] A new release of pip is available: 25.2 -> 25.3
[notice] To update, run: C:\Program Files\Python313\python.exe -m pip install --upgrade pip
Saved to Z:\HTOC\Data_Analytics\Data\OpDiv_Predictions\Full Daily Reports\full_daily_report_20260110.csv

[notice] A new release of pip is available: 25.2 -> 25.3
[notice] To update, run: C:\Program Files\Python313\python.exe -m pip install --upgrade pip
Saved to Z:\HTOC\Data_Analytics\Data\OpDiv_Predictions\Full Daily Reports\full_daily_report_20260111.csv

[notice] A new release of pip is available: 25.2 -> 25.3
[notice] To update, run: C:\Program Files\Python313\python.exe -m pip install --upgrade pip
Saved to Z:\HTOC\Data_Analytics\Data\OpDiv_Predictions\Full Daily Reports\full_daily_report_20260112.csv

[notice] A new release of pip is available: 25.2 -> 25.3
[notice] To update, run: C:\Program Files\Python313\python.exe -m pip install --upgrade pip
Saved to Z:\HTOC\Data_Analytics\Data\OpDiv_Predictions\Full Daily Reports\full_daily_report_20260113.csv

[notice] A new release of pip is available: 25.2 -> 25.3
[notice] To update, run: C:\Program Files\Python313\python.exe -m pip install --upgrade pip
Saved to Z:\HTOC\Data_Analytics\Data\OpDiv_Predictions\Full Daily Reports\full_daily_report_20260114.csv

[notice] A new release of pip is available: 25.2 -> 25.3
[notice] To update, run: C:\Program Files\Python313\python.exe -m pip install --upgrade pip
Saved to Z:\HTOC\Data_Analytics\Data\OpDiv_Predictions\Full Daily Reports\full_daily_report_20260115.csv

[notice] A new release of pip is available: 25.2 -> 25.3
[notice] To update, run: C:\Program Files\Python313\python.exe -m pip install --upgrade pip
Saved to Z:\HTOC\Data_Analytics\Data\OpDiv_Predictions\Full Daily Reports\full_daily_report_20260116.csv

[notice] A new release of pip is available: 25.2 -> 25.3
[notice] To update, run: C:\Program Files\Python313\python.exe -m pip install --upgrade pip
Saved to Z:\HTOC\Data_Analytics\Data\OpDiv_Predictions\Full Daily Reports\full_daily_report_20260117.csv

[notice] A new release of pip is available: 25.2 -> 25.3
[notice] To update, run: C:\Program Files\Python313\python.exe -m pip install --upgrade pip
Saved to Z:\HTOC\Data_Analytics\Data\OpDiv_Predictions\Full Daily Reports\full_daily_report_20260118.csv

[notice] A new release of pip is available: 25.2 -> 25.3
[notice] To update, run: C:\Program Files\Python313\python.exe -m pip install --upgrade pip
Saved to Z:\HTOC\Data_Analytics\Data\OpDiv_Predictions\Full Daily Reports\full_daily_report_20260119.csv

[notice] A new release of pip is available: 25.2 -> 25.3
[notice] To update, run: C:\Program Files\Python313\python.exe -m pip install --upgrade pip
Saved to Z:\HTOC\Data_Analytics\Data\OpDiv_Predictions\Full Daily Reports\full_daily_report_20260120.csv

[notice] A new release of pip is available: 25.2 -> 25.3
[notice] To update, run: C:\Program Files\Python313\python.exe -m pip install --upgrade pip
Saved to Z:\HTOC\Data_Analytics\Data\OpDiv_Predictions\Full Daily Reports\full_daily_report_20260121.csv

[notice] A new release of pip is available: 25.2 -> 25.3
[notice] To update, run: C:\Program Files\Python313\python.exe -m pip install --upgrade pip
Saved to Z:\HTOC\Data_Analytics\Data\OpDiv_Predictions\Full Daily Reports\full_daily_report_20260122.csv

[notice] A new release of pip is available: 25.2 -> 25.3
[notice] To update, run: C:\Program Files\Python313\python.exe -m pip install --upgrade pip
Saved to Z:\HTOC\Data_Analytics\Data\OpDiv_Predictions\Full Daily Reports\full_daily_report_20260123.csv

[notice] A new release of pip is available: 25.2 -> 25.3
[notice] To update, run: C:\Program Files\Python313\python.exe -m pip install --upgrade pip
Saved to Z:\HTOC\Data_Analytics\Data\OpDiv_Predictions\Full Daily Reports\full_daily_report_20260124.csv

[notice] A new release of pip is available: 25.2 -> 25.3
[notice] To update, run: C:\Program Files\Python313\python.exe -m pip install --upgrade pip
Saved to Z:\HTOC\Data_Analytics\Data\OpDiv_Predictions\Full Daily Reports\full_daily_report_20260125.csv

[notice] A new release of pip is available: 25.2 -> 25.3
[notice] To update, run: C:\Program Files\Python313\python.exe -m pip install --upgrade pip
Saved to Z:\HTOC\Data_Analytics\Data\OpDiv_Predictions\Full Daily Reports\full_daily_report_20260126.csv

[notice] A new release of pip is available: 25.2 -> 25.3
[notice] To update, run: C:\Program Files\Python313\python.exe -m pip install --upgrade pip
Saved to Z:\HTOC\Data_Analytics\Data\OpDiv_Predictions\Full Daily Reports\full_daily_report_20260127.csv

[notice] A new release of pip is available: 25.2 -> 25.3
[notice] To update, run: C:\Program Files\Python313\python.exe -m pip install --upgrade pip
Saved to Z:\HTOC\Data_Analytics\Data\OpDiv_Predictions\Full Daily Reports\full_daily_report_20260128.csv

[notice] A new release of pip is available: 25.2 -> 25.3
[notice] To update, run: C:\Program Files\Python313\python.exe -m pip install --upgrade pip
Saved to Z:\HTOC\Data_Analytics\Data\OpDiv_Predictions\Full Daily Reports\full_daily_report_20260129.csv

[notice] A new release of pip is available: 25.2 -> 25.3
[notice] To update, run: C:\Program Files\Python313\python.exe -m pip install --upgrade pip
Saved to Z:\HTOC\Data_Analytics\Data\OpDiv_Predictions\Full Daily Reports\full_daily_report_20260130.csv

[notice] A new release of pip is available: 25.2 -> 25.3
[notice] To update, run: C:\Program Files\Python313\python.exe -m pip install --upgrade pip
Saved to Z:\HTOC\Data_Analytics\Data\OpDiv_Predictions\Full Daily Reports\full_daily_report_20260131.csv

[notice] A new release of pip is available: 25.2 -> 25.3
[notice] To update, run: C:\Program Files\Python313\python.exe -m pip install --upgrade pip
Saved to Z:\HTOC\Data_Analytics\Data\OpDiv_Predictions\Full Daily Reports\full_daily_report_20260201.csv

[notice] A new release of pip is available: 25.2 -> 25.3
[notice] To update, run: C:\Program Files\Python313\python.exe -m pip install --upgrade pip
Saved to Z:\HTOC\Data_Analytics\Data\OpDiv_Predictions\Full Daily Reports\full_daily_report_20260202.csv

[notice] A new release of pip is available: 25.2 -> 25.3
[notice] To update, run: C:\Program Files\Python313\python.exe -m pip install --upgrade pip
Saved to Z:\HTOC\Data_Analytics\Data\OpDiv_Predictions\Full Daily Reports\full_daily_report_20260203.csv

[notice] A new release of pip is available: 25.2 -> 25.3
[notice] To update, run: C:\Program Files\Python313\python.exe -m pip install --upgrade pip
Saved to Z:\HTOC\Data_Analytics\Data\OpDiv_Predictions\Full Daily Reports\full_daily_report_20260204.csv

[notice] A new release of pip is available: 25.2 -> 25.3
[notice] To update, run: C:\Program Files\Python313\python.exe -m pip install --upgrade pip
Saved to Z:\HTOC\Data_Analytics\Data\OpDiv_Predictions\Full Daily Reports\full_daily_report_20260205.csv

[notice] A new release of pip is available: 25.2 -> 26.0.1
[notice] To update, run: C:\Program Files\Python313\python.exe -m pip install --upgrade pip
Saved to Z:\HTOC\Data_Analytics\Data\OpDiv_Predictions\Full Daily Reports\full_daily_report_20260206.csv

[notice] A new release of pip is available: 25.2 -> 26.0.1
[notice] To update, run: C:\Program Files\Python313\python.exe -m pip install --upgrade pip
Saved to Z:\HTOC\Data_Analytics\Data\OpDiv_Predictions\Full Daily Reports\full_daily_report_20260207.csv

[notice] A new release of pip is available: 25.2 -> 26.0.1
[notice] To update, run: C:\Program Files\Python313\python.exe -m pip install --upgrade pip
Saved to Z:\HTOC\Data_Analytics\Data\OpDiv_Predictions\Full Daily Reports\full_daily_report_20260208.csv

[notice] A new release of pip is available: 25.2 -> 26.0.1
[notice] To update, run: C:\Program Files\Python313\python.exe -m pip install --upgrade pip
Saved to Z:\HTOC\Data_Analytics\Data\OpDiv_Predictions\Full Daily Reports\full_daily_report_20260209.csv

[notice] A new release of pip is available: 25.2 -> 26.0.1
[notice] To update, run: C:\Program Files\Python313\python.exe -m pip install --upgrade pip
Saved to Z:\HTOC\Data_Analytics\Data\OpDiv_Predictions\Full Daily Reports\full_daily_report_20260210.csv

[notice] A new release of pip is available: 25.2 -> 26.0.1
[notice] To update, run: C:\Program Files\Python313\python.exe -m pip install --upgrade pip
Saved to Z:\HTOC\Data_Analytics\Data\OpDiv_Predictions\Full Daily Reports\full_daily_report_20260211.csv

[notice] A new release of pip is available: 25.2 -> 26.0.1
[notice] To update, run: C:\Program Files\Python313\python.exe -m pip install --upgrade pip
Saved to Z:\HTOC\Data_Analytics\Data\OpDiv_Predictions\Full Daily Reports\full_daily_report_20260212.csv

[notice] A new release of pip is available: 25.2 -> 26.0.1
[notice] To update, run: C:\Program Files\Python313\python.exe -m pip install --upgrade pip
No CSV files found for today.
No data to save.

[notice] A new release of pip is available: 25.2 -> 26.0.1
[notice] To update, run: C:\Program Files\Python313\python.exe -m pip install --upgrade pip
No CSV files found for today.
No data to save.

[notice] A new release of pip is available: 25.2 -> 26.0.1
[notice] To update, run: C:\Program Files\Python313\python.exe -m pip install --upgrade pip
No CSV files found for today.
No data to save.

[notice] A new release of pip is available: 25.2 -> 26.0.1
[notice] To update, run: C:\Program Files\Python313\python.exe -m pip install --upgrade pip
No CSV files found for today.
No data to save.

[notice] A new release of pip is available: 25.2 -> 26.0.1
[notice] To update, run: C:\Program Files\Python313\python.exe -m pip install --upgrade pip
No CSV files found for today.
No data to save.

[notice] A new release of pip is available: 25.2 -> 26.0.1
[notice] To update, run: C:\Program Files\Python313\python.exe -m pip install --upgrade pip
Saved to Z:\HTOC\Data_Analytics\Data\OpDiv_Predictions\Full Daily Reports\full_daily_report_20260219.csv

[notice] A new release of pip is available: 25.2 -> 26.0.1
[notice] To update, run: C:\Program Files\Python313\python.exe -m pip install --upgrade pip
Saved to Z:\HTOC\Data_Analytics\Data\OpDiv_Predictions\Full Daily Reports\full_daily_report_20260220.csv

[notice] A new release of pip is available: 25.2 -> 26.0.1
[notice] To update, run: C:\Program Files\Python313\python.exe -m pip install --upgrade pip
Saved to Z:\HTOC\Data_Analytics\Data\OpDiv_Predictions\Full Daily Reports\full_daily_report_20260221.csv

[notice] A new release of pip is available: 25.2 -> 26.0.1
[notice] To update, run: C:\Program Files\Python313\python.exe -m pip install --upgrade pip
Saved to Z:\HTOC\Data_Analytics\Data\OpDiv_Predictions\Full Daily Reports\full_daily_report_20260222.csv

[notice] A new release of pip is available: 25.2 -> 26.0.1
[notice] To update, run: C:\Program Files\Python313\python.exe -m pip install --upgrade pip
Saved to Z:\HTOC\Data_Analytics\Data\OpDiv_Predictions\Full Daily Reports\full_daily_report_20260223.csv

[notice] A new release of pip is available: 25.2 -> 26.0.1
[notice] To update, run: C:\Program Files\Python313\python.exe -m pip install --upgrade pip
Saved to Z:\HTOC\Data_Analytics\Data\OpDiv_Predictions\Full Daily Reports\full_daily_report_20260225.csv

[notice] A new release of pip is available: 25.2 -> 26.0.1
[notice] To update, run: C:\Program Files\Python313\python.exe -m pip install --upgrade pip
File already exists: Z:\HTOC\Data_Analytics\Data\OpDiv_Predictions\Full Daily Reports\full_daily_report_20260225.csv
