[Fri 04/17/2026  7:00:04.34] Starting ThreatScoreIW...
[Fri 04/17/2026  7:00:04.34] Log file: "H:\HTOC\notebooks\ThreatAssessment Scoring\ThreatScoreIW\logs\threatscoreiw_20260417_070004.log"
[Fri 04/17/2026  7:00:04.38] Installing required packages...
[Fri 04/17/2026  7:00:04.39] Attempting install from wheelhouse
Looking in links: z:\HTOC\JA\wheelhouse
Requirement already satisfied: pandas in c:\users\jaskew\appdata\roaming\python\python313\site-packages (2.3.0)
Requirement already satisfied: openpyxl in c:\users\jaskew\appdata\roaming\python\python313\site-packages (3.1.5)
Requirement already satisfied: requests in c:\users\jaskew\appdata\roaming\python\python313\site-packages (2.32.4)
Requirement already satisfied: urllib3 in c:\users\jaskew\appdata\roaming\python\python313\site-packages (2.5.0)
Requirement already satisfied: pytz in c:\users\jaskew\appdata\roaming\python\python313\site-packages (2025.2)
Requirement already satisfied: numpy>=1.26.0 in c:\users\jaskew\appdata\roaming\python\python313\site-packages (from pandas) (2.3.1)
Requirement already satisfied: python-dateutil>=2.8.2 in c:\users\jaskew\appdata\roaming\python\python313\site-packages (from pandas) (2.9.0.post0)
Requirement already satisfied: tzdata>=2022.7 in c:\users\jaskew\appdata\roaming\python\python313\site-packages (from pandas) (2025.2)
Requirement already satisfied: et-xmlfile in c:\users\jaskew\appdata\roaming\python\python313\site-packages (from openpyxl) (2.0.0)
Requirement already satisfied: charset_normalizer<4,>=2 in c:\users\jaskew\appdata\roaming\python\python313\site-packages (from requests) (3.4.2)
Requirement already satisfied: idna<4,>=2.5 in c:\users\jaskew\appdata\roaming\python\python313\site-packages (from requests) (3.10)
Requirement already satisfied: certifi>=2017.4.17 in c:\users\jaskew\appdata\roaming\python\python313\site-packages (from requests) (2025.6.15)
Requirement already satisfied: six>=1.5 in c:\users\jaskew\appdata\roaming\python\python313\site-packages (from python-dateutil>=2.8.2->pandas) (1.17.0)
[Fri 04/17/2026  7:00:04.39] SUCCESS: Packages installed from wheelhouse
[Fri 04/17/2026  7:00:11.42] Executing ThreatScoreIW script...
2026-04-17 07:00:16,339 | INFO | ThreatScoreIW | Loaded config from: H:\HTOC\scripts\Data Movement\ThrearConnect-api-pull\utils\config.json
2026-04-17 07:00:16,340 | INFO | ThreatScoreIW | Base URL: https://hvs.threatconnect.com/api
2026-04-17 07:00:16,341 | INFO | ThreatScoreIW | Access ID: ****************0382
2026-04-17 07:00:16,341 | INFO | ThreatScoreIW | Default Org: HTOC Org
2026-04-17 07:00:16,342 | INFO | ThreatScoreIW | SSL verification disabled: True
2026-04-17 07:00:16,343 | INFO | ThreatScoreIW | ThreatConnect initialized.
2026-04-17 07:00:16,343 | INFO | ThreatScoreIW | RequestObject successfully created (owner=HTOC Org).
2026-04-17 07:00:17,603 | INFO | ThreatScoreIW | Querying indicators (QUERY_LOOKBACK_DAYS=2) starting 2026-04-15T00:00:00Z
2026-04-17 07:00:21,066 | INFO | ThreatScoreIW | Fetched 500 indicators (resultStart=0).
2026-04-17 07:00:24,376 | INFO | ThreatScoreIW | Fetched 500 indicators (resultStart=500).
2026-04-17 07:00:26,599 | INFO | ThreatScoreIW | Fetched 414 indicators (resultStart=1000).
2026-04-17 07:00:26,801 | INFO | ThreatScoreIW | Indicator query complete (pages=3).
2026-04-17 07:00:26,805 | INFO | ThreatScoreIW | Normalizing 1414 indicator records.
2026-04-17 07:00:26,915 | INFO | ThreatScoreIW | Threat assess filter (1–5 rating>=3, confidence>=50) coalescing ('threatAssessRating', 'threatAssess.threatAssessRating') / ('threatAssessConfidence', 'threatAssess.threatAssessConfidence') (+ `rating` when TA value is 0–1 normalized): 884 -> 207 rows.
2026-04-17 07:00:26,916 | INFO | ThreatScoreIW | observed_src ready (rows=207, cols=35).
2026-04-17 07:00:26,916 | INFO | ThreatScoreIW | Reading Excel scores: Z:\HTOC\Data_Analytics\Data\Threat Assessment Scores\Threat_Assessment_Scores.xlsx
2026-04-17 07:00:28,796 | INFO | ThreatScoreIW | Loaded df (rows=3773, cols=16).
2026-04-17 07:00:28,799 | INFO | ThreatScoreIW | Filtered df by observed_src indicators: 3773 -> 203 rows.
2026-04-17 07:00:28,817 | INFO | ThreatScoreIW | Last Observed filter (ThreatConnect only, >= 2026-04-15 00:00:00+00:00): 203 -> 203 rows.
2026-04-17 07:00:28,820 | INFO | ThreatScoreIW | Updated 'Last Observed' from observed_src.lastObserved (unique indicators=203).
H:\HTOC\notebooks\ThreatAssessment Scoring\ThreatScoreIW\ThreatScoreIW.py:423: DeprecationWarning: datetime.datetime.utcnow() is deprecated and scheduled for removal in a future version. Use timezone-aware objects to represent datetimes in UTC: datetime.datetime.now(datetime.UTC).
  today = datetime.utcnow()
2026-04-17 07:00:28,945 | INFO | ThreatScoreIW | OpDiv files to load: ['Z:/HTOC/Data_Analytics/Data/OpDiv_Observations/htoc_opdiv_obs_d20260417.csv', 'Z:/HTOC/Data_Analytics/Data/OpDiv_Observations/htoc_opdiv_obs_d20260416.csv']
2026-04-17 07:00:29,017 | INFO | ThreatScoreIW | Loaded OpDiv observations from 2 file(s), 5195 rows.
2026-04-17 07:00:29,065 | INFO | ThreatScoreIW | Multi-partner (2+ OpDiv) rows: 140
2026-04-17 07:00:29,067 | INFO | ThreatScoreIW | VT>=14 filter: 10 rows.
2026-04-17 07:00:29,069 | INFO | ThreatScoreIW | final_indicators (high/critical): 10 rows.
2026-04-17 07:00:29,340 | INFO | ThreatScoreIW | Writing Excel output: Z:\HTOC\Data_Analytics\Data\Threat Assessment Scores\ThreatAssessI_W\ThreatAssessI_W_20260417.xlsx
2026-04-17 07:00:29,431 | INFO | ThreatScoreIW | Excel write succeeded (total=10, I&W No=9, I&W Yes=1).
[Fri 04/17/2026  7:00:29.91] SUCCESS: ThreatScoreIW completed successfully
[Fri 04/17/2026  7:00:29.91] SUCCESS: Excel file found: Z:\HTOC\Data_Analytics\Data\Threat Assessment Scores\ThreatAssessI_W\ThreatAssessI_W_20260417.xlsx
[Fri 04/17/2026  7:00:29.95] Batch script completed successfully
