[Tue 04/14/2026  9:59:23.78] Starting ThreatScoreIW...
[Tue 04/14/2026  9:59:24.23] Log file: "H:\HTOC\notebooks\ThreatAssessment Scoring\ThreatScoreIW\logs\threatscoreiw_20260414_095922.log"
[Tue 04/14/2026  9:59:27.63] Installing required packages...
[Tue 04/14/2026  9:59:28.36] Attempting install from wheelhouse
Looking in links: z:\HTOC\JA\wheelhouse
Requirement already satisfied: pandas in c:\users\jaskew\appdata\roaming\python\python313\site-packages (2.3.3)
Requirement already satisfied: openpyxl in c:\users\jaskew\appdata\roaming\python\python313\site-packages (3.1.5)
Requirement already satisfied: requests in c:\users\jaskew\appdata\roaming\python\python313\site-packages (2.33.1)
Requirement already satisfied: urllib3 in c:\users\jaskew\appdata\roaming\python\python313\site-packages (2.6.3)
Requirement already satisfied: pytz in c:\users\jaskew\appdata\roaming\python\python313\site-packages (2026.1.post1)
Requirement already satisfied: numpy>=1.26.0 in c:\users\jaskew\appdata\roaming\python\python313\site-packages (from pandas) (2.4.4)
Requirement already satisfied: python-dateutil>=2.8.2 in c:\users\jaskew\appdata\roaming\python\python313\site-packages (from pandas) (2.9.0.post0)
Requirement already satisfied: tzdata>=2022.7 in c:\users\jaskew\appdata\roaming\python\python313\site-packages (from pandas) (2025.3)
Requirement already satisfied: et-xmlfile in c:\users\jaskew\appdata\roaming\python\python313\site-packages (from openpyxl) (2.0.0)
Requirement already satisfied: charset_normalizer<4,>=2 in c:\users\jaskew\appdata\roaming\python\python313\site-packages (from requests) (3.4.6)
Requirement already satisfied: idna<4,>=2.5 in c:\users\jaskew\appdata\roaming\python\python313\site-packages (from requests) (3.11)
Requirement already satisfied: certifi>=2023.5.7 in c:\users\jaskew\appdata\roaming\python\python313\site-packages (from requests) (2026.2.25)
Requirement already satisfied: six>=1.5 in c:\users\jaskew\appdata\roaming\python\python313\site-packages (from python-dateutil>=2.8.2->pandas) (1.17.0)
[Tue 04/14/2026  9:59:28.36] SUCCESS: Packages installed from wheelhouse
[Tue 04/14/2026 10:16:09.95] Executing ThreatScoreIW script...
2026-04-14 10:29:02,948 | INFO | ThreatScoreIW | Loaded config from: H:\HTOC\utils\config.json
2026-04-14 10:29:03,041 | INFO | ThreatScoreIW | Base URL: https://api.threatconnect.com
2026-04-14 10:29:03,136 | INFO | ThreatScoreIW | Access ID: **********S_ID
2026-04-14 10:29:03,245 | INFO | ThreatScoreIW | Default Org: Your Organization Name
2026-04-14 10:29:03,381 | INFO | ThreatScoreIW | SSL verification disabled: True
2026-04-14 10:29:03,497 | INFO | ThreatScoreIW | ThreatConnect initialized.
2026-04-14 10:29:03,591 | INFO | ThreatScoreIW | RequestObject successfully created (owner=HTOC Org).
2026-04-14 10:29:43,698 | INFO | ThreatScoreIW | Querying indicators (lookback_hours=48) starting 2026-04-12T14:29:43Z
2026-04-14 10:29:53,225 | CRITICAL | threatconnect | Status Code: 401
2026-04-14 10:29:53,327 | CRITICAL | threatconnect | Failed API Response: b'{"message":"ERROR (Unauthorized): You are not authorized to perform the requested operation.","status":"Error"}'
2026-04-14 10:29:53,421 | ERROR | ThreatScoreIW | Failed to query indicators (resultStart=0).
Traceback (most recent call last):
  File "H:\HTOC\notebooks\ThreatAssessment Scoring\ThreatScoreIW\ThreatScoreIW.py", line 165, in <module>
    response = tc.api_request(ro_multi)
  File "Z:\HTOC\Data_Analytics\threatconnect\ThreatConnect.py", line 433, in api_request
    raise RuntimeError(api_response.content)
RuntimeError: b'{"message":"ERROR (Unauthorized): You are not authorized to perform the requested operation.","status":"Error"}'
2026-04-14 10:29:55,730 | WARNING | ThreatScoreIW | No valid indicator data found.
2026-04-14 10:29:55,830 | INFO | ThreatScoreIW | Reading Excel scores: Z:\HTOC\Data_Analytics\Data\Threat Assessment Scores\Threat_Assessment_Scores.xlsx
2026-04-14 10:30:22,268 | INFO | ThreatScoreIW | Loaded df (rows=3773, cols=16).
Traceback (most recent call last):
  File "H:\HTOC\notebooks\ThreatAssessment Scoring\ThreatScoreIW\ThreatScoreIW.py", line 253, in <module>
    _observed_indicators = set(observed_src["indicator"].dropna().astype(str))
                               ~~~~~~~~~~~~^^^^^^^^^^^^^
  File "C:\Users\jaskew\AppData\Roaming\Python\Python313\site-packages\pandas\core\frame.py", line 4113, in __getitem__
    indexer = self.columns.get_loc(key)
  File "C:\Users\jaskew\AppData\Roaming\Python\Python313\site-packages\pandas\core\indexes\range.py", line 417, in get_loc
    raise KeyError(key)
KeyError: 'indicator'
[Tue 04/14/2026 10:30:25.71] ERROR: ThreatScoreIW failed with error code 1
[Tue 04/14/2026 10:30:25.71] Error log created: ""
[Tue 04/14/2026 10:30:28.12] Batch script completed with errors
