[Thu 03/26/2026  7:33:12.58] Starting ThreatScoreIW...
[Thu 03/26/2026  7:33:12.59] Log file: "C:\Users\jaskew\Documents\HTOC\notebooks\ThreatAssessment Scoring\ThreatScoreIW\logs\threatscoreiw_20260326_073312.log"
[Thu 03/26/2026  7:33:12.62] Installing required packages...
[Thu 03/26/2026  7:33:12.62] Attempting install from wheelhouse
Looking in links: z:\HTOC\JA\wheelhouse
Requirement already satisfied: pandas in c:\users\jaskew\appdata\roaming\python\python313\site-packages (2.3.0)
Requirement already satisfied: openpyxl in c:\users\jaskew\appdata\roaming\python\python313\site-packages (3.1.5)
Requirement already satisfied: requests in c:\users\jaskew\appdata\roaming\python\python313\site-packages (2.32.4)
Requirement already satisfied: urllib3 in c:\users\jaskew\appdata\roaming\python\python313\site-packages (2.5.0)
Requirement already satisfied: pytz in c:\users\jaskew\appdata\roaming\python\python313\site-packages (2025.2)
Requirement already satisfied: numpy>=1.26.0 in c:\users\jaskew\appdata\roaming\python\python313\site-packages (from pandas) (2.3.1)
Requirement already satisfied: python-dateutil>=2.8.2 in c:\users\jaskew\appdata\roaming\python\python313\site-packages (from pandas) (2.9.0.post0)
Requirement already satisfied: tzdata>=2022.7 in c:\users\jaskew\appdata\roaming\python\python313\site-packages (from pandas) (2025.2)
Requirement already satisfied: et-xmlfile in c:\users\jaskew\appdata\roaming\python\python313\site-packages (from openpyxl) (2.0.0)
Requirement already satisfied: charset_normalizer<4,>=2 in c:\users\jaskew\appdata\roaming\python\python313\site-packages (from requests) (3.4.2)
Requirement already satisfied: idna<4,>=2.5 in c:\users\jaskew\appdata\roaming\python\python313\site-packages (from requests) (3.10)
Requirement already satisfied: certifi>=2017.4.17 in c:\users\jaskew\appdata\roaming\python\python313\site-packages (from requests) (2025.6.15)
Requirement already satisfied: six>=1.5 in c:\users\jaskew\appdata\roaming\python\python313\site-packages (from python-dateutil>=2.8.2->pandas) (1.17.0)
[Thu 03/26/2026  7:33:12.62] SUCCESS: Packages installed from wheelhouse
[Thu 03/26/2026  7:33:23.42] Executing ThreatScoreIW script...
2026-03-26 07:33:35,956 | INFO | ThreatScoreIW | Loaded config from: C:\Users\jaskew\Documents\project_repository\scripts\Data Movement\ThrearConnect-api-pull\utils\config.json
2026-03-26 07:33:35,957 | INFO | ThreatScoreIW | Base URL: https://hvs.threatconnect.com/api
2026-03-26 07:33:35,957 | INFO | ThreatScoreIW | Access ID: ****************0382
2026-03-26 07:33:35,957 | INFO | ThreatScoreIW | Default Org: HTOC Org
2026-03-26 07:33:35,957 | INFO | ThreatScoreIW | SSL verification disabled: True
2026-03-26 07:33:35,957 | INFO | ThreatScoreIW | ThreatConnect initialized.
2026-03-26 07:33:35,958 | INFO | ThreatScoreIW | RequestObject successfully created (owner=HTOC Org).
2026-03-26 07:33:37,284 | INFO | ThreatScoreIW | Querying indicators (lookback_days=1) starting 2026-03-25T00:00:00Z
2026-03-26 07:33:39,840 | INFO | ThreatScoreIW | Fetched 500 indicators (resultStart=0).
2026-03-26 07:33:41,567 | INFO | ThreatScoreIW | Fetched 500 indicators (resultStart=500).
2026-03-26 07:33:42,594 | INFO | ThreatScoreIW | Fetched 268 indicators (resultStart=1000).
2026-03-26 07:33:42,745 | INFO | ThreatScoreIW | Indicator query complete (pages=3).
2026-03-26 07:33:42,746 | INFO | ThreatScoreIW | Normalizing 1268 indicator records.
2026-03-26 07:33:42,959 | INFO | ThreatScoreIW | observed_src ready (rows=814, cols=35).
2026-03-26 07:33:42,959 | INFO | ThreatScoreIW | Reading Excel scores: Z:\HTOC\Data_Analytics\Data\Threat Assessment Scores\Threat_Assessment_Scores.xlsx
2026-03-26 07:33:44,100 | INFO | ThreatScoreIW | Loaded df (rows=2324, cols=16).
2026-03-26 07:33:44,102 | INFO | ThreatScoreIW | Filtered df by observed_src indicators: 2324 -> 792 rows.
2026-03-26 07:33:44,111 | INFO | ThreatScoreIW | Updated 'Last Observed' from observed_src.lastObserved (unique indicators=792).
2026-03-26 07:33:44,114 | INFO | ThreatScoreIW | Last 24h window from max obs (2026-03-26 00:00:00+00:00): 792 rows.
2026-03-26 07:33:44,115 | INFO | ThreatScoreIW | Multi-partner indicators in window: 778 rows.
2026-03-26 07:33:44,117 | INFO | ThreatScoreIW | Multi-partner with VT>=10: 443 rows.
2026-03-26 07:33:44,117 | INFO | ThreatScoreIW | High/Critical in set: 64 rows.
2026-03-26 07:33:44,118 | INFO | ThreatScoreIW | Final indicators (VT>=15): 34 rows.
2026-03-26 07:33:44,119 | INFO | ThreatScoreIW | Loaded config from: C:\Users\jaskew\Documents\project_repository\scripts\Data Movement\ThrearConnect-api-pull\utils\config.json
2026-03-26 07:33:44,119 | INFO | ThreatScoreIW | Base URL: https://hvs.threatconnect.com/api
2026-03-26 07:33:44,119 | INFO | ThreatScoreIW | Access ID: ****************0382
2026-03-26 07:33:44,119 | INFO | ThreatScoreIW | Default Org: HTOC Org
2026-03-26 07:33:44,119 | INFO | ThreatScoreIW | ThreatConnect initialized.
2026-03-26 07:33:44,120 | INFO | ThreatScoreIW | RequestObject successfully created (owner=HTOC Org).
2026-03-26 07:33:45,297 | INFO | ThreatScoreIW | Fetched 63 indicators (chunk=34, resultStart=0).
2026-03-26 07:33:45,423 | INFO | ThreatScoreIW | observed_src (final query) rows=34 cols=31
2026-03-26 07:33:45,430 | INFO | ThreatScoreIW | Writing Excel output: Z:\HTOC\Data_Analytics\Data\Threat Assessment Scores\ThreatAssessI_W\ThreatAssessI_W_20260326.xlsx
2026-03-26 07:33:45,898 | INFO | ThreatScoreIW | Excel write succeeded (total=34, I&W No=29, I&W Yes=5).
[Thu 03/26/2026  7:33:46.47] SUCCESS: ThreatScoreIW completed successfully
[Thu 03/26/2026  7:33:46.47] SUCCESS: Excel file found: Z:\HTOC\Data_Analytics\Data\Threat Assessment Scores\ThreatAssessI_W\ThreatAssessI_W_20260326.xlsx
[Thu 03/26/2026  7:33:46.53] Batch script completed successfully
