[Thu 04/23/2026  7:29:03.02] Starting ThreatScoreIW...
[Thu 04/23/2026  7:29:03.03] Log file: "H:\HTOC\notebooks\ThreatAssessment Scoring\ThreatScoreIW\logs\threatscoreiw_20260423_072902.log"
[Thu 04/23/2026  7:29:03.06] Installing required packages...
[Thu 04/23/2026  7:29:03.07] Attempting install from wheelhouse
Looking in links: z:\HTOC\JA\wheelhouse
Requirement already satisfied: pandas in c:\users\jaskew\appdata\roaming\python\python313\site-packages (2.3.0)
Requirement already satisfied: openpyxl in c:\users\jaskew\appdata\roaming\python\python313\site-packages (3.1.5)
Requirement already satisfied: requests in c:\users\jaskew\appdata\roaming\python\python313\site-packages (2.32.4)
Requirement already satisfied: urllib3 in c:\users\jaskew\appdata\roaming\python\python313\site-packages (2.5.0)
Requirement already satisfied: pytz in c:\users\jaskew\appdata\roaming\python\python313\site-packages (2025.2)
Requirement already satisfied: numpy>=1.26.0 in c:\users\jaskew\appdata\roaming\python\python313\site-packages (from pandas) (2.3.1)
Requirement already satisfied: python-dateutil>=2.8.2 in c:\users\jaskew\appdata\roaming\python\python313\site-packages (from pandas) (2.9.0.post0)
Requirement already satisfied: tzdata>=2022.7 in c:\users\jaskew\appdata\roaming\python\python313\site-packages (from pandas) (2025.2)
Requirement already satisfied: et-xmlfile in c:\users\jaskew\appdata\roaming\python\python313\site-packages (from openpyxl) (2.0.0)
Requirement already satisfied: charset_normalizer<4,>=2 in c:\users\jaskew\appdata\roaming\python\python313\site-packages (from requests) (3.4.2)
Requirement already satisfied: idna<4,>=2.5 in c:\users\jaskew\appdata\roaming\python\python313\site-packages (from requests) (3.10)
Requirement already satisfied: certifi>=2017.4.17 in c:\users\jaskew\appdata\roaming\python\python313\site-packages (from requests) (2025.6.15)
Requirement already satisfied: six>=1.5 in c:\users\jaskew\appdata\roaming\python\python313\site-packages (from python-dateutil>=2.8.2->pandas) (1.17.0)
[Thu 04/23/2026  7:29:03.07] SUCCESS: Packages installed from wheelhouse
[Thu 04/23/2026  7:29:09.65] Executing ThreatScoreIW script...
2026-04-23 07:29:14,860 | INFO | ThreatScoreIW | Loaded config from: H:\HTOC\scripts\Data Movement\ThrearConnect-api-pull\utils\config.json
2026-04-23 07:29:14,861 | INFO | ThreatScoreIW | Base URL: https://hvs.threatconnect.com/api
2026-04-23 07:29:14,862 | INFO | ThreatScoreIW | Access ID: ****************0382
2026-04-23 07:29:14,862 | INFO | ThreatScoreIW | Default Org: HTOC Org
2026-04-23 07:29:14,863 | INFO | ThreatScoreIW | SSL verification disabled: True
2026-04-23 07:29:14,864 | INFO | ThreatScoreIW | ThreatConnect initialized.
2026-04-23 07:29:14,864 | INFO | ThreatScoreIW | RequestObject successfully created (owner=HTOC Org).
2026-04-23 07:29:15,789 | INFO | ThreatScoreIW | Querying indicators (QUERY_LOOKBACK_HOURS=48) cutoff=2026-04-21 11:29:15.789383+00:00 TQL lastObserved>=2026-04-21T11:29:15Z
2026-04-23 07:29:18,122 | INFO | ThreatScoreIW | Fetched 500 indicators (resultStart=0).
2026-04-23 07:29:20,225 | INFO | ThreatScoreIW | Fetched 500 indicators (resultStart=500).
2026-04-23 07:29:21,786 | INFO | ThreatScoreIW | Fetched 338 indicators (resultStart=1000).
2026-04-23 07:29:22,012 | INFO | ThreatScoreIW | Indicator query complete (pages=3).
2026-04-23 07:29:22,015 | INFO | ThreatScoreIW | Normalizing 1338 indicator records.
2026-04-23 07:29:22,126 | INFO | ThreatScoreIW | Threat assess filter ((rating>=3 OR threatAssessRating>=3), confidence>=50) coalescing ('threatAssessRating', 'threatAssess.threatAssessRating') / ('threatAssessConfidence', 'threatAssess.threatAssessConfidence'): 818 -> 239 rows.
2026-04-23 07:29:22,126 | INFO | ThreatScoreIW | observed_src ready (rows=239, cols=37).
2026-04-23 07:29:22,127 | INFO | ThreatScoreIW | Reading Excel scores: Z:\HTOC\Data_Analytics\Data\Threat Assessment Scores\Threat_Assessment_Scores.xlsx
2026-04-23 07:29:24,127 | INFO | ThreatScoreIW | Loaded df (rows=3705, cols=16).
2026-04-23 07:29:24,130 | INFO | ThreatScoreIW | Filtered df by observed_src indicators: 3705 -> 233 rows.
2026-04-23 07:29:24,158 | INFO | ThreatScoreIW | Last Observed filter (ThreatConnect only, >= 2026-04-21 11:29:15.789383+00:00): 233 -> 233 rows.
2026-04-23 07:29:24,160 | INFO | ThreatScoreIW | Updated 'Last Observed' from observed_src.lastObserved (unique indicators=233).
H:\HTOC\notebooks\ThreatAssessment Scoring\ThreatScoreIW\ThreatScoreIW.py:429: DeprecationWarning: datetime.datetime.utcnow() is deprecated and scheduled for removal in a future version. Use timezone-aware objects to represent datetimes in UTC: datetime.datetime.now(datetime.UTC).
  today = datetime.utcnow()
2026-04-23 07:29:24,169 | INFO | ThreatScoreIW | OpDiv files to load: ['Z:/HTOC/Data_Analytics/Data/OpDiv_Observations/htoc_opdiv_obs_d20260423.csv', 'Z:/HTOC/Data_Analytics/Data/OpDiv_Observations/htoc_opdiv_obs_d20260422.csv']
2026-04-23 07:29:24,274 | INFO | ThreatScoreIW | Loaded OpDiv observations from 2 file(s), 4619 rows.
2026-04-23 07:29:24,357 | INFO | ThreatScoreIW | Multi-partner (2+ OpDiv) rows: 170
2026-04-23 07:29:24,363 | INFO | ThreatScoreIW | VT>=14 filter: 27 rows.
2026-04-23 07:29:24,367 | INFO | ThreatScoreIW | final_indicators (high/critical): 27 rows.
2026-04-23 07:29:24,690 | INFO | ThreatScoreIW | Writing Excel output: Z:\HTOC\Data_Analytics\Data\Threat Assessment Scores\ThreatAssessI_W\ThreatAssessI_W_20260423.xlsx
2026-04-23 07:29:24,763 | INFO | ThreatScoreIW | Excel write succeeded (total=27, I&W No=23, I&W Yes=4).
[Thu 04/23/2026  7:29:25.23] SUCCESS: ThreatScoreIW completed successfully
[Thu 04/23/2026  7:29:25.23] SUCCESS: Excel file found: Z:\HTOC\Data_Analytics\Data\Threat Assessment Scores\ThreatAssessI_W\ThreatAssessI_W_20260423.xlsx
[Thu 04/23/2026  7:29:25.35] Batch script completed successfully
