[Tue 04/14/2026 11:00:40.82] Starting ThreatScoreIW...
[Tue 04/14/2026 11:00:41.28] Log file: "H:\HTOC\notebooks\ThreatAssessment Scoring\ThreatScoreIW\logs\threatscoreiw_20260414_110039.log"
[Tue 04/14/2026 11:00:44.77] Installing required packages...
[Tue 04/14/2026 11:00:45.71] Attempting install from wheelhouse
Looking in links: z:\HTOC\JA\wheelhouse
Requirement already satisfied: pandas in c:\users\jaskew\appdata\roaming\python\python313\site-packages (2.3.3)
Requirement already satisfied: openpyxl in c:\users\jaskew\appdata\roaming\python\python313\site-packages (3.1.5)
Requirement already satisfied: requests in c:\users\jaskew\appdata\roaming\python\python313\site-packages (2.33.1)
Requirement already satisfied: urllib3 in c:\users\jaskew\appdata\roaming\python\python313\site-packages (2.6.3)
Requirement already satisfied: pytz in c:\users\jaskew\appdata\roaming\python\python313\site-packages (2026.1.post1)
Requirement already satisfied: numpy>=1.26.0 in c:\users\jaskew\appdata\roaming\python\python313\site-packages (from pandas) (2.4.4)
Requirement already satisfied: python-dateutil>=2.8.2 in c:\users\jaskew\appdata\roaming\python\python313\site-packages (from pandas) (2.9.0.post0)
Requirement already satisfied: tzdata>=2022.7 in c:\users\jaskew\appdata\roaming\python\python313\site-packages (from pandas) (2025.3)
Requirement already satisfied: et-xmlfile in c:\users\jaskew\appdata\roaming\python\python313\site-packages (from openpyxl) (2.0.0)
Requirement already satisfied: charset_normalizer<4,>=2 in c:\users\jaskew\appdata\roaming\python\python313\site-packages (from requests) (3.4.6)
Requirement already satisfied: idna<4,>=2.5 in c:\users\jaskew\appdata\roaming\python\python313\site-packages (from requests) (3.11)
Requirement already satisfied: certifi>=2023.5.7 in c:\users\jaskew\appdata\roaming\python\python313\site-packages (from requests) (2026.2.25)
Requirement already satisfied: six>=1.5 in c:\users\jaskew\appdata\roaming\python\python313\site-packages (from python-dateutil>=2.8.2->pandas) (1.17.0)
[Tue 04/14/2026 11:00:45.71] SUCCESS: Packages installed from wheelhouse
[Tue 04/14/2026 11:17:01.93] Executing ThreatScoreIW script...
2026-04-14 11:30:25,786 | INFO | ThreatScoreIW | Loaded config from: H:\HTOC\scripts\Data Movement\ThrearConnect-api-pull\utils\config.json
2026-04-14 11:30:25,880 | INFO | ThreatScoreIW | Base URL: https://hvs.threatconnect.com/api
2026-04-14 11:30:25,972 | INFO | ThreatScoreIW | Access ID: ****************0382
2026-04-14 11:30:26,067 | INFO | ThreatScoreIW | Default Org: HTOC Org
2026-04-14 11:30:26,162 | INFO | ThreatScoreIW | SSL verification disabled: True
2026-04-14 11:30:26,256 | INFO | ThreatScoreIW | ThreatConnect initialized.
2026-04-14 11:30:26,347 | INFO | ThreatScoreIW | RequestObject successfully created (owner=HTOC Org).
2026-04-14 11:31:06,184 | INFO | ThreatScoreIW | Querying indicators (lookback_hours=48) starting 2026-04-12T15:31:06Z
2026-04-14 11:31:16,655 | INFO | ThreatScoreIW | Fetched 500 indicators (resultStart=0).
2026-04-14 11:31:18,558 | INFO | ThreatScoreIW | Fetched 500 indicators (resultStart=500).
2026-04-14 11:31:20,153 | INFO | ThreatScoreIW | Fetched 402 indicators (resultStart=1000).
2026-04-14 11:31:20,439 | INFO | ThreatScoreIW | Indicator query complete (pages=3).
2026-04-14 11:31:20,535 | INFO | ThreatScoreIW | Normalizing 1402 indicator records.
2026-04-14 11:31:20,660 | INFO | ThreatScoreIW | Threat assess filter (rating>=3, confidence>=50): 915 -> 219 rows.
2026-04-14 11:31:20,758 | INFO | ThreatScoreIW | observed_src ready (rows=219, cols=34).
2026-04-14 11:31:20,851 | INFO | ThreatScoreIW | Reading Excel scores: Z:\HTOC\Data_Analytics\Data\Threat Assessment Scores\Threat_Assessment_Scores.xlsx
2026-04-14 11:31:47,417 | INFO | ThreatScoreIW | Loaded df (rows=3773, cols=16).
2026-04-14 11:31:47,514 | INFO | ThreatScoreIW | Filtered df by observed_src indicators: 3773 -> 216 rows.
2026-04-14 11:31:47,615 | INFO | ThreatScoreIW | Updated 'Last Observed' from observed_src.lastObserved (unique indicators=216).
2026-04-14 11:31:47,752 | INFO | ThreatScoreIW | Last 48h window from max obs (2026-04-14 00:00:00+00:00): 216 rows.
2026-04-14 11:31:47,852 | INFO | ThreatScoreIW | Multi-partner indicators in window: 204 rows.
2026-04-14 11:31:47,956 | INFO | ThreatScoreIW | Multi-partner with VT>=10: 67 rows.
2026-04-14 11:31:48,053 | INFO | ThreatScoreIW | High/Critical in set: 53 rows.
2026-04-14 11:31:48,160 | INFO | ThreatScoreIW | Final indicators (VT>=15): 5 rows.
2026-04-14 11:31:49,001 | INFO | ThreatScoreIW | Loaded config from: H:\HTOC\utils\config.json
2026-04-14 11:31:49,093 | INFO | ThreatScoreIW | Base URL: https://api.threatconnect.com
2026-04-14 11:31:49,186 | INFO | ThreatScoreIW | Access ID: **********S_ID
2026-04-14 11:31:49,279 | INFO | ThreatScoreIW | Default Org: Your Organization Name
2026-04-14 11:31:49,373 | INFO | ThreatScoreIW | ThreatConnect initialized.
2026-04-14 11:31:49,466 | INFO | ThreatScoreIW | RequestObject successfully created (owner=HTOC Org).
2026-04-14 11:31:50,453 | CRITICAL | threatconnect | Status Code: 401
2026-04-14 11:31:50,547 | CRITICAL | threatconnect | Failed API Response: b'{"message":"ERROR (Unauthorized): You are not authorized to perform the requested operation.","status":"Error"}'
2026-04-14 11:31:50,641 | ERROR | ThreatScoreIW | Failed to query indicators (chunk=5, resultStart=0).
Traceback (most recent call last):
  File "H:\HTOC\notebooks\ThreatAssessment Scoring\ThreatScoreIW\ThreatScoreIW.py", line 573, in <module>
    response = tc.api_request(ro_multi)
  File "Z:\HTOC\Data_Analytics\threatconnect\ThreatConnect.py", line 433, in api_request
    raise RuntimeError(api_response.content)
RuntimeError: b'{"message":"ERROR (Unauthorized): You are not authorized to perform the requested operation.","status":"Error"}'
2026-04-14 11:31:52,869 | WARNING | ThreatScoreIW | No valid indicator data found.
2026-04-14 11:31:52,964 | INFO | ThreatScoreIW | observed_src (final query) rows=0 cols=0
Traceback (most recent call last):
  File "H:\HTOC\notebooks\ThreatAssessment Scoring\ThreatScoreIW\ThreatScoreIW.py", line 664, in <module>
    observed_src.groupby('indicator', dropna=False)['has_iw']
    ~~~~~~~~~~~~~~~~~~~~^^^^^^^^^^^^^^^^^^^^^^^^^^^
  File "C:\Users\jaskew\AppData\Roaming\Python\Python313\site-packages\pandas\core\frame.py", line 9210, in groupby
    return DataFrameGroupBy(
        obj=self,
    ...<7 lines>...
        dropna=dropna,
    )
  File "C:\Users\jaskew\AppData\Roaming\Python\Python313\site-packages\pandas\core\groupby\groupby.py", line 1331, in __init__
    grouper, exclusions, obj = get_grouper(
                               ~~~~~~~~~~~^
        obj,
        ^^^^
    ...<5 lines>...
        dropna=self.dropna,
        ^^^^^^^^^^^^^^^^^^^
    )
    ^
  File "C:\Users\jaskew\AppData\Roaming\Python\Python313\site-packages\pandas\core\groupby\grouper.py", line 1043, in get_grouper
    raise KeyError(gpr)
KeyError: 'indicator'
[Tue 04/14/2026 11:31:57.04] ERROR: ThreatScoreIW failed with error code 1
[Tue 04/14/2026 11:31:57.04] Error log created: ""
[Tue 04/14/2026 11:31:59.41] Batch script completed with errors
