[Thu 04/16/2026  7:00:04.65] Starting ThreatScoreIW...
[Thu 04/16/2026  7:00:04.66] Log file: "H:\HTOC\notebooks\ThreatAssessment Scoring\ThreatScoreIW\logs\threatscoreiw_20260416_070004.log"
[Thu 04/16/2026  7:00:04.74] Installing required packages...
[Thu 04/16/2026  7:00:04.75] Attempting install from wheelhouse
Looking in links: z:\HTOC\JA\wheelhouse
Requirement already satisfied: pandas in c:\users\jaskew\appdata\roaming\python\python313\site-packages (2.3.0)
Requirement already satisfied: openpyxl in c:\users\jaskew\appdata\roaming\python\python313\site-packages (3.1.5)
Requirement already satisfied: requests in c:\users\jaskew\appdata\roaming\python\python313\site-packages (2.32.4)
Requirement already satisfied: urllib3 in c:\users\jaskew\appdata\roaming\python\python313\site-packages (2.5.0)
Requirement already satisfied: pytz in c:\users\jaskew\appdata\roaming\python\python313\site-packages (2025.2)
Requirement already satisfied: numpy>=1.26.0 in c:\users\jaskew\appdata\roaming\python\python313\site-packages (from pandas) (2.3.1)
Requirement already satisfied: python-dateutil>=2.8.2 in c:\users\jaskew\appdata\roaming\python\python313\site-packages (from pandas) (2.9.0.post0)
Requirement already satisfied: tzdata>=2022.7 in c:\users\jaskew\appdata\roaming\python\python313\site-packages (from pandas) (2025.2)
Requirement already satisfied: et-xmlfile in c:\users\jaskew\appdata\roaming\python\python313\site-packages (from openpyxl) (2.0.0)
Requirement already satisfied: charset_normalizer<4,>=2 in c:\users\jaskew\appdata\roaming\python\python313\site-packages (from requests) (3.4.2)
Requirement already satisfied: idna<4,>=2.5 in c:\users\jaskew\appdata\roaming\python\python313\site-packages (from requests) (3.10)
Requirement already satisfied: certifi>=2017.4.17 in c:\users\jaskew\appdata\roaming\python\python313\site-packages (from requests) (2025.6.15)
Requirement already satisfied: six>=1.5 in c:\users\jaskew\appdata\roaming\python\python313\site-packages (from python-dateutil>=2.8.2->pandas) (1.17.0)
[Thu 04/16/2026  7:00:04.75] SUCCESS: Packages installed from wheelhouse
[Thu 04/16/2026  7:00:12.24] Executing ThreatScoreIW script...
2026-04-16 07:00:17,958 | INFO | ThreatScoreIW | Loaded config from: H:\HTOC\scripts\Data Movement\ThrearConnect-api-pull\utils\config.json
2026-04-16 07:00:17,959 | INFO | ThreatScoreIW | Base URL: https://hvs.threatconnect.com/api
2026-04-16 07:00:17,960 | INFO | ThreatScoreIW | Access ID: ****************0382
2026-04-16 07:00:17,960 | INFO | ThreatScoreIW | Default Org: HTOC Org
2026-04-16 07:00:17,961 | INFO | ThreatScoreIW | SSL verification disabled: True
2026-04-16 07:00:17,962 | INFO | ThreatScoreIW | ThreatConnect initialized.
2026-04-16 07:00:17,962 | INFO | ThreatScoreIW | RequestObject successfully created (owner=HTOC Org).
2026-04-16 07:00:19,321 | INFO | ThreatScoreIW | Querying indicators (lookback_hours=48) starting 2026-04-14T11:00:19Z
2026-04-16 07:00:23,040 | INFO | ThreatScoreIW | Fetched 500 indicators (resultStart=0).
2026-04-16 07:00:25,830 | INFO | ThreatScoreIW | Fetched 500 indicators (resultStart=500).
2026-04-16 07:00:27,543 | INFO | ThreatScoreIW | Fetched 317 indicators (resultStart=1000).
2026-04-16 07:00:27,708 | INFO | ThreatScoreIW | Indicator query complete (pages=3).
2026-04-16 07:00:27,712 | INFO | ThreatScoreIW | Normalizing 1317 indicator records.
2026-04-16 07:00:27,839 | INFO | ThreatScoreIW | Threat assess filter (rating>=3, confidence>=50): 834 -> 191 rows.
2026-04-16 07:00:27,840 | INFO | ThreatScoreIW | observed_src ready (rows=191, cols=35).
2026-04-16 07:00:27,841 | INFO | ThreatScoreIW | Reading Excel scores: Z:\HTOC\Data_Analytics\Data\Threat Assessment Scores\Threat_Assessment_Scores.xlsx
2026-04-16 07:00:30,042 | INFO | ThreatScoreIW | Loaded df (rows=3773, cols=16).
2026-04-16 07:00:30,045 | INFO | ThreatScoreIW | Filtered df by observed_src indicators: 3773 -> 188 rows.
2026-04-16 07:00:30,058 | INFO | ThreatScoreIW | Updated 'Last Observed' from observed_src.lastObserved (unique indicators=188).
2026-04-16 07:00:30,060 | INFO | ThreatScoreIW | Last 48h window from max obs (2026-04-16 00:00:00+00:00): 188 rows.
2026-04-16 07:00:30,062 | INFO | ThreatScoreIW | Multi-partner indicators in window: 176 rows.
2026-04-16 07:00:30,064 | INFO | ThreatScoreIW | Multi-partner with VT>=10: 68 rows.
2026-04-16 07:00:30,066 | INFO | ThreatScoreIW | High/Critical in set: 53 rows.
2026-04-16 07:00:30,068 | INFO | ThreatScoreIW | Final indicators (VT>=15): 5 rows.
2026-04-16 07:00:30,081 | INFO | ThreatScoreIW | Loaded config from: H:\HTOC\scripts\Data Movement\ThrearConnect-api-pull\utils\config.json
2026-04-16 07:00:30,082 | INFO | ThreatScoreIW | Base URL: https://hvs.threatconnect.com/api
2026-04-16 07:00:30,083 | INFO | ThreatScoreIW | Access ID: ****************0382
2026-04-16 07:00:30,083 | INFO | ThreatScoreIW | Default Org: HTOC Org
2026-04-16 07:00:30,084 | INFO | ThreatScoreIW | ThreatConnect initialized.
2026-04-16 07:00:30,084 | INFO | ThreatScoreIW | RequestObject successfully created (owner=HTOC Org).
2026-04-16 07:00:30,585 | INFO | ThreatScoreIW | Fetched 5 indicators (chunk=5, resultStart=0).
2026-04-16 07:00:30,714 | INFO | ThreatScoreIW | observed_src (final query) rows=5 cols=30
2026-04-16 07:00:30,951 | INFO | ThreatScoreIW | Writing Excel output: Z:\HTOC\Data_Analytics\Data\Threat Assessment Scores\ThreatAssessI_W\ThreatAssessI_W_20260416.xlsx
2026-04-16 07:00:31,043 | INFO | ThreatScoreIW | Excel write succeeded (total=5, I&W No=5, I&W Yes=0).
[Thu 04/16/2026  7:00:31.82] SUCCESS: ThreatScoreIW completed successfully
[Thu 04/16/2026  7:00:31.82] SUCCESS: Excel file found: Z:\HTOC\Data_Analytics\Data\Threat Assessment Scores\ThreatAssessI_W\ThreatAssessI_W_20260416.xlsx
[Thu 04/16/2026  7:00:31.87] Batch script completed successfully
