[Thu 04/16/2026  9:52:33.23] Starting ThreatScoreIW...
[Thu 04/16/2026  9:52:33.23] Log file: "H:\HTOC\notebooks\ThreatAssessment Scoring\ThreatScoreIW\logs\threatscoreiw_20260416_095233.log"
[Thu 04/16/2026  9:52:33.32] Installing required packages...
[Thu 04/16/2026  9:52:33.33] Attempting install from wheelhouse
Looking in links: z:\HTOC\JA\wheelhouse
Requirement already satisfied: pandas in c:\users\jaskew\appdata\roaming\python\python313\site-packages (2.3.0)
Requirement already satisfied: openpyxl in c:\users\jaskew\appdata\roaming\python\python313\site-packages (3.1.5)
Requirement already satisfied: requests in c:\users\jaskew\appdata\roaming\python\python313\site-packages (2.32.4)
Requirement already satisfied: urllib3 in c:\users\jaskew\appdata\roaming\python\python313\site-packages (2.5.0)
Requirement already satisfied: pytz in c:\users\jaskew\appdata\roaming\python\python313\site-packages (2025.2)
Requirement already satisfied: numpy>=1.26.0 in c:\users\jaskew\appdata\roaming\python\python313\site-packages (from pandas) (2.3.1)
Requirement already satisfied: python-dateutil>=2.8.2 in c:\users\jaskew\appdata\roaming\python\python313\site-packages (from pandas) (2.9.0.post0)
Requirement already satisfied: tzdata>=2022.7 in c:\users\jaskew\appdata\roaming\python\python313\site-packages (from pandas) (2025.2)
Requirement already satisfied: et-xmlfile in c:\users\jaskew\appdata\roaming\python\python313\site-packages (from openpyxl) (2.0.0)
Requirement already satisfied: charset_normalizer<4,>=2 in c:\users\jaskew\appdata\roaming\python\python313\site-packages (from requests) (3.4.2)
Requirement already satisfied: idna<4,>=2.5 in c:\users\jaskew\appdata\roaming\python\python313\site-packages (from requests) (3.10)
Requirement already satisfied: certifi>=2017.4.17 in c:\users\jaskew\appdata\roaming\python\python313\site-packages (from requests) (2025.6.15)
Requirement already satisfied: six>=1.5 in c:\users\jaskew\appdata\roaming\python\python313\site-packages (from python-dateutil>=2.8.2->pandas) (1.17.0)
[Thu 04/16/2026  9:52:33.33] SUCCESS: Packages installed from wheelhouse
[Thu 04/16/2026  9:52:40.51] Executing ThreatScoreIW script...
2026-04-16 09:52:45,335 | INFO | ThreatScoreIW | Loaded config from: H:\HTOC\scripts\Data Movement\ThrearConnect-api-pull\utils\config.json
2026-04-16 09:52:45,336 | INFO | ThreatScoreIW | Base URL: https://hvs.threatconnect.com/api
2026-04-16 09:52:45,336 | INFO | ThreatScoreIW | Access ID: ****************0382
2026-04-16 09:52:45,337 | INFO | ThreatScoreIW | Default Org: HTOC Org
2026-04-16 09:52:45,337 | INFO | ThreatScoreIW | SSL verification disabled: True
2026-04-16 09:52:45,338 | INFO | ThreatScoreIW | ThreatConnect initialized.
2026-04-16 09:52:45,338 | INFO | ThreatScoreIW | RequestObject successfully created (owner=HTOC Org).
2026-04-16 09:52:46,435 | INFO | ThreatScoreIW | Querying indicators (QUERY_LOOKBACK_DAYS=2) starting 2026-04-14T00:00:00Z
2026-04-16 09:52:49,346 | INFO | ThreatScoreIW | Fetched 500 indicators (resultStart=0).
2026-04-16 09:52:51,964 | INFO | ThreatScoreIW | Fetched 500 indicators (resultStart=500).
2026-04-16 09:52:54,877 | INFO | ThreatScoreIW | Fetched 388 indicators (resultStart=1000).
2026-04-16 09:52:55,055 | INFO | ThreatScoreIW | Indicator query complete (pages=3).
2026-04-16 09:52:55,057 | INFO | ThreatScoreIW | Normalizing 1388 indicator records.
2026-04-16 09:52:55,157 | INFO | ThreatScoreIW | Threat assess filter (1–5 rating>=3, confidence>=50) coalescing ('threatAssessRating', 'threatAssess.threatAssessRating') / ('threatAssessConfidence', 'threatAssess.threatAssessConfidence') (+ `rating` when TA value is 0–1 normalized): 874 -> 211 rows.
2026-04-16 09:52:55,158 | INFO | ThreatScoreIW | observed_src ready (rows=211, cols=35).
2026-04-16 09:52:55,159 | INFO | ThreatScoreIW | Reading Excel scores: Z:\HTOC\Data_Analytics\Data\Threat Assessment Scores\Threat_Assessment_Scores.xlsx
2026-04-16 09:52:56,711 | INFO | ThreatScoreIW | Loaded df (rows=3773, cols=16).
2026-04-16 09:52:56,713 | INFO | ThreatScoreIW | Filtered df by observed_src indicators: 3773 -> 207 rows.
2026-04-16 09:52:56,721 | INFO | ThreatScoreIW | Last Observed filter (ThreatConnect only, >= 2026-04-14 00:00:00+00:00): 207 -> 207 rows.
2026-04-16 09:52:56,723 | INFO | ThreatScoreIW | Updated 'Last Observed' from observed_src.lastObserved (unique indicators=207).
H:\HTOC\notebooks\ThreatAssessment Scoring\ThreatScoreIW\ThreatScoreIW.py:423: DeprecationWarning: datetime.datetime.utcnow() is deprecated and scheduled for removal in a future version. Use timezone-aware objects to represent datetimes in UTC: datetime.datetime.now(datetime.UTC).
  today = datetime.utcnow()
2026-04-16 09:52:56,733 | INFO | ThreatScoreIW | OpDiv files to load: ['Z:/HTOC/Data_Analytics/Data/OpDiv_Observations/htoc_opdiv_obs_d20260416.csv', 'Z:/HTOC/Data_Analytics/Data/OpDiv_Observations/htoc_opdiv_obs_d20260415.csv']
2026-04-16 09:52:56,889 | INFO | ThreatScoreIW | Loaded OpDiv observations from 2 file(s), 5209 rows.
2026-04-16 09:52:56,955 | INFO | ThreatScoreIW | Multi-partner (2+ OpDiv) rows: 143
2026-04-16 09:52:56,956 | INFO | ThreatScoreIW | VT>=10 filter: 60 rows.
2026-04-16 09:52:56,958 | INFO | ThreatScoreIW | final_indicators (high/critical): 46 rows.
2026-04-16 09:52:57,276 | INFO | ThreatScoreIW | Writing Excel output: Z:\HTOC\Data_Analytics\Data\Threat Assessment Scores\ThreatAssessI_W\ThreatAssessI_W_20260416.xlsx
2026-04-16 09:52:57,347 | INFO | ThreatScoreIW | Excel write succeeded (total=46, I&W No=45, I&W Yes=1).
[Thu 04/16/2026  9:52:57.84] SUCCESS: ThreatScoreIW completed successfully
[Thu 04/16/2026  9:52:57.84] SUCCESS: Excel file found: Z:\HTOC\Data_Analytics\Data\Threat Assessment Scores\ThreatAssessI_W\ThreatAssessI_W_20260416.xlsx
[Thu 04/16/2026  9:52:57.88] Batch script completed successfully
