[Mon 04/20/2026  7:24:35.92] Starting ThreatScoreIW...
[Mon 04/20/2026  7:24:35.92] Log file: "H:\HTOC\notebooks\ThreatAssessment Scoring\ThreatScoreIW\logs\threatscoreiw_20260420_072435.log"
[Mon 04/20/2026  7:24:35.96] Installing required packages...
[Mon 04/20/2026  7:24:35.97] Attempting install from wheelhouse
Looking in links: z:\HTOC\JA\wheelhouse
Requirement already satisfied: pandas in c:\users\jaskew\appdata\roaming\python\python313\site-packages (2.3.0)
Requirement already satisfied: openpyxl in c:\users\jaskew\appdata\roaming\python\python313\site-packages (3.1.5)
Requirement already satisfied: requests in c:\users\jaskew\appdata\roaming\python\python313\site-packages (2.32.4)
Requirement already satisfied: urllib3 in c:\users\jaskew\appdata\roaming\python\python313\site-packages (2.5.0)
Requirement already satisfied: pytz in c:\users\jaskew\appdata\roaming\python\python313\site-packages (2025.2)
Requirement already satisfied: numpy>=1.26.0 in c:\users\jaskew\appdata\roaming\python\python313\site-packages (from pandas) (2.3.1)
Requirement already satisfied: python-dateutil>=2.8.2 in c:\users\jaskew\appdata\roaming\python\python313\site-packages (from pandas) (2.9.0.post0)
Requirement already satisfied: tzdata>=2022.7 in c:\users\jaskew\appdata\roaming\python\python313\site-packages (from pandas) (2025.2)
Requirement already satisfied: et-xmlfile in c:\users\jaskew\appdata\roaming\python\python313\site-packages (from openpyxl) (2.0.0)
Requirement already satisfied: charset_normalizer<4,>=2 in c:\users\jaskew\appdata\roaming\python\python313\site-packages (from requests) (3.4.2)
Requirement already satisfied: idna<4,>=2.5 in c:\users\jaskew\appdata\roaming\python\python313\site-packages (from requests) (3.10)
Requirement already satisfied: certifi>=2017.4.17 in c:\users\jaskew\appdata\roaming\python\python313\site-packages (from requests) (2025.6.15)
Requirement already satisfied: six>=1.5 in c:\users\jaskew\appdata\roaming\python\python313\site-packages (from python-dateutil>=2.8.2->pandas) (1.17.0)
[Mon 04/20/2026  7:24:35.97] SUCCESS: Packages installed from wheelhouse
[Mon 04/20/2026  7:24:41.95] Executing ThreatScoreIW script...
2026-04-20 07:24:47,147 | INFO | ThreatScoreIW | Loaded config from: H:\HTOC\scripts\Data Movement\ThrearConnect-api-pull\utils\config.json
2026-04-20 07:24:47,148 | INFO | ThreatScoreIW | Base URL: https://hvs.threatconnect.com/api
2026-04-20 07:24:47,149 | INFO | ThreatScoreIW | Access ID: ****************0382
2026-04-20 07:24:47,149 | INFO | ThreatScoreIW | Default Org: HTOC Org
2026-04-20 07:24:47,150 | INFO | ThreatScoreIW | SSL verification disabled: True
2026-04-20 07:24:47,151 | INFO | ThreatScoreIW | ThreatConnect initialized.
2026-04-20 07:24:47,152 | INFO | ThreatScoreIW | RequestObject successfully created (owner=HTOC Org).
2026-04-20 07:24:48,157 | INFO | ThreatScoreIW | Querying indicators (QUERY_LOOKBACK_DAYS=2) starting 2026-04-18T00:00:00Z
2026-04-20 07:24:50,702 | INFO | ThreatScoreIW | Fetched 500 indicators (resultStart=0).
2026-04-20 07:24:53,065 | INFO | ThreatScoreIW | Fetched 500 indicators (resultStart=500).
2026-04-20 07:24:54,205 | INFO | ThreatScoreIW | Fetched 246 indicators (resultStart=1000).
2026-04-20 07:24:54,343 | INFO | ThreatScoreIW | Indicator query complete (pages=3).
2026-04-20 07:24:54,348 | INFO | ThreatScoreIW | Normalizing 1246 indicator records.
2026-04-20 07:24:54,434 | INFO | ThreatScoreIW | Threat assess filter (1–5 rating>=3, confidence>=50) coalescing ('threatAssessRating', 'threatAssess.threatAssessRating') / ('threatAssessConfidence', 'threatAssess.threatAssessConfidence') (+ `rating` when TA value is 0–1 normalized): 804 -> 179 rows.
2026-04-20 07:24:54,435 | INFO | ThreatScoreIW | observed_src ready (rows=179, cols=35).
2026-04-20 07:24:54,436 | INFO | ThreatScoreIW | Reading Excel scores: Z:\HTOC\Data_Analytics\Data\Threat Assessment Scores\Threat_Assessment_Scores.xlsx
2026-04-20 07:24:55,867 | INFO | ThreatScoreIW | Loaded df (rows=3773, cols=16).
2026-04-20 07:24:55,869 | INFO | ThreatScoreIW | Filtered df by observed_src indicators: 3773 -> 176 rows.
2026-04-20 07:24:55,877 | INFO | ThreatScoreIW | Last Observed filter (ThreatConnect only, >= 2026-04-18 00:00:00+00:00): 176 -> 176 rows.
2026-04-20 07:24:55,878 | INFO | ThreatScoreIW | Updated 'Last Observed' from observed_src.lastObserved (unique indicators=176).
H:\HTOC\notebooks\ThreatAssessment Scoring\ThreatScoreIW\ThreatScoreIW.py:423: DeprecationWarning: datetime.datetime.utcnow() is deprecated and scheduled for removal in a future version. Use timezone-aware objects to represent datetimes in UTC: datetime.datetime.now(datetime.UTC).
  today = datetime.utcnow()
2026-04-20 07:24:55,887 | INFO | ThreatScoreIW | OpDiv files to load: ['Z:/HTOC/Data_Analytics/Data/OpDiv_Observations/htoc_opdiv_obs_d20260420.csv', 'Z:/HTOC/Data_Analytics/Data/OpDiv_Observations/htoc_opdiv_obs_d20260419.csv']
2026-04-20 07:24:55,963 | INFO | ThreatScoreIW | Loaded OpDiv observations from 2 file(s), 4697 rows.
2026-04-20 07:24:55,997 | INFO | ThreatScoreIW | Multi-partner (2+ OpDiv) rows: 129
2026-04-20 07:24:55,999 | INFO | ThreatScoreIW | VT>=14 filter: 9 rows.
2026-04-20 07:24:56,000 | INFO | ThreatScoreIW | final_indicators (high/critical): 9 rows.
2026-04-20 07:24:56,407 | INFO | ThreatScoreIW | Writing Excel output: Z:\HTOC\Data_Analytics\Data\Threat Assessment Scores\ThreatAssessI_W\ThreatAssessI_W_20260420.xlsx
2026-04-20 07:24:56,487 | INFO | ThreatScoreIW | Excel write succeeded (total=9, I&W No=8, I&W Yes=1).
[Mon 04/20/2026  7:24:56.95] SUCCESS: ThreatScoreIW completed successfully
[Mon 04/20/2026  7:24:56.95] SUCCESS: Excel file found: Z:\HTOC\Data_Analytics\Data\Threat Assessment Scores\ThreatAssessI_W\ThreatAssessI_W_20260420.xlsx
[Mon 04/20/2026  7:24:57.09] Batch script completed successfully
