[Mon 04/20/2026  7:58:40.97] Starting ThreatScoreIW...
[Mon 04/20/2026  7:58:40.98] Log file: "H:\HTOC\notebooks\ThreatAssessment Scoring\ThreatScoreIW\logs\threatscoreiw_20260420_075840.log"
[Mon 04/20/2026  7:58:41.01] Installing required packages...
[Mon 04/20/2026  7:58:41.02] Attempting install from wheelhouse
Looking in links: z:\HTOC\JA\wheelhouse
Requirement already satisfied: pandas in c:\users\jaskew\appdata\roaming\python\python313\site-packages (2.3.0)
Requirement already satisfied: openpyxl in c:\users\jaskew\appdata\roaming\python\python313\site-packages (3.1.5)
Requirement already satisfied: requests in c:\users\jaskew\appdata\roaming\python\python313\site-packages (2.32.4)
Requirement already satisfied: urllib3 in c:\users\jaskew\appdata\roaming\python\python313\site-packages (2.5.0)
Requirement already satisfied: pytz in c:\users\jaskew\appdata\roaming\python\python313\site-packages (2025.2)
Requirement already satisfied: numpy>=1.26.0 in c:\users\jaskew\appdata\roaming\python\python313\site-packages (from pandas) (2.3.1)
Requirement already satisfied: python-dateutil>=2.8.2 in c:\users\jaskew\appdata\roaming\python\python313\site-packages (from pandas) (2.9.0.post0)
Requirement already satisfied: tzdata>=2022.7 in c:\users\jaskew\appdata\roaming\python\python313\site-packages (from pandas) (2025.2)
Requirement already satisfied: et-xmlfile in c:\users\jaskew\appdata\roaming\python\python313\site-packages (from openpyxl) (2.0.0)
Requirement already satisfied: charset_normalizer<4,>=2 in c:\users\jaskew\appdata\roaming\python\python313\site-packages (from requests) (3.4.2)
Requirement already satisfied: idna<4,>=2.5 in c:\users\jaskew\appdata\roaming\python\python313\site-packages (from requests) (3.10)
Requirement already satisfied: certifi>=2017.4.17 in c:\users\jaskew\appdata\roaming\python\python313\site-packages (from requests) (2025.6.15)
Requirement already satisfied: six>=1.5 in c:\users\jaskew\appdata\roaming\python\python313\site-packages (from python-dateutil>=2.8.2->pandas) (1.17.0)
[Mon 04/20/2026  7:58:41.02] SUCCESS: Packages installed from wheelhouse
[Mon 04/20/2026  7:58:48.24] Executing ThreatScoreIW script...
2026-04-20 07:58:53,987 | INFO | ThreatScoreIW | Loaded config from: H:\HTOC\scripts\Data Movement\ThrearConnect-api-pull\utils\config.json
2026-04-20 07:58:53,988 | INFO | ThreatScoreIW | Base URL: https://hvs.threatconnect.com/api
2026-04-20 07:58:53,988 | INFO | ThreatScoreIW | Access ID: ****************0382
2026-04-20 07:58:53,989 | INFO | ThreatScoreIW | Default Org: HTOC Org
2026-04-20 07:58:53,990 | INFO | ThreatScoreIW | SSL verification disabled: True
2026-04-20 07:58:53,991 | INFO | ThreatScoreIW | ThreatConnect initialized.
2026-04-20 07:58:53,991 | INFO | ThreatScoreIW | RequestObject successfully created (owner=HTOC Org).
2026-04-20 07:58:55,134 | INFO | ThreatScoreIW | Querying indicators (QUERY_LOOKBACK_HOURS=48) cutoff=2026-04-18 11:58:55.133947+00:00 TQL lastObserved>=2026-04-18T11:58:55Z
2026-04-20 07:58:58,115 | INFO | ThreatScoreIW | Fetched 500 indicators (resultStart=0).
2026-04-20 07:59:00,185 | INFO | ThreatScoreIW | Fetched 500 indicators (resultStart=500).
2026-04-20 07:59:01,103 | INFO | ThreatScoreIW | Fetched 193 indicators (resultStart=1000).
2026-04-20 07:59:01,258 | INFO | ThreatScoreIW | Indicator query complete (pages=3).
2026-04-20 07:59:01,262 | INFO | ThreatScoreIW | Normalizing 1193 indicator records.
2026-04-20 07:59:01,337 | INFO | ThreatScoreIW | Threat assess filter (1–5 rating>=3, confidence>=50) coalescing ('threatAssessRating', 'threatAssess.threatAssessRating') / ('threatAssessConfidence', 'threatAssess.threatAssessConfidence') (+ `rating` when TA value is 0–1 normalized): 769 -> 159 rows.
2026-04-20 07:59:01,338 | INFO | ThreatScoreIW | observed_src ready (rows=159, cols=34).
2026-04-20 07:59:01,339 | INFO | ThreatScoreIW | Reading Excel scores: Z:\HTOC\Data_Analytics\Data\Threat Assessment Scores\Threat_Assessment_Scores.xlsx
2026-04-20 07:59:02,918 | INFO | ThreatScoreIW | Loaded df (rows=3705, cols=16).
2026-04-20 07:59:02,921 | INFO | ThreatScoreIW | Filtered df by observed_src indicators: 3705 -> 159 rows.
2026-04-20 07:59:02,928 | INFO | ThreatScoreIW | Last Observed filter (ThreatConnect only, >= 2026-04-18 11:58:55.133947+00:00): 159 -> 159 rows.
2026-04-20 07:59:02,929 | INFO | ThreatScoreIW | Updated 'Last Observed' from observed_src.lastObserved (unique indicators=159).
H:\HTOC\notebooks\ThreatAssessment Scoring\ThreatScoreIW\ThreatScoreIW.py:432: DeprecationWarning: datetime.datetime.utcnow() is deprecated and scheduled for removal in a future version. Use timezone-aware objects to represent datetimes in UTC: datetime.datetime.now(datetime.UTC).
  today = datetime.utcnow()
2026-04-20 07:59:02,941 | INFO | ThreatScoreIW | OpDiv files to load: ['Z:/HTOC/Data_Analytics/Data/OpDiv_Observations/htoc_opdiv_obs_d20260420.csv', 'Z:/HTOC/Data_Analytics/Data/OpDiv_Observations/htoc_opdiv_obs_d20260419.csv']
2026-04-20 07:59:03,070 | INFO | ThreatScoreIW | Loaded OpDiv observations from 2 file(s), 4697 rows.
2026-04-20 07:59:03,101 | INFO | ThreatScoreIW | Multi-partner (2+ OpDiv) rows: 130
2026-04-20 07:59:03,103 | INFO | ThreatScoreIW | VT>=14 filter: 14 rows.
2026-04-20 07:59:03,104 | INFO | ThreatScoreIW | final_indicators (high/critical): 14 rows.
2026-04-20 07:59:03,372 | INFO | ThreatScoreIW | Writing Excel output: Z:\HTOC\Data_Analytics\Data\Threat Assessment Scores\ThreatAssessI_W\ThreatAssessI_W_20260420.xlsx
2026-04-20 07:59:03,434 | INFO | ThreatScoreIW | Excel write succeeded (total=14, I&W No=14, I&W Yes=0).
[Mon 04/20/2026  7:59:03.85] SUCCESS: ThreatScoreIW completed successfully
[Mon 04/20/2026  7:59:03.85] SUCCESS: Excel file found: Z:\HTOC\Data_Analytics\Data\Threat Assessment Scores\ThreatAssessI_W\ThreatAssessI_W_20260420.xlsx
[Mon 04/20/2026  7:59:03.89] Batch script completed successfully
