[Wed 04/15/2026  7:21:56.81] Starting ThreatScoreIW...
[Wed 04/15/2026  7:21:56.82] Log file: "H:\HTOC\notebooks\ThreatAssessment Scoring\ThreatScoreIW\logs\threatscoreiw_20260415_072156.log"
[Wed 04/15/2026  7:21:56.85] Installing required packages...
[Wed 04/15/2026  7:21:56.86] Attempting install from wheelhouse
Looking in links: z:\HTOC\JA\wheelhouse
Requirement already satisfied: pandas in c:\users\jaskew\appdata\roaming\python\python313\site-packages (2.3.0)
Requirement already satisfied: openpyxl in c:\users\jaskew\appdata\roaming\python\python313\site-packages (3.1.5)
Requirement already satisfied: requests in c:\users\jaskew\appdata\roaming\python\python313\site-packages (2.32.4)
Requirement already satisfied: urllib3 in c:\users\jaskew\appdata\roaming\python\python313\site-packages (2.5.0)
Requirement already satisfied: pytz in c:\users\jaskew\appdata\roaming\python\python313\site-packages (2025.2)
Requirement already satisfied: numpy>=1.26.0 in c:\users\jaskew\appdata\roaming\python\python313\site-packages (from pandas) (2.3.1)
Requirement already satisfied: python-dateutil>=2.8.2 in c:\users\jaskew\appdata\roaming\python\python313\site-packages (from pandas) (2.9.0.post0)
Requirement already satisfied: tzdata>=2022.7 in c:\users\jaskew\appdata\roaming\python\python313\site-packages (from pandas) (2025.2)
Requirement already satisfied: et-xmlfile in c:\users\jaskew\appdata\roaming\python\python313\site-packages (from openpyxl) (2.0.0)
Requirement already satisfied: charset_normalizer<4,>=2 in c:\users\jaskew\appdata\roaming\python\python313\site-packages (from requests) (3.4.2)
Requirement already satisfied: idna<4,>=2.5 in c:\users\jaskew\appdata\roaming\python\python313\site-packages (from requests) (3.10)
Requirement already satisfied: certifi>=2017.4.17 in c:\users\jaskew\appdata\roaming\python\python313\site-packages (from requests) (2025.6.15)
Requirement already satisfied: six>=1.5 in c:\users\jaskew\appdata\roaming\python\python313\site-packages (from python-dateutil>=2.8.2->pandas) (1.17.0)
[Wed 04/15/2026  7:21:56.86] SUCCESS: Packages installed from wheelhouse
[Wed 04/15/2026  7:22:03.04] Executing ThreatScoreIW script...
2026-04-15 07:22:08,182 | INFO | ThreatScoreIW | Loaded config from: H:\HTOC\scripts\Data Movement\ThrearConnect-api-pull\utils\config.json
2026-04-15 07:22:08,183 | INFO | ThreatScoreIW | Base URL: https://hvs.threatconnect.com/api
2026-04-15 07:22:08,183 | INFO | ThreatScoreIW | Access ID: ****************0382
2026-04-15 07:22:08,184 | INFO | ThreatScoreIW | Default Org: HTOC Org
2026-04-15 07:22:08,184 | INFO | ThreatScoreIW | SSL verification disabled: True
2026-04-15 07:22:08,185 | INFO | ThreatScoreIW | ThreatConnect initialized.
2026-04-15 07:22:08,185 | INFO | ThreatScoreIW | RequestObject successfully created (owner=HTOC Org).
2026-04-15 07:22:09,321 | INFO | ThreatScoreIW | Querying indicators (lookback_hours=48) starting 2026-04-13T11:22:09Z
2026-04-15 07:22:12,294 | INFO | ThreatScoreIW | Fetched 500 indicators (resultStart=0).
2026-04-15 07:22:14,658 | INFO | ThreatScoreIW | Fetched 500 indicators (resultStart=500).
2026-04-15 07:22:15,673 | INFO | ThreatScoreIW | Fetched 206 indicators (resultStart=1000).
2026-04-15 07:22:15,814 | INFO | ThreatScoreIW | Indicator query complete (pages=3).
2026-04-15 07:22:15,818 | INFO | ThreatScoreIW | Normalizing 1206 indicator records.
2026-04-15 07:22:15,920 | INFO | ThreatScoreIW | Threat assess filter (rating>=3, confidence>=50): 772 -> 180 rows.
2026-04-15 07:22:15,921 | INFO | ThreatScoreIW | observed_src ready (rows=180, cols=35).
2026-04-15 07:22:15,922 | INFO | ThreatScoreIW | Reading Excel scores: Z:\HTOC\Data_Analytics\Data\Threat Assessment Scores\Threat_Assessment_Scores.xlsx
2026-04-15 07:22:18,160 | INFO | ThreatScoreIW | Loaded df (rows=3773, cols=16).
2026-04-15 07:22:18,162 | INFO | ThreatScoreIW | Filtered df by observed_src indicators: 3773 -> 177 rows.
2026-04-15 07:22:18,173 | INFO | ThreatScoreIW | Updated 'Last Observed' from observed_src.lastObserved (unique indicators=177).
2026-04-15 07:22:18,174 | INFO | ThreatScoreIW | Last 48h window from max obs (2026-04-15 00:00:00+00:00): 177 rows.
2026-04-15 07:22:18,175 | INFO | ThreatScoreIW | Multi-partner indicators in window: 172 rows.
2026-04-15 07:22:18,177 | INFO | ThreatScoreIW | Multi-partner with VT>=10: 66 rows.
2026-04-15 07:22:18,178 | INFO | ThreatScoreIW | High/Critical in set: 52 rows.
2026-04-15 07:22:18,179 | INFO | ThreatScoreIW | Final indicators (VT>=15): 5 rows.
2026-04-15 07:22:18,192 | INFO | ThreatScoreIW | Loaded config from: H:\HTOC\scripts\Data Movement\ThrearConnect-api-pull\utils\config.json
2026-04-15 07:22:18,192 | INFO | ThreatScoreIW | Base URL: https://hvs.threatconnect.com/api
2026-04-15 07:22:18,193 | INFO | ThreatScoreIW | Access ID: ****************0382
2026-04-15 07:22:18,194 | INFO | ThreatScoreIW | Default Org: HTOC Org
2026-04-15 07:22:18,194 | INFO | ThreatScoreIW | ThreatConnect initialized.
2026-04-15 07:22:18,195 | INFO | ThreatScoreIW | RequestObject successfully created (owner=HTOC Org).
2026-04-15 07:22:18,606 | INFO | ThreatScoreIW | Fetched 5 indicators (chunk=5, resultStart=0).
2026-04-15 07:22:18,761 | INFO | ThreatScoreIW | observed_src (final query) rows=5 cols=30
2026-04-15 07:22:19,085 | INFO | ThreatScoreIW | Writing Excel output: Z:\HTOC\Data_Analytics\Data\Threat Assessment Scores\ThreatAssessI_W\ThreatAssessI_W_20260415.xlsx
2026-04-15 07:22:19,191 | INFO | ThreatScoreIW | Excel write succeeded (total=5, I&W No=5, I&W Yes=0).
[Wed 04/15/2026  7:22:19.67] SUCCESS: ThreatScoreIW completed successfully
[Wed 04/15/2026  7:22:19.67] SUCCESS: Excel file found: Z:\HTOC\Data_Analytics\Data\Threat Assessment Scores\ThreatAssessI_W\ThreatAssessI_W_20260415.xlsx
[Wed 04/15/2026  7:22:19.72] Batch script completed successfully
