[Tue 04/21/2026  7:00:04.80] Starting ThreatScoreIW...
[Tue 04/21/2026  7:00:04.81] Log file: "H:\HTOC\notebooks\ThreatAssessment Scoring\ThreatScoreIW\logs\threatscoreiw_20260421_070004.log"
[Tue 04/21/2026  7:00:04.87] Installing required packages...
[Tue 04/21/2026  7:00:04.89] Attempting install from wheelhouse
Looking in links: z:\HTOC\JA\wheelhouse
Requirement already satisfied: pandas in c:\users\jaskew\appdata\roaming\python\python313\site-packages (2.3.0)
Requirement already satisfied: openpyxl in c:\users\jaskew\appdata\roaming\python\python313\site-packages (3.1.5)
Requirement already satisfied: requests in c:\users\jaskew\appdata\roaming\python\python313\site-packages (2.32.4)
Requirement already satisfied: urllib3 in c:\users\jaskew\appdata\roaming\python\python313\site-packages (2.5.0)
Requirement already satisfied: pytz in c:\users\jaskew\appdata\roaming\python\python313\site-packages (2025.2)
Requirement already satisfied: numpy>=1.26.0 in c:\users\jaskew\appdata\roaming\python\python313\site-packages (from pandas) (2.3.1)
Requirement already satisfied: python-dateutil>=2.8.2 in c:\users\jaskew\appdata\roaming\python\python313\site-packages (from pandas) (2.9.0.post0)
Requirement already satisfied: tzdata>=2022.7 in c:\users\jaskew\appdata\roaming\python\python313\site-packages (from pandas) (2025.2)
Requirement already satisfied: et-xmlfile in c:\users\jaskew\appdata\roaming\python\python313\site-packages (from openpyxl) (2.0.0)
Requirement already satisfied: charset_normalizer<4,>=2 in c:\users\jaskew\appdata\roaming\python\python313\site-packages (from requests) (3.4.2)
Requirement already satisfied: idna<4,>=2.5 in c:\users\jaskew\appdata\roaming\python\python313\site-packages (from requests) (3.10)
Requirement already satisfied: certifi>=2017.4.17 in c:\users\jaskew\appdata\roaming\python\python313\site-packages (from requests) (2025.6.15)
Requirement already satisfied: six>=1.5 in c:\users\jaskew\appdata\roaming\python\python313\site-packages (from python-dateutil>=2.8.2->pandas) (1.17.0)
[Tue 04/21/2026  7:00:04.89] SUCCESS: Packages installed from wheelhouse
[Tue 04/21/2026  7:00:12.46] Executing ThreatScoreIW script...
2026-04-21 07:00:18,266 | INFO | ThreatScoreIW | Loaded config from: H:\HTOC\scripts\Data Movement\ThrearConnect-api-pull\utils\config.json
2026-04-21 07:00:18,267 | INFO | ThreatScoreIW | Base URL: https://hvs.threatconnect.com/api
2026-04-21 07:00:18,268 | INFO | ThreatScoreIW | Access ID: ****************0382
2026-04-21 07:00:18,269 | INFO | ThreatScoreIW | Default Org: HTOC Org
2026-04-21 07:00:18,269 | INFO | ThreatScoreIW | SSL verification disabled: True
2026-04-21 07:00:18,270 | INFO | ThreatScoreIW | ThreatConnect initialized.
2026-04-21 07:00:18,271 | INFO | ThreatScoreIW | RequestObject successfully created (owner=HTOC Org).
2026-04-21 07:00:19,363 | INFO | ThreatScoreIW | Querying indicators (QUERY_LOOKBACK_HOURS=48) cutoff=2026-04-19 11:00:19.363307+00:00 TQL lastObserved>=2026-04-19T11:00:19Z
2026-04-21 07:00:22,247 | INFO | ThreatScoreIW | Fetched 500 indicators (resultStart=0).
2026-04-21 07:00:25,242 | INFO | ThreatScoreIW | Fetched 500 indicators (resultStart=500).
2026-04-21 07:00:26,513 | INFO | ThreatScoreIW | Fetched 244 indicators (resultStart=1000).
2026-04-21 07:00:26,702 | INFO | ThreatScoreIW | Indicator query complete (pages=3).
2026-04-21 07:00:26,705 | INFO | ThreatScoreIW | Normalizing 1244 indicator records.
2026-04-21 07:00:26,813 | INFO | ThreatScoreIW | Threat assess filter (1–5 rating>=3, confidence>=50) coalescing ('threatAssessRating', 'threatAssess.threatAssessRating') / ('threatAssessConfidence', 'threatAssess.threatAssessConfidence') (+ `rating` when TA value is 0–1 normalized): 805 -> 166 rows.
2026-04-21 07:00:26,814 | INFO | ThreatScoreIW | observed_src ready (rows=166, cols=35).
2026-04-21 07:00:26,815 | INFO | ThreatScoreIW | Reading Excel scores: Z:\HTOC\Data_Analytics\Data\Threat Assessment Scores\Threat_Assessment_Scores.xlsx
2026-04-21 07:00:28,890 | INFO | ThreatScoreIW | Loaded df (rows=3705, cols=16).
2026-04-21 07:00:28,893 | INFO | ThreatScoreIW | Filtered df by observed_src indicators: 3705 -> 163 rows.
2026-04-21 07:00:28,904 | INFO | ThreatScoreIW | Last Observed filter (ThreatConnect only, >= 2026-04-19 11:00:19.363307+00:00): 163 -> 163 rows.
2026-04-21 07:00:28,906 | INFO | ThreatScoreIW | Updated 'Last Observed' from observed_src.lastObserved (unique indicators=163).
H:\HTOC\notebooks\ThreatAssessment Scoring\ThreatScoreIW\ThreatScoreIW.py:432: DeprecationWarning: datetime.datetime.utcnow() is deprecated and scheduled for removal in a future version. Use timezone-aware objects to represent datetimes in UTC: datetime.datetime.now(datetime.UTC).
  today = datetime.utcnow()
2026-04-21 07:00:28,917 | INFO | ThreatScoreIW | OpDiv files to load: ['Z:/HTOC/Data_Analytics/Data/OpDiv_Observations/htoc_opdiv_obs_d20260421.csv', 'Z:/HTOC/Data_Analytics/Data/OpDiv_Observations/htoc_opdiv_obs_d20260420.csv']
2026-04-21 07:00:29,041 | INFO | ThreatScoreIW | Loaded OpDiv observations from 2 file(s), 4803 rows.
2026-04-21 07:00:29,104 | INFO | ThreatScoreIW | Multi-partner (2+ OpDiv) rows: 125
2026-04-21 07:00:29,106 | INFO | ThreatScoreIW | VT>=14 filter: 13 rows.
2026-04-21 07:00:29,107 | INFO | ThreatScoreIW | final_indicators (high/critical): 13 rows.
2026-04-21 07:00:29,476 | INFO | ThreatScoreIW | Writing Excel output: Z:\HTOC\Data_Analytics\Data\Threat Assessment Scores\ThreatAssessI_W\ThreatAssessI_W_20260421.xlsx
2026-04-21 07:00:29,571 | INFO | ThreatScoreIW | Excel write succeeded (total=13, I&W No=13, I&W Yes=0).
[Tue 04/21/2026  7:00:30.06] SUCCESS: ThreatScoreIW completed successfully
[Tue 04/21/2026  7:00:30.07] SUCCESS: Excel file found: Z:\HTOC\Data_Analytics\Data\Threat Assessment Scores\ThreatAssessI_W\ThreatAssessI_W_20260421.xlsx
[Tue 04/21/2026  7:00:30.20] Batch script completed successfully
