[Fri 04/10/2026  8:28:19.86] Starting ThreatScoreIW...
[Fri 04/10/2026  8:28:20.41] Log file: "h:\HTOC\notebooks\ThreatAssessment Scoring\ThreatScoreIW\logs\threatscoreiw_20260410_082818.log"
[Fri 04/10/2026  8:28:24.64] Installing required packages...
[Fri 04/10/2026  8:28:26.40] Attempting install from PyPI
Requirement already satisfied: pandas in c:\users\jaskew\appdata\roaming\python\python313\site-packages (2.3.3)
Requirement already satisfied: openpyxl in c:\users\jaskew\appdata\roaming\python\python313\site-packages (3.1.5)
Requirement already satisfied: requests in c:\users\jaskew\appdata\roaming\python\python313\site-packages (2.33.1)
Requirement already satisfied: urllib3 in c:\users\jaskew\appdata\roaming\python\python313\site-packages (2.6.3)
Requirement already satisfied: pytz in c:\users\jaskew\appdata\roaming\python\python313\site-packages (2026.1.post1)
Requirement already satisfied: numpy>=1.26.0 in c:\users\jaskew\appdata\roaming\python\python313\site-packages (from pandas) (2.4.4)
Requirement already satisfied: python-dateutil>=2.8.2 in c:\users\jaskew\appdata\roaming\python\python313\site-packages (from pandas) (2.9.0.post0)
Requirement already satisfied: tzdata>=2022.7 in c:\users\jaskew\appdata\roaming\python\python313\site-packages (from pandas) (2025.3)
Requirement already satisfied: et-xmlfile in c:\users\jaskew\appdata\roaming\python\python313\site-packages (from openpyxl) (2.0.0)
Requirement already satisfied: charset_normalizer<4,>=2 in c:\users\jaskew\appdata\roaming\python\python313\site-packages (from requests) (3.4.6)
Requirement already satisfied: idna<4,>=2.5 in c:\users\jaskew\appdata\roaming\python\python313\site-packages (from requests) (3.11)
Requirement already satisfied: certifi>=2023.5.7 in c:\users\jaskew\appdata\roaming\python\python313\site-packages (from requests) (2026.2.25)
Requirement already satisfied: six>=1.5 in c:\users\jaskew\appdata\roaming\python\python313\site-packages (from python-dateutil>=2.8.2->pandas) (1.17.0)
[Fri 04/10/2026  8:44:25.75] SUCCESS: Packages installed from PyPI
[Fri 04/10/2026  8:44:29.17] Executing ThreatScoreIW script...
Traceback (most recent call last):
  File "h:\HTOC\notebooks\ThreatAssessment Scoring\ThreatScoreIW\ThreatScoreIW.py", line 39, in <module>
    from utils.config_loader import load_config
ModuleNotFoundError: No module named 'utils'
[Fri 04/10/2026  8:56:32.33] ERROR: ThreatScoreIW failed with error code 1
[Fri 04/10/2026  8:56:32.33] Error log created: ""
[Fri 04/10/2026  8:56:35.44] Batch script completed with errors
