[Wed 04/22/2026  7:30:52.49] Starting ThreatScoreIW...
[Wed 04/22/2026  7:30:52.50] Log file: "H:\HTOC\notebooks\ThreatAssessment Scoring\ThreatScoreIW\logs\threatscoreiw_20260422_073052.log"
[Wed 04/22/2026  7:30:52.54] Installing required packages...
[Wed 04/22/2026  7:30:52.55] Attempting install from wheelhouse
Looking in links: z:\HTOC\JA\wheelhouse
Requirement already satisfied: pandas in c:\users\jaskew\appdata\roaming\python\python313\site-packages (2.3.0)
Requirement already satisfied: openpyxl in c:\users\jaskew\appdata\roaming\python\python313\site-packages (3.1.5)
Requirement already satisfied: requests in c:\users\jaskew\appdata\roaming\python\python313\site-packages (2.32.4)
Requirement already satisfied: urllib3 in c:\users\jaskew\appdata\roaming\python\python313\site-packages (2.5.0)
Requirement already satisfied: pytz in c:\users\jaskew\appdata\roaming\python\python313\site-packages (2025.2)
Requirement already satisfied: numpy>=1.26.0 in c:\users\jaskew\appdata\roaming\python\python313\site-packages (from pandas) (2.3.1)
Requirement already satisfied: python-dateutil>=2.8.2 in c:\users\jaskew\appdata\roaming\python\python313\site-packages (from pandas) (2.9.0.post0)
Requirement already satisfied: tzdata>=2022.7 in c:\users\jaskew\appdata\roaming\python\python313\site-packages (from pandas) (2025.2)
Requirement already satisfied: et-xmlfile in c:\users\jaskew\appdata\roaming\python\python313\site-packages (from openpyxl) (2.0.0)
Requirement already satisfied: charset_normalizer<4,>=2 in c:\users\jaskew\appdata\roaming\python\python313\site-packages (from requests) (3.4.2)
Requirement already satisfied: idna<4,>=2.5 in c:\users\jaskew\appdata\roaming\python\python313\site-packages (from requests) (3.10)
Requirement already satisfied: certifi>=2017.4.17 in c:\users\jaskew\appdata\roaming\python\python313\site-packages (from requests) (2025.6.15)
Requirement already satisfied: six>=1.5 in c:\users\jaskew\appdata\roaming\python\python313\site-packages (from python-dateutil>=2.8.2->pandas) (1.17.0)
[Wed 04/22/2026  7:30:52.55] SUCCESS: Packages installed from wheelhouse
[Wed 04/22/2026  7:30:58.25] Executing ThreatScoreIW script...
2026-04-22 07:31:02,811 | INFO | ThreatScoreIW | Loaded config from: H:\HTOC\scripts\Data Movement\ThrearConnect-api-pull\utils\config.json
2026-04-22 07:31:02,812 | INFO | ThreatScoreIW | Base URL: https://hvs.threatconnect.com/api
2026-04-22 07:31:02,813 | INFO | ThreatScoreIW | Access ID: ****************0382
2026-04-22 07:31:02,813 | INFO | ThreatScoreIW | Default Org: HTOC Org
2026-04-22 07:31:02,814 | INFO | ThreatScoreIW | SSL verification disabled: True
2026-04-22 07:31:02,814 | INFO | ThreatScoreIW | ThreatConnect initialized.
2026-04-22 07:31:02,815 | INFO | ThreatScoreIW | RequestObject successfully created (owner=HTOC Org).
2026-04-22 07:31:03,773 | INFO | ThreatScoreIW | Querying indicators (QUERY_LOOKBACK_HOURS=48) cutoff=2026-04-20 11:31:03.773389+00:00 TQL lastObserved>=2026-04-20T11:31:03Z
2026-04-22 07:31:07,510 | INFO | ThreatScoreIW | Fetched 500 indicators (resultStart=0).
2026-04-22 07:31:10,136 | INFO | ThreatScoreIW | Fetched 500 indicators (resultStart=500).
2026-04-22 07:31:11,664 | INFO | ThreatScoreIW | Fetched 234 indicators (resultStart=1000).
2026-04-22 07:31:11,814 | INFO | ThreatScoreIW | Indicator query complete (pages=3).
2026-04-22 07:31:11,817 | INFO | ThreatScoreIW | Normalizing 1234 indicator records.
2026-04-22 07:31:11,896 | INFO | ThreatScoreIW | Threat assess filter (1–5 rating>=3, confidence>=50) coalescing ('threatAssessRating', 'threatAssess.threatAssessRating') / ('threatAssessConfidence', 'threatAssess.threatAssessConfidence') (+ `rating` when TA value is 0–1 normalized): 799 -> 163 rows.
2026-04-22 07:31:11,897 | INFO | ThreatScoreIW | observed_src ready (rows=163, cols=35).
2026-04-22 07:31:11,898 | INFO | ThreatScoreIW | Reading Excel scores: Z:\HTOC\Data_Analytics\Data\Threat Assessment Scores\Threat_Assessment_Scores.xlsx
2026-04-22 07:31:13,918 | INFO | ThreatScoreIW | Loaded df (rows=3705, cols=16).
2026-04-22 07:31:13,921 | INFO | ThreatScoreIW | Filtered df by observed_src indicators: 3705 -> 161 rows.
2026-04-22 07:31:13,932 | INFO | ThreatScoreIW | Last Observed filter (ThreatConnect only, >= 2026-04-20 11:31:03.773389+00:00): 161 -> 161 rows.
2026-04-22 07:31:13,934 | INFO | ThreatScoreIW | Updated 'Last Observed' from observed_src.lastObserved (unique indicators=161).
H:\HTOC\notebooks\ThreatAssessment Scoring\ThreatScoreIW\ThreatScoreIW.py:432: DeprecationWarning: datetime.datetime.utcnow() is deprecated and scheduled for removal in a future version. Use timezone-aware objects to represent datetimes in UTC: datetime.datetime.now(datetime.UTC).
  today = datetime.utcnow()
2026-04-22 07:31:13,948 | INFO | ThreatScoreIW | OpDiv files to load: ['Z:/HTOC/Data_Analytics/Data/OpDiv_Observations/htoc_opdiv_obs_d20260422.csv', 'Z:/HTOC/Data_Analytics/Data/OpDiv_Observations/htoc_opdiv_obs_d20260421.csv']
2026-04-22 07:31:14,096 | INFO | ThreatScoreIW | Loaded OpDiv observations from 2 file(s), 4289 rows.
2026-04-22 07:31:14,134 | INFO | ThreatScoreIW | Multi-partner (2+ OpDiv) rows: 127
2026-04-22 07:31:14,136 | INFO | ThreatScoreIW | VT>=14 filter: 13 rows.
2026-04-22 07:31:14,138 | INFO | ThreatScoreIW | final_indicators (high/critical): 13 rows.
2026-04-22 07:31:14,542 | INFO | ThreatScoreIW | Writing Excel output: Z:\HTOC\Data_Analytics\Data\Threat Assessment Scores\ThreatAssessI_W\ThreatAssessI_W_20260422.xlsx
2026-04-22 07:31:14,615 | INFO | ThreatScoreIW | Excel write succeeded (total=13, I&W No=13, I&W Yes=0).
[Wed 04/22/2026  7:31:15.09] SUCCESS: ThreatScoreIW completed successfully
[Wed 04/22/2026  7:31:15.09] SUCCESS: Excel file found: Z:\HTOC\Data_Analytics\Data\Threat Assessment Scores\ThreatAssessI_W\ThreatAssessI_W_20260422.xlsx
[Wed 04/22/2026  7:31:15.15] Batch script completed successfully
