[Tue 04/14/2026 11:57:36.43] Starting ThreatScoreIW...
[Tue 04/14/2026 11:57:36.90] Log file: "H:\HTOC\notebooks\ThreatAssessment Scoring\ThreatScoreIW\logs\threatscoreiw_20260414_115735.log"
[Tue 04/14/2026 11:57:40.33] Installing required packages...
[Tue 04/14/2026 11:57:41.08] Attempting install from wheelhouse
Looking in links: z:\HTOC\JA\wheelhouse
Requirement already satisfied: pandas in c:\users\jaskew\appdata\roaming\python\python313\site-packages (2.3.3)
Requirement already satisfied: openpyxl in c:\users\jaskew\appdata\roaming\python\python313\site-packages (3.1.5)
Requirement already satisfied: requests in c:\users\jaskew\appdata\roaming\python\python313\site-packages (2.33.1)
Requirement already satisfied: urllib3 in c:\users\jaskew\appdata\roaming\python\python313\site-packages (2.6.3)
Requirement already satisfied: pytz in c:\users\jaskew\appdata\roaming\python\python313\site-packages (2026.1.post1)
Requirement already satisfied: numpy>=1.26.0 in c:\users\jaskew\appdata\roaming\python\python313\site-packages (from pandas) (2.4.4)
Requirement already satisfied: python-dateutil>=2.8.2 in c:\users\jaskew\appdata\roaming\python\python313\site-packages (from pandas) (2.9.0.post0)
Requirement already satisfied: tzdata>=2022.7 in c:\users\jaskew\appdata\roaming\python\python313\site-packages (from pandas) (2025.3)
Requirement already satisfied: et-xmlfile in c:\users\jaskew\appdata\roaming\python\python313\site-packages (from openpyxl) (2.0.0)
Requirement already satisfied: charset_normalizer<4,>=2 in c:\users\jaskew\appdata\roaming\python\python313\site-packages (from requests) (3.4.6)
Requirement already satisfied: idna<4,>=2.5 in c:\users\jaskew\appdata\roaming\python\python313\site-packages (from requests) (3.11)
Requirement already satisfied: certifi>=2023.5.7 in c:\users\jaskew\appdata\roaming\python\python313\site-packages (from requests) (2026.2.25)
Requirement already satisfied: six>=1.5 in c:\users\jaskew\appdata\roaming\python\python313\site-packages (from python-dateutil>=2.8.2->pandas) (1.17.0)
[Tue 04/14/2026 11:57:41.08] SUCCESS: Packages installed from wheelhouse
[Tue 04/14/2026 12:15:02.80] Executing ThreatScoreIW script...
2026-04-14 12:28:17,631 | INFO | ThreatScoreIW | Loaded config from: H:\HTOC\scripts\Data Movement\ThrearConnect-api-pull\utils\config.json
2026-04-14 12:28:17,727 | INFO | ThreatScoreIW | Base URL: https://hvs.threatconnect.com/api
2026-04-14 12:28:17,826 | INFO | ThreatScoreIW | Access ID: ****************0382
2026-04-14 12:28:17,930 | INFO | ThreatScoreIW | Default Org: HTOC Org
2026-04-14 12:28:18,025 | INFO | ThreatScoreIW | SSL verification disabled: True
2026-04-14 12:28:18,130 | INFO | ThreatScoreIW | ThreatConnect initialized.
2026-04-14 12:28:18,273 | INFO | ThreatScoreIW | RequestObject successfully created (owner=HTOC Org).
2026-04-14 12:28:57,157 | INFO | ThreatScoreIW | Querying indicators (lookback_hours=48) starting 2026-04-12T16:28:57Z
2026-04-14 12:29:07,994 | INFO | ThreatScoreIW | Fetched 500 indicators (resultStart=0).
2026-04-14 12:29:09,729 | INFO | ThreatScoreIW | Fetched 500 indicators (resultStart=500).
2026-04-14 12:29:11,307 | INFO | ThreatScoreIW | Fetched 406 indicators (resultStart=1000).
2026-04-14 12:29:11,546 | INFO | ThreatScoreIW | Indicator query complete (pages=3).
2026-04-14 12:29:11,641 | INFO | ThreatScoreIW | Normalizing 1406 indicator records.
2026-04-14 12:29:11,785 | INFO | ThreatScoreIW | Threat assess filter (rating>=3, confidence>=50): 918 -> 219 rows.
2026-04-14 12:29:11,879 | INFO | ThreatScoreIW | observed_src ready (rows=219, cols=34).
2026-04-14 12:29:11,973 | INFO | ThreatScoreIW | Reading Excel scores: Z:\HTOC\Data_Analytics\Data\Threat Assessment Scores\Threat_Assessment_Scores.xlsx
2026-04-14 12:29:41,481 | INFO | ThreatScoreIW | Loaded df (rows=3773, cols=16).
2026-04-14 12:29:41,585 | INFO | ThreatScoreIW | Filtered df by observed_src indicators: 3773 -> 216 rows.
2026-04-14 12:29:41,712 | INFO | ThreatScoreIW | Updated 'Last Observed' from observed_src.lastObserved (unique indicators=216).
2026-04-14 12:29:41,834 | INFO | ThreatScoreIW | Last 48h window from max obs (2026-04-14 00:00:00+00:00): 216 rows.
2026-04-14 12:29:41,934 | INFO | ThreatScoreIW | Multi-partner indicators in window: 204 rows.
2026-04-14 12:29:42,044 | INFO | ThreatScoreIW | Multi-partner with VT>=10: 67 rows.
2026-04-14 12:29:42,145 | INFO | ThreatScoreIW | High/Critical in set: 53 rows.
2026-04-14 12:29:42,244 | INFO | ThreatScoreIW | Final indicators (VT>=15): 5 rows.
2026-04-14 12:29:44,328 | INFO | ThreatScoreIW | Loaded config from: H:\HTOC\scripts\Data Movement\ThrearConnect-api-pull\utils\config.json
2026-04-14 12:29:44,420 | INFO | ThreatScoreIW | Base URL: https://hvs.threatconnect.com/api
2026-04-14 12:29:44,514 | INFO | ThreatScoreIW | Access ID: ****************0382
2026-04-14 12:29:44,607 | INFO | ThreatScoreIW | Default Org: HTOC Org
2026-04-14 12:29:44,700 | INFO | ThreatScoreIW | ThreatConnect initialized.
2026-04-14 12:29:44,794 | INFO | ThreatScoreIW | RequestObject successfully created (owner=HTOC Org).
2026-04-14 12:29:45,224 | INFO | ThreatScoreIW | Fetched 5 indicators (chunk=5, resultStart=0).
2026-04-14 12:29:45,439 | INFO | ThreatScoreIW | observed_src (final query) rows=5 cols=30
2026-04-14 12:29:51,354 | INFO | ThreatScoreIW | Writing Excel output: Z:\HTOC\Data_Analytics\Data\Threat Assessment Scores\ThreatAssessI_W\ThreatAssessI_W_20260414.xlsx
2026-04-14 12:29:53,650 | INFO | ThreatScoreIW | Excel write succeeded (total=5, I&W No=5, I&W Yes=0).
[Tue 04/14/2026 12:29:59.46] SUCCESS: ThreatScoreIW completed successfully
[Tue 04/14/2026 12:29:59.46] SUCCESS: Excel file found: Z:\HTOC\Data_Analytics\Data\Threat Assessment Scores\ThreatAssessI_W\ThreatAssessI_W_20260414.xlsx
[Tue 04/14/2026 12:30:03.28] Batch script completed successfully
