[Mon 03/30/2026  8:41:57.79] Starting ThreatScoreIW...
[Mon 03/30/2026  8:41:57.81] Log file: "C:\Users\jaskew\Documents\HTOC\notebooks\ThreatAssessment Scoring\ThreatScoreIW\logs\threatscoreiw_20260330_084157.log"
[Mon 03/30/2026  8:41:57.85] Installing required packages...
[Mon 03/30/2026  8:41:57.87] Attempting install from wheelhouse
Looking in links: z:\HTOC\JA\wheelhouse
Requirement already satisfied: pandas in c:\users\jaskew\appdata\roaming\python\python313\site-packages (2.3.0)
Requirement already satisfied: openpyxl in c:\users\jaskew\appdata\roaming\python\python313\site-packages (3.1.5)
Requirement already satisfied: requests in c:\users\jaskew\appdata\roaming\python\python313\site-packages (2.32.4)
Requirement already satisfied: urllib3 in c:\users\jaskew\appdata\roaming\python\python313\site-packages (2.5.0)
Requirement already satisfied: pytz in c:\users\jaskew\appdata\roaming\python\python313\site-packages (2025.2)
Requirement already satisfied: numpy>=1.26.0 in c:\users\jaskew\appdata\roaming\python\python313\site-packages (from pandas) (2.3.1)
Requirement already satisfied: python-dateutil>=2.8.2 in c:\users\jaskew\appdata\roaming\python\python313\site-packages (from pandas) (2.9.0.post0)
Requirement already satisfied: tzdata>=2022.7 in c:\users\jaskew\appdata\roaming\python\python313\site-packages (from pandas) (2025.2)
Requirement already satisfied: et-xmlfile in c:\users\jaskew\appdata\roaming\python\python313\site-packages (from openpyxl) (2.0.0)
Requirement already satisfied: charset_normalizer<4,>=2 in c:\users\jaskew\appdata\roaming\python\python313\site-packages (from requests) (3.4.2)
Requirement already satisfied: idna<4,>=2.5 in c:\users\jaskew\appdata\roaming\python\python313\site-packages (from requests) (3.10)
Requirement already satisfied: certifi>=2017.4.17 in c:\users\jaskew\appdata\roaming\python\python313\site-packages (from requests) (2025.6.15)
Requirement already satisfied: six>=1.5 in c:\users\jaskew\appdata\roaming\python\python313\site-packages (from python-dateutil>=2.8.2->pandas) (1.17.0)
[Mon 03/30/2026  8:41:57.87] SUCCESS: Packages installed from wheelhouse
[Mon 03/30/2026  8:42:09.20] Executing ThreatScoreIW script...
2026-03-30 08:42:15,853 | INFO | ThreatScoreIW | Loaded config from: C:\Users\jaskew\Documents\project_repository\scripts\Data Movement\ThrearConnect-api-pull\utils\config.json
2026-03-30 08:42:15,855 | INFO | ThreatScoreIW | Base URL: https://hvs.threatconnect.com/api
2026-03-30 08:42:15,855 | INFO | ThreatScoreIW | Access ID: ****************0382
2026-03-30 08:42:15,855 | INFO | ThreatScoreIW | Default Org: HTOC Org
2026-03-30 08:42:15,855 | INFO | ThreatScoreIW | SSL verification disabled: True
2026-03-30 08:42:15,856 | INFO | ThreatScoreIW | ThreatConnect initialized.
2026-03-30 08:42:15,856 | INFO | ThreatScoreIW | RequestObject successfully created (owner=HTOC Org).
2026-03-30 08:42:16,895 | INFO | ThreatScoreIW | Querying indicators (lookback_days=1) starting 2026-03-29T00:00:00Z
2026-03-30 08:42:18,940 | INFO | ThreatScoreIW | Fetched 500 indicators (resultStart=0).
2026-03-30 08:42:20,719 | INFO | ThreatScoreIW | Fetched 500 indicators (resultStart=500).
2026-03-30 08:42:22,157 | INFO | ThreatScoreIW | Fetched 251 indicators (resultStart=1000).
2026-03-30 08:42:22,281 | INFO | ThreatScoreIW | Indicator query complete (pages=3).
2026-03-30 08:42:22,283 | INFO | ThreatScoreIW | Normalizing 1251 indicator records.
2026-03-30 08:42:22,530 | INFO | ThreatScoreIW | observed_src ready (rows=815, cols=35).
2026-03-30 08:42:22,530 | INFO | ThreatScoreIW | Reading Excel scores: Z:\HTOC\Data_Analytics\Data\Threat Assessment Scores\Threat_Assessment_Scores.xlsx
2026-03-30 08:42:24,091 | INFO | ThreatScoreIW | Loaded df (rows=2398, cols=16).
2026-03-30 08:42:24,093 | INFO | ThreatScoreIW | Filtered df by observed_src indicators: 2398 -> 815 rows.
2026-03-30 08:42:24,103 | INFO | ThreatScoreIW | Updated 'Last Observed' from observed_src.lastObserved (unique indicators=815).
2026-03-30 08:42:24,104 | INFO | ThreatScoreIW | Last 24h window from max obs (2026-03-30 00:00:00+00:00): 815 rows.
2026-03-30 08:42:24,105 | INFO | ThreatScoreIW | Multi-partner indicators in window: 801 rows.
2026-03-30 08:42:24,107 | INFO | ThreatScoreIW | Multi-partner with VT>=10: 449 rows.
2026-03-30 08:42:24,107 | INFO | ThreatScoreIW | High/Critical in set: 60 rows.
2026-03-30 08:42:24,108 | INFO | ThreatScoreIW | Final indicators (VT>=15): 30 rows.
2026-03-30 08:42:24,109 | INFO | ThreatScoreIW | Loaded config from: C:\Users\jaskew\Documents\project_repository\scripts\Data Movement\ThrearConnect-api-pull\utils\config.json
2026-03-30 08:42:24,110 | INFO | ThreatScoreIW | Base URL: https://hvs.threatconnect.com/api
2026-03-30 08:42:24,110 | INFO | ThreatScoreIW | Access ID: ****************0382
2026-03-30 08:42:24,110 | INFO | ThreatScoreIW | Default Org: HTOC Org
2026-03-30 08:42:24,110 | INFO | ThreatScoreIW | ThreatConnect initialized.
2026-03-30 08:42:24,111 | INFO | ThreatScoreIW | RequestObject successfully created (owner=HTOC Org).
2026-03-30 08:42:25,016 | INFO | ThreatScoreIW | Fetched 52 indicators (chunk=30, resultStart=0).
2026-03-30 08:42:25,150 | INFO | ThreatScoreIW | observed_src (final query) rows=30 cols=31
2026-03-30 08:42:25,157 | INFO | ThreatScoreIW | Writing Excel output: Z:\HTOC\Data_Analytics\Data\Threat Assessment Scores\ThreatAssessI_W\ThreatAssessI_W_20260330.xlsx
2026-03-30 08:42:25,246 | INFO | ThreatScoreIW | Excel write succeeded (total=30, I&W No=23, I&W Yes=7).
[Mon 03/30/2026  8:42:25.82] SUCCESS: ThreatScoreIW completed successfully
[Mon 03/30/2026  8:42:25.82] SUCCESS: Excel file found: Z:\HTOC\Data_Analytics\Data\Threat Assessment Scores\ThreatAssessI_W\ThreatAssessI_W_20260330.xlsx
[Mon 03/30/2026  8:42:25.86] Batch script completed successfully
