[Fri 03/20/2026  7:50:07.37] Starting ThreatScoreIW...
[Fri 03/20/2026  7:50:07.38] Log file: "C:\Users\jaskew\Documents\HTOC\notebooks\ThreatAssessment Scoring\ThreatScoreIW\logs\threatscoreiw_20260320_075007.log"
[Fri 03/20/2026  7:50:07.74] Installing required packages...
[Fri 03/20/2026  7:50:07.74] Attempting install from wheelhouse
Looking in links: z:\HTOC\JA\wheelhouse
Requirement already satisfied: pandas in c:\users\jaskew\appdata\roaming\python\python313\site-packages (2.3.3)
Requirement already satisfied: openpyxl in c:\users\jaskew\appdata\roaming\python\python313\site-packages (3.1.5)
Requirement already satisfied: requests in c:\users\jaskew\appdata\roaming\python\python313\site-packages (2.32.5)
Requirement already satisfied: urllib3 in c:\users\jaskew\appdata\roaming\python\python313\site-packages (2.6.3)
Requirement already satisfied: pytz in z:\htoc\ja\python313\lib\site-packages (2025.2)
Requirement already satisfied: numpy>=1.26.0 in c:\users\jaskew\appdata\roaming\python\python313\site-packages (from pandas) (2.3.4)
Requirement already satisfied: python-dateutil>=2.8.2 in c:\users\jaskew\appdata\roaming\python\python313\site-packages (from pandas) (2.9.0.post0)
Requirement already satisfied: tzdata>=2022.7 in z:\htoc\ja\python313\lib\site-packages (from pandas) (2025.2)
Requirement already satisfied: et-xmlfile in c:\users\jaskew\appdata\roaming\python\python313\site-packages (from openpyxl) (2.0.0)
Requirement already satisfied: charset_normalizer<4,>=2 in c:\users\jaskew\appdata\roaming\python\python313\site-packages (from requests) (3.4.4)
Requirement already satisfied: idna<4,>=2.5 in c:\users\jaskew\appdata\roaming\python\python313\site-packages (from requests) (3.11)
Requirement already satisfied: certifi>=2017.4.17 in c:\users\jaskew\appdata\roaming\python\python313\site-packages (from requests) (2026.1.4)
Requirement already satisfied: six>=1.5 in c:\users\jaskew\appdata\roaming\python\python313\site-packages (from python-dateutil>=2.8.2->pandas) (1.17.0)
[Fri 03/20/2026  7:50:07.74] SUCCESS: Packages installed from wheelhouse
[Fri 03/20/2026  8:07:41.06] Executing ThreatScoreIW script...
2026-03-20 08:18:14,164 | INFO | ThreatScoreIW | Loaded config from: C:\Users\jaskew\Documents\project_repository\scripts\Data Movement\ThrearConnect-api-pull\utils\config.json
2026-03-20 08:18:14,351 | INFO | ThreatScoreIW | Base URL: https://hvs.threatconnect.com/api
2026-03-20 08:18:14,351 | INFO | ThreatScoreIW | Access ID: ****************0382
2026-03-20 08:18:14,351 | INFO | ThreatScoreIW | Default Org: HTOC Org
2026-03-20 08:18:14,352 | INFO | ThreatScoreIW | SSL verification disabled: True
2026-03-20 08:18:14,352 | INFO | ThreatScoreIW | ThreatConnect initialized.
2026-03-20 08:18:14,353 | INFO | ThreatScoreIW | RequestObject successfully created (owner=HTOC Org).
2026-03-20 08:18:57,771 | INFO | ThreatScoreIW | Querying indicators (lookback_days=1) starting 2026-03-19T00:00:00Z
2026-03-20 08:19:15,689 | INFO | ThreatScoreIW | Fetched 500 indicators (resultStart=0).
2026-03-20 08:19:17,919 | INFO | ThreatScoreIW | Fetched 500 indicators (resultStart=500).
2026-03-20 08:19:18,981 | INFO | ThreatScoreIW | Fetched 234 indicators (resultStart=1000).
2026-03-20 08:19:19,134 | INFO | ThreatScoreIW | Indicator query complete (pages=3).
2026-03-20 08:19:19,136 | INFO | ThreatScoreIW | Normalizing 1234 indicator records.
2026-03-20 08:19:20,049 | INFO | ThreatScoreIW | observed_src ready (rows=814, cols=35).
2026-03-20 08:19:20,049 | INFO | ThreatScoreIW | Reading Excel scores: Z:\HTOC\Data_Analytics\Data\Threat Assessment Scores\Threat_Assessment_Scores.xlsx
2026-03-20 08:19:44,861 | INFO | ThreatScoreIW | Loaded df (rows=2311, cols=16).
2026-03-20 08:19:44,864 | INFO | ThreatScoreIW | Filtered df by observed_src indicators: 2311 -> 808 rows.
2026-03-20 08:19:44,879 | INFO | ThreatScoreIW | Updated 'Last Observed' from observed_src.lastObserved (unique indicators=808).
2026-03-20 08:19:44,883 | INFO | ThreatScoreIW | Last 24h window from max obs (2026-03-20 00:00:00+00:00): 808 rows.
2026-03-20 08:19:44,885 | INFO | ThreatScoreIW | Multi-partner indicators in window: 795 rows.
2026-03-20 08:19:44,887 | INFO | ThreatScoreIW | Multi-partner with VT>=10: 455 rows.
2026-03-20 08:19:44,888 | INFO | ThreatScoreIW | High/Critical in set: 50 rows.
2026-03-20 08:19:44,890 | INFO | ThreatScoreIW | Final indicators (VT>=15): 25 rows.
2026-03-20 08:19:44,891 | INFO | ThreatScoreIW | Loaded config from: C:\Users\jaskew\Documents\project_repository\scripts\Data Movement\ThrearConnect-api-pull\utils\config.json
2026-03-20 08:19:44,892 | INFO | ThreatScoreIW | Base URL: https://hvs.threatconnect.com/api
2026-03-20 08:19:44,892 | INFO | ThreatScoreIW | Access ID: ****************0382
2026-03-20 08:19:44,892 | INFO | ThreatScoreIW | Default Org: HTOC Org
2026-03-20 08:19:44,892 | INFO | ThreatScoreIW | ThreatConnect initialized.
2026-03-20 08:19:44,893 | INFO | ThreatScoreIW | RequestObject successfully created (owner=HTOC Org).
2026-03-20 08:19:45,791 | INFO | ThreatScoreIW | Fetched 46 indicators (chunk=25, resultStart=0).
2026-03-20 08:19:45,958 | INFO | ThreatScoreIW | observed_src (final query) rows=25 cols=31
2026-03-20 08:19:45,968 | INFO | ThreatScoreIW | Writing Excel output: Z:\HTOC\Data_Analytics\Data\Threat Assessment Scores\ThreatAssessI_W\ThreatAssessI_W_20260320.xlsx
2026-03-20 08:19:47,979 | ERROR | ThreatScoreIW | Excel write failed: Z:\HTOC\Data_Analytics\Data\Threat Assessment Scores\ThreatAssessI_W\ThreatAssessI_W_20260320.xlsx
Traceback (most recent call last):
  File "C:\Users\jaskew\Documents\HTOC\notebooks\ThreatAssessment Scoring\ThreatScoreIW\ThreatScoreIW.py", line 651, in <module>
    with pd.ExcelWriter(output_path, engine="xlsxwriter") as writer:
         ~~~~~~~~~~~~~~^^^^^^^^^^^^^^^^^^^^^^^^^^^^^^^^^^
  File "C:\Users\jaskew\AppData\Roaming\Python\Python313\site-packages\pandas\io\excel\_xlsxwriter.py", line 197, in __init__
    from xlsxwriter import Workbook
ModuleNotFoundError: No module named 'xlsxwriter'
Traceback (most recent call last):
  File "C:\Users\jaskew\Documents\HTOC\notebooks\ThreatAssessment Scoring\ThreatScoreIW\ThreatScoreIW.py", line 651, in <module>
    with pd.ExcelWriter(output_path, engine="xlsxwriter") as writer:
         ~~~~~~~~~~~~~~^^^^^^^^^^^^^^^^^^^^^^^^^^^^^^^^^^
  File "C:\Users\jaskew\AppData\Roaming\Python\Python313\site-packages\pandas\io\excel\_xlsxwriter.py", line 197, in __init__
    from xlsxwriter import Workbook
ModuleNotFoundError: No module named 'xlsxwriter'
[Fri 03/20/2026  8:19:49.76] ERROR: ThreatScoreIW failed with error code 1
[Fri 03/20/2026  8:19:49.76] Error log created: ""
[Fri 03/20/2026  8:19:49.80] Batch script completed with errors
