Traceback (most recent call last):
  File "<string>", line 1, in <module>
ModuleNotFoundError: No module named 'numpy'
NumPy not found, checking pandas dependencies... 
Traceback (most recent call last):
  File "<string>", line 1, in <module>
ModuleNotFoundError: No module named 'numpy'
Reinstalling pandas to get numpy... 
Collecting pandas
  Downloading pandas-2.3.3-cp311-cp311-win_amd64.whl (11.3 MB)
     ----------------                         4.6/11.3 MB 1.1 MB/s eta 0:00:07
ERROR: Wheel 'pandas' located at C:\Users\jaskew\AppData\Local\Temp\pip-unpack-pe1qmc9z\pandas-2.3.3-cp311-cp311-win_amd64.whl is invalid.

[notice] A new release of pip available: 22.3.1 -> 25.3
[notice] To update, run: \\10.1.4.22\data\HTOC\Data_Analytics\Py\python.exe -m pip install --upgrade pip
Traceback (most recent call last):
  File "<string>", line 1, in <module>
ModuleNotFoundError: No module named 'numpy'
[WARNING] NumPy still not available, but continuing... 
Traceback (most recent call last):
  File "C:\Users\jaskew\Documents\project_repository\scripts\batch-processing-script\NextObserved\main.py", line 11, in <module>
    import pandas as pd
  File "C:\Users\jaskew\AppData\Roaming\Python\Python311\site-packages\pandas\__init__.py", line 31, in <module>
    raise ImportError(
ImportError: Unable to import required dependencies:
numpy: No module named 'numpy'
All required packages are already installed, skipping package installation 
^CInstalling required packages... 

[notice] A new release of pip is available: 25.2 -> 25.3
[notice] To update, run: C:\Program Files\Python313\python.exe -m pip install --upgrade pip
ERROR: Exception:
Traceback (most recent call last):
  File "C:\Users\jaskew\AppData\Roaming\Python\Python313\site-packages\pip\_vendor\urllib3\response.py", line 438, in _error_catcher
    yield
  File "C:\Users\jaskew\AppData\Roaming\Python\Python313\site-packages\pip\_vendor\urllib3\response.py", line 561, in read
    data = self._fp_read(amt) if not fp_closed else b""
           ~~~~~~~~~~~~~^^^^^
  File "C:\Users\jaskew\AppData\Roaming\Python\Python313\site-packages\pip\_vendor\urllib3\response.py", line 527, in _fp_read
    return self._fp.read(amt) if amt is not None else self._fp.read()
           ~~~~~~~~~~~~~^^^^^
  File "C:\Users\jaskew\AppData\Roaming\Python\Python313\site-packages\pip\_vendor\cachecontrol\filewrapper.py", line 98, in read
    data: bytes = self.__fp.read(amt)
                  ~~~~~~~~~~~~~~^^^^^
  File "C:\Program Files\Python313\Lib\http\client.py", line 479, in read
    s = self.fp.read(amt)
  File "C:\Program Files\Python313\Lib\socket.py", line 719, in readinto
    return self._sock.recv_into(b)
           ~~~~~~~~~~~~~~~~~~~~^^^
  File "C:\Program Files\Python313\Lib\ssl.py", line 1304, in recv_into
    return self.read(nbytes, buffer)
           ~~~~~~~~~^^^^^^^^^^^^^^^^
  File "C:\Program Files\Python313\Lib\ssl.py", line 1138, in read
    return self._sslobj.read(len, buffer)
           ~~~~~~~~~~~~~~~~~^^^^^^^^^^^^^
ConnectionResetError: [WinError 10054] An existing connection was forcibly closed by the remote host

During handling of the above exception, another exception occurred:

Traceback (most recent call last):
  File "C:\Users\jaskew\AppData\Roaming\Python\Python313\site-packages\pip\_internal\cli\base_command.py", line 107, in _run_wrapper
    status = _inner_run()
  File "C:\Users\jaskew\AppData\Roaming\Python\Python313\site-packages\pip\_internal\cli\base_command.py", line 98, in _inner_run
    return self.run(options, args)
           ~~~~~~~~^^^^^^^^^^^^^^^
  File "C:\Users\jaskew\AppData\Roaming\Python\Python313\site-packages\pip\_internal\cli\req_command.py", line 71, in wrapper
    return func(self, options, args)
  File "C:\Users\jaskew\AppData\Roaming\Python\Python313\site-packages\pip\_internal\commands\install.py", line 393, in run
    requirement_set = resolver.resolve(
        reqs, check_supported_wheels=not options.target_dir
    )
  File "C:\Users\jaskew\AppData\Roaming\Python\Python313\site-packages\pip\_internal\resolution\resolvelib\resolver.py", line 184, in resolve
    self.factory.preparer.prepare_linked_requirements_more(reqs)
    ~~~~~~~~~~~~~~~~~~~~~~~~~~~~~~~~~~~~~~~~~~~~~~~~~~~~~~^^^^^^
  File "C:\Users\jaskew\AppData\Roaming\Python\Python313\site-packages\pip\_internal\operations\prepare.py", line 564, in prepare_linked_requirements_more
    self._complete_partial_requirements(
    ~~~~~~~~~~~~~~~~~~~~~~~~~~~~~~~~~~~^
        partially_downloaded_reqs,
        ^^^^^^^^^^^^^^^^^^^^^^^^^^
        parallel_builds=parallel_builds,
        ^^^^^^^^^^^^^^^^^^^^^^^^^^^^^^^^
    )
    ^
  File "C:\Users\jaskew\AppData\Roaming\Python\Python313\site-packages\pip\_internal\operations\prepare.py", line 479, in _complete_partial_requirements
    for link, (filepath, _) in batch_download:
                               ^^^^^^^^^^^^^^
  File "C:\Users\jaskew\AppData\Roaming\Python\Python313\site-packages\pip\_internal\network\download.py", line 184, in batch
    filepath, content_type = self(link, location)
                             ~~~~^^^^^^^^^^^^^^^^
  File "C:\Users\jaskew\AppData\Roaming\Python\Python313\site-packages\pip\_internal\network\download.py", line 195, in __call__
    self._process_response(download, resp)
    ~~~~~~~~~~~~~~~~~~~~~~^^^^^^^^^^^^^^^^
  File "C:\Users\jaskew\AppData\Roaming\Python\Python313\site-packages\pip\_internal\network\download.py", line 212, in _process_response
    for chunk in chunks:
                 ^^^^^^
  File "C:\Users\jaskew\AppData\Roaming\Python\Python313\site-packages\pip\_internal\network\utils.py", line 65, in response_chunks
    for chunk in response.raw.stream(
                 ~~~~~~~~~~~~~~~~~~~^
        chunk_size,
        ^^^^^^^^^^^
    ...<22 lines>...
        decode_content=False,
        ^^^^^^^^^^^^^^^^^^^^^
    ):
    ^
  File "C:\Users\jaskew\AppData\Roaming\Python\Python313\site-packages\pip\_vendor\urllib3\response.py", line 622, in stream
    data = self.read(amt=amt, decode_content=decode_content)
  File "C:\Users\jaskew\AppData\Roaming\Python\Python313\site-packages\pip\_vendor\urllib3\response.py", line 560, in read
    with self._error_catcher():
         ~~~~~~~~~~~~~~~~~~~^^
  File "C:\Program Files\Python313\Lib\contextlib.py", line 162, in __exit__
    self.gen.throw(value)
    ~~~~~~~~~~~~~~^^^^^^^
  File "C:\Users\jaskew\AppData\Roaming\Python\Python313\site-packages\pip\_vendor\urllib3\response.py", line 455, in _error_catcher
    raise ProtocolError("Connection broken: %r" % e, e)
pip._vendor.urllib3.exceptions.ProtocolError: ("Connection broken: ConnectionResetError(10054, 'An existing connection was forcibly closed by the remote host', None, 10054, None)", ConnectionResetError(10054, 'An existing connection was forcibly closed by the remote host', None, 10054, None))
WARNING: Package installation encountered errors 
[START] Forecast pipeline initiated for 2025-12-22
[INFO] Generating date list and loading files...
Traceback (most recent call last):
  File "C:\Users\jaskew\Documents\project_repository\scripts\batch-processing-script\NextObserved\main.py", line 88, in <module>
    main()
    ~~~~^^
  File "C:\Users\jaskew\Documents\project_repository\scripts\batch-processing-script\NextObserved\main.py", line 32, in main
    src = load_files(datelist)
  File "C:\Users\jaskew\Documents\project_repository\scripts\batch-processing-script\NextObserved\data_loader.py", line 14, in load_files
    df = pd.read_csv(path)
  File "C:\Users\jaskew\AppData\Roaming\Python\Python313\site-packages\pandas\io\parsers\readers.py", line 1026, in read_csv
    return _read(filepath_or_buffer, kwds)
  File "C:\Users\jaskew\AppData\Roaming\Python\Python313\site-packages\pandas\io\parsers\readers.py", line 620, in _read
    parser = TextFileReader(filepath_or_buffer, **kwds)
  File "C:\Users\jaskew\AppData\Roaming\Python\Python313\site-packages\pandas\io\parsers\readers.py", line 1620, in __init__
    self._engine = self._make_engine(f, self.engine)
                   ~~~~~~~~~~~~~~~~~^^^^^^^^^^^^^^^^
  File "C:\Users\jaskew\AppData\Roaming\Python\Python313\site-packages\pandas\io\parsers\readers.py", line 1880, in _make_engine
    self.handles = get_handle(
                   ~~~~~~~~~~^
        f,
        ^^
    ...<6 lines>...
        storage_options=self.options.get("storage_options", None),
        ^^^^^^^^^^^^^^^^^^^^^^^^^^^^^^^^^^^^^^^^^^^^^^^^^^^^^^^^^^
    )
    ^
  File "C:\Users\jaskew\AppData\Roaming\Python\Python313\site-packages\pandas\io\common.py", line 873, in get_handle
    handle = open(
        handle,
    ...<3 lines>...
        newline="",
    )
  File "<frozen codecs>", line 312, in __init__
KeyboardInterrupt
^CInstalling required packages... 

[notice] A new release of pip is available: 25.2 -> 25.3
[notice] To update, run: C:\Program Files\Python313\python.exe -m pip install --upgrade pip
ERROR: Exception:
Traceback (most recent call last):
  File "C:\Users\jaskew\AppData\Roaming\Python\Python313\site-packages\pip\_vendor\urllib3\response.py", line 438, in _error_catcher
    yield
  File "C:\Users\jaskew\AppData\Roaming\Python\Python313\site-packages\pip\_vendor\urllib3\response.py", line 561, in read
    data = self._fp_read(amt) if not fp_closed else b""
           ~~~~~~~~~~~~~^^^^^
  File "C:\Users\jaskew\AppData\Roaming\Python\Python313\site-packages\pip\_vendor\urllib3\response.py", line 527, in _fp_read
    return self._fp.read(amt) if amt is not None else self._fp.read()
           ~~~~~~~~~~~~~^^^^^
  File "C:\Users\jaskew\AppData\Roaming\Python\Python313\site-packages\pip\_vendor\cachecontrol\filewrapper.py", line 98, in read
    data: bytes = self.__fp.read(amt)
                  ~~~~~~~~~~~~~~^^^^^
  File "C:\Program Files\Python313\Lib\http\client.py", line 479, in read
    s = self.fp.read(amt)
  File "C:\Program Files\Python313\Lib\socket.py", line 719, in readinto
    return self._sock.recv_into(b)
           ~~~~~~~~~~~~~~~~~~~~^^^
  File "C:\Program Files\Python313\Lib\ssl.py", line 1304, in recv_into
    return self.read(nbytes, buffer)
           ~~~~~~~~~^^^^^^^^^^^^^^^^
  File "C:\Program Files\Python313\Lib\ssl.py", line 1138, in read
    return self._sslobj.read(len, buffer)
           ~~~~~~~~~~~~~~~~~^^^^^^^^^^^^^
ConnectionResetError: [WinError 10054] An existing connection was forcibly closed by the remote host

During handling of the above exception, another exception occurred:

Traceback (most recent call last):
  File "C:\Users\jaskew\AppData\Roaming\Python\Python313\site-packages\pip\_internal\cli\base_command.py", line 107, in _run_wrapper
    status = _inner_run()
  File "C:\Users\jaskew\AppData\Roaming\Python\Python313\site-packages\pip\_internal\cli\base_command.py", line 98, in _inner_run
    return self.run(options, args)
           ~~~~~~~~^^^^^^^^^^^^^^^
  File "C:\Users\jaskew\AppData\Roaming\Python\Python313\site-packages\pip\_internal\cli\req_command.py", line 71, in wrapper
    return func(self, options, args)
  File "C:\Users\jaskew\AppData\Roaming\Python\Python313\site-packages\pip\_internal\commands\install.py", line 393, in run
    requirement_set = resolver.resolve(
        reqs, check_supported_wheels=not options.target_dir
    )
  File "C:\Users\jaskew\AppData\Roaming\Python\Python313\site-packages\pip\_internal\resolution\resolvelib\resolver.py", line 184, in resolve
    self.factory.preparer.prepare_linked_requirements_more(reqs)
    ~~~~~~~~~~~~~~~~~~~~~~~~~~~~~~~~~~~~~~~~~~~~~~~~~~~~~~^^^^^^
  File "C:\Users\jaskew\AppData\Roaming\Python\Python313\site-packages\pip\_internal\operations\prepare.py", line 564, in prepare_linked_requirements_more
    self._complete_partial_requirements(
    ~~~~~~~~~~~~~~~~~~~~~~~~~~~~~~~~~~~^
        partially_downloaded_reqs,
        ^^^^^^^^^^^^^^^^^^^^^^^^^^
        parallel_builds=parallel_builds,
        ^^^^^^^^^^^^^^^^^^^^^^^^^^^^^^^^
    )
    ^
  File "C:\Users\jaskew\AppData\Roaming\Python\Python313\site-packages\pip\_internal\operations\prepare.py", line 479, in _complete_partial_requirements
    for link, (filepath, _) in batch_download:
                               ^^^^^^^^^^^^^^
  File "C:\Users\jaskew\AppData\Roaming\Python\Python313\site-packages\pip\_internal\network\download.py", line 184, in batch
    filepath, content_type = self(link, location)
                             ~~~~^^^^^^^^^^^^^^^^
  File "C:\Users\jaskew\AppData\Roaming\Python\Python313\site-packages\pip\_internal\network\download.py", line 195, in __call__
    self._process_response(download, resp)
    ~~~~~~~~~~~~~~~~~~~~~~^^^^^^^^^^^^^^^^
  File "C:\Users\jaskew\AppData\Roaming\Python\Python313\site-packages\pip\_internal\network\download.py", line 212, in _process_response
    for chunk in chunks:
                 ^^^^^^
  File "C:\Users\jaskew\AppData\Roaming\Python\Python313\site-packages\pip\_internal\network\utils.py", line 65, in response_chunks
    for chunk in response.raw.stream(
                 ~~~~~~~~~~~~~~~~~~~^
        chunk_size,
        ^^^^^^^^^^^
    ...<22 lines>...
        decode_content=False,
        ^^^^^^^^^^^^^^^^^^^^^
    ):
    ^
  File "C:\Users\jaskew\AppData\Roaming\Python\Python313\site-packages\pip\_vendor\urllib3\response.py", line 622, in stream
    data = self.read(amt=amt, decode_content=decode_content)
  File "C:\Users\jaskew\AppData\Roaming\Python\Python313\site-packages\pip\_vendor\urllib3\response.py", line 560, in read
    with self._error_catcher():
         ~~~~~~~~~~~~~~~~~~~^^
  File "C:\Program Files\Python313\Lib\contextlib.py", line 162, in __exit__
    self.gen.throw(value)
    ~~~~~~~~~~~~~~^^^^^^^
  File "C:\Users\jaskew\AppData\Roaming\Python\Python313\site-packages\pip\_vendor\urllib3\response.py", line 455, in _error_catcher
    raise ProtocolError("Connection broken: %r" % e, e)
pip._vendor.urllib3.exceptions.ProtocolError: ("Connection broken: ConnectionResetError(10054, 'An existing connection was forcibly closed by the remote host', None, 10054, None)", ConnectionResetError(10054, 'An existing connection was forcibly closed by the remote host', None, 10054, None))
WARNING: Package installation encountered errors 
Installing required packages... 

[notice] A new release of pip is available: 25.2 -> 25.3
[notice] To update, run: C:\Program Files\WindowsApps\PythonSoftwareFoundation.Python.3.13_3.13.2544.0_x64__qbz5n2kfra8p0\python.exe -m pip install --upgrade pip
ERROR: Exception:
Traceback (most recent call last):
  File "C:\Program Files\WindowsApps\PythonSoftwareFoundation.Python.3.13_3.13.2544.0_x64__qbz5n2kfra8p0\Lib\site-packages\pip\_vendor\urllib3\response.py", line 438, in _error_catcher
    yield
  File "C:\Program Files\WindowsApps\PythonSoftwareFoundation.Python.3.13_3.13.2544.0_x64__qbz5n2kfra8p0\Lib\site-packages\pip\_vendor\urllib3\response.py", line 561, in read
    data = self._fp_read(amt) if not fp_closed else b""
           ~~~~~~~~~~~~~^^^^^
  File "C:\Program Files\WindowsApps\PythonSoftwareFoundation.Python.3.13_3.13.2544.0_x64__qbz5n2kfra8p0\Lib\site-packages\pip\_vendor\urllib3\response.py", line 527, in _fp_read
    return self._fp.read(amt) if amt is not None else self._fp.read()
           ~~~~~~~~~~~~~^^^^^
  File "C:\Program Files\WindowsApps\PythonSoftwareFoundation.Python.3.13_3.13.2544.0_x64__qbz5n2kfra8p0\Lib\site-packages\pip\_vendor\cachecontrol\filewrapper.py", line 98, in read
    data: bytes = self.__fp.read(amt)
                  ~~~~~~~~~~~~~~^^^^^
  File "C:\Program Files\WindowsApps\PythonSoftwareFoundation.Python.3.13_3.13.2544.0_x64__qbz5n2kfra8p0\Lib\http\client.py", line 479, in read
    s = self.fp.read(amt)
  File "C:\Program Files\WindowsApps\PythonSoftwareFoundation.Python.3.13_3.13.2544.0_x64__qbz5n2kfra8p0\Lib\socket.py", line 719, in readinto
    return self._sock.recv_into(b)
           ~~~~~~~~~~~~~~~~~~~~^^^
  File "C:\Program Files\WindowsApps\PythonSoftwareFoundation.Python.3.13_3.13.2544.0_x64__qbz5n2kfra8p0\Lib\ssl.py", line 1304, in recv_into
    return self.read(nbytes, buffer)
           ~~~~~~~~~^^^^^^^^^^^^^^^^
  File "C:\Program Files\WindowsApps\PythonSoftwareFoundation.Python.3.13_3.13.2544.0_x64__qbz5n2kfra8p0\Lib\ssl.py", line 1138, in read
    return self._sslobj.read(len, buffer)
           ~~~~~~~~~~~~~~~~~^^^^^^^^^^^^^
ConnectionResetError: [WinError 10054] An existing connection was forcibly closed by the remote host

During handling of the above exception, another exception occurred:

Traceback (most recent call last):
  File "C:\Program Files\WindowsApps\PythonSoftwareFoundation.Python.3.13_3.13.2544.0_x64__qbz5n2kfra8p0\Lib\site-packages\pip\_internal\cli\base_command.py", line 107, in _run_wrapper
    status = _inner_run()
  File "C:\Program Files\WindowsApps\PythonSoftwareFoundation.Python.3.13_3.13.2544.0_x64__qbz5n2kfra8p0\Lib\site-packages\pip\_internal\cli\base_command.py", line 98, in _inner_run
    return self.run(options, args)
           ~~~~~~~~^^^^^^^^^^^^^^^
  File "C:\Program Files\WindowsApps\PythonSoftwareFoundation.Python.3.13_3.13.2544.0_x64__qbz5n2kfra8p0\Lib\site-packages\pip\_internal\cli\req_command.py", line 71, in wrapper
    return func(self, options, args)
  File "C:\Program Files\WindowsApps\PythonSoftwareFoundation.Python.3.13_3.13.2544.0_x64__qbz5n2kfra8p0\Lib\site-packages\pip\_internal\commands\install.py", line 393, in run
    requirement_set = resolver.resolve(
        reqs, check_supported_wheels=not options.target_dir
    )
  File "C:\Program Files\WindowsApps\PythonSoftwareFoundation.Python.3.13_3.13.2544.0_x64__qbz5n2kfra8p0\Lib\site-packages\pip\_internal\resolution\resolvelib\resolver.py", line 98, in resolve
    result = self._result = resolver.resolve(
                            ~~~~~~~~~~~~~~~~^
        collected.requirements, max_rounds=limit_how_complex_resolution_can_be
        ^^^^^^^^^^^^^^^^^^^^^^^^^^^^^^^^^^^^^^^^^^^^^^^^^^^^^^^^^^^^^^^^^^^^^^
    )
    ^
  File "C:\Program Files\WindowsApps\PythonSoftwareFoundation.Python.3.13_3.13.2544.0_x64__qbz5n2kfra8p0\Lib\site-packages\pip\_vendor\resolvelib\resolvers\resolution.py", line 596, in resolve
    state = resolution.resolve(requirements, max_rounds=max_rounds)
  File "C:\Program Files\WindowsApps\PythonSoftwareFoundation.Python.3.13_3.13.2544.0_x64__qbz5n2kfra8p0\Lib\site-packages\pip\_vendor\resolvelib\resolvers\resolution.py", line 508, in resolve
    failure_criterion = self._attempt_to_pin_criterion(name)
  File "C:\Program Files\WindowsApps\PythonSoftwareFoundation.Python.3.13_3.13.2544.0_x64__qbz5n2kfra8p0\Lib\site-packages\pip\_vendor\resolvelib\resolvers\resolution.py", line 220, in _attempt_to_pin_criterion
    criteria = self._get_updated_criteria(candidate)
  File "C:\Program Files\WindowsApps\PythonSoftwareFoundation.Python.3.13_3.13.2544.0_x64__qbz5n2kfra8p0\Lib\site-packages\pip\_vendor\resolvelib\resolvers\resolution.py", line 211, in _get_updated_criteria
    self._add_to_criteria(criteria, requirement, parent=candidate)
    ~~~~~~~~~~~~~~~~~~~~~^^^^^^^^^^^^^^^^^^^^^^^^^^^^^^^^^^^^^^^^^
  File "C:\Program Files\WindowsApps\PythonSoftwareFoundation.Python.3.13_3.13.2544.0_x64__qbz5n2kfra8p0\Lib\site-packages\pip\_vendor\resolvelib\resolvers\resolution.py", line 150, in _add_to_criteria
    if not criterion.candidates:
           ^^^^^^^^^^^^^^^^^^^^
  File "C:\Program Files\WindowsApps\PythonSoftwareFoundation.Python.3.13_3.13.2544.0_x64__qbz5n2kfra8p0\Lib\site-packages\pip\_vendor\resolvelib\structs.py", line 194, in __bool__
    return bool(self._sequence)
  File "C:\Program Files\WindowsApps\PythonSoftwareFoundation.Python.3.13_3.13.2544.0_x64__qbz5n2kfra8p0\Lib\site-packages\pip\_internal\resolution\resolvelib\found_candidates.py", line 165, in __bool__
    self._bool = any(self)
                 ~~~^^^^^^
  File "C:\Program Files\WindowsApps\PythonSoftwareFoundation.Python.3.13_3.13.2544.0_x64__qbz5n2kfra8p0\Lib\site-packages\pip\_internal\resolution\resolvelib\found_candidates.py", line 149, in <genexpr>
    return (c for c in iterator if id(c) not in self._incompatible_ids)
                       ^^^^^^^^
  File "C:\Program Files\WindowsApps\PythonSoftwareFoundation.Python.3.13_3.13.2544.0_x64__qbz5n2kfra8p0\Lib\site-packages\pip\_internal\resolution\resolvelib\found_candidates.py", line 39, in _iter_built
    candidate = func()
  File "C:\Program Files\WindowsApps\PythonSoftwareFoundation.Python.3.13_3.13.2544.0_x64__qbz5n2kfra8p0\Lib\site-packages\pip\_internal\resolution\resolvelib\factory.py", line 180, in _make_candidate_from_link
    base: BaseCandidate | None = self._make_base_candidate_from_link(
                                 ~~~~~~~~~~~~~~~~~~~~~~~~~~~~~~~~~~~^
        link, template, name, version
        ^^^^^^^^^^^^^^^^^^^^^^^^^^^^^
    )
    ^
  File "C:\Program Files\WindowsApps\PythonSoftwareFoundation.Python.3.13_3.13.2544.0_x64__qbz5n2kfra8p0\Lib\site-packages\pip\_internal\resolution\resolvelib\factory.py", line 226, in _make_base_candidate_from_link
    self._link_candidate_cache[link] = LinkCandidate(
                                       ~~~~~~~~~~~~~^
        link,
        ^^^^^
    ...<3 lines>...
        version=version,
        ^^^^^^^^^^^^^^^^
    )
    ^
  File "C:\Program Files\WindowsApps\PythonSoftwareFoundation.Python.3.13_3.13.2544.0_x64__qbz5n2kfra8p0\Lib\site-packages\pip\_internal\resolution\resolvelib\candidates.py", line 309, in __init__
    super().__init__(
    ~~~~~~~~~~~~~~~~^
        link=link,
        ^^^^^^^^^^
    ...<4 lines>...
        version=version,
        ^^^^^^^^^^^^^^^^
    )
    ^
  File "C:\Program Files\WindowsApps\PythonSoftwareFoundation.Python.3.13_3.13.2544.0_x64__qbz5n2kfra8p0\Lib\site-packages\pip\_internal\resolution\resolvelib\candidates.py", line 162, in __init__
    self.dist = self._prepare()
                ~~~~~~~~~~~~~^^
  File "C:\Program Files\WindowsApps\PythonSoftwareFoundation.Python.3.13_3.13.2544.0_x64__qbz5n2kfra8p0\Lib\site-packages\pip\_internal\resolution\resolvelib\candidates.py", line 239, in _prepare
    dist = self._prepare_distribution()
  File "C:\Program Files\WindowsApps\PythonSoftwareFoundation.Python.3.13_3.13.2544.0_x64__qbz5n2kfra8p0\Lib\site-packages\pip\_internal\resolution\resolvelib\candidates.py", line 320, in _prepare_distribution
    return preparer.prepare_linked_requirement(self._ireq, parallel_builds=True)
           ~~~~~~~~~~~~~~~~~~~~~~~~~~~~~~~~~~~^^^^^^^^^^^^^^^^^^^^^^^^^^^^^^^^^^
  File "C:\Program Files\WindowsApps\PythonSoftwareFoundation.Python.3.13_3.13.2544.0_x64__qbz5n2kfra8p0\Lib\site-packages\pip\_internal\operations\prepare.py", line 537, in prepare_linked_requirement
    return self._prepare_linked_requirement(req, parallel_builds)
           ~~~~~~~~~~~~~~~~~~~~~~~~~~~~~~~~^^^^^^^^^^^^^^^^^^^^^^
  File "C:\Program Files\WindowsApps\PythonSoftwareFoundation.Python.3.13_3.13.2544.0_x64__qbz5n2kfra8p0\Lib\site-packages\pip\_internal\operations\prepare.py", line 608, in _prepare_linked_requirement
    local_file = unpack_url(
        link,
    ...<4 lines>...
        hashes,
    )
  File "C:\Program Files\WindowsApps\PythonSoftwareFoundation.Python.3.13_3.13.2544.0_x64__qbz5n2kfra8p0\Lib\site-packages\pip\_internal\operations\prepare.py", line 180, in unpack_url
    file = get_http_url(
        link,
    ...<2 lines>...
        hashes=hashes,
    )
  File "C:\Program Files\WindowsApps\PythonSoftwareFoundation.Python.3.13_3.13.2544.0_x64__qbz5n2kfra8p0\Lib\site-packages\pip\_internal\operations\prepare.py", line 121, in get_http_url
    from_path, content_type = download(link, temp_dir.path)
                              ~~~~~~~~^^^^^^^^^^^^^^^^^^^^^
  File "C:\Program Files\WindowsApps\PythonSoftwareFoundation.Python.3.13_3.13.2544.0_x64__qbz5n2kfra8p0\Lib\site-packages\pip\_internal\network\download.py", line 195, in __call__
    self._process_response(download, resp)
    ~~~~~~~~~~~~~~~~~~~~~~^^^^^^^^^^^^^^^^
  File "C:\Program Files\WindowsApps\PythonSoftwareFoundation.Python.3.13_3.13.2544.0_x64__qbz5n2kfra8p0\Lib\site-packages\pip\_internal\network\download.py", line 212, in _process_response
    for chunk in chunks:
                 ^^^^^^
  File "C:\Program Files\WindowsApps\PythonSoftwareFoundation.Python.3.13_3.13.2544.0_x64__qbz5n2kfra8p0\Lib\site-packages\pip\_internal\network\utils.py", line 65, in response_chunks
    for chunk in response.raw.stream(
                 ~~~~~~~~~~~~~~~~~~~^
        chunk_size,
        ^^^^^^^^^^^
    ...<22 lines>...
        decode_content=False,
        ^^^^^^^^^^^^^^^^^^^^^
    ):
    ^
  File "C:\Program Files\WindowsApps\PythonSoftwareFoundation.Python.3.13_3.13.2544.0_x64__qbz5n2kfra8p0\Lib\site-packages\pip\_vendor\urllib3\response.py", line 622, in stream
    data = self.read(amt=amt, decode_content=decode_content)
  File "C:\Program Files\WindowsApps\PythonSoftwareFoundation.Python.3.13_3.13.2544.0_x64__qbz5n2kfra8p0\Lib\site-packages\pip\_vendor\urllib3\response.py", line 560, in read
    with self._error_catcher():
         ~~~~~~~~~~~~~~~~~~~^^
  File "C:\Program Files\WindowsApps\PythonSoftwareFoundation.Python.3.13_3.13.2544.0_x64__qbz5n2kfra8p0\Lib\contextlib.py", line 162, in __exit__
    self.gen.throw(value)
    ~~~~~~~~~~~~~~^^^^^^^
  File "C:\Program Files\WindowsApps\PythonSoftwareFoundation.Python.3.13_3.13.2544.0_x64__qbz5n2kfra8p0\Lib\site-packages\pip\_vendor\urllib3\response.py", line 455, in _error_catcher
    raise ProtocolError("Connection broken: %r" % e, e)
pip._vendor.urllib3.exceptions.ProtocolError: ("Connection broken: ConnectionResetError(10054, 'An existing connection was forcibly closed by the remote host', None, 10054, None)", ConnectionResetError(10054, 'An existing connection was forcibly closed by the remote host', None, 10054, None))
WARNING: Package installation encountered errors 
Traceback (most recent call last):
  File "C:\Users\jaskew\Documents\project_repository\scripts\batch-processing-script\NextObserved\main.py", line 11, in <module>
    import pandas as pd
  File "C:\WINDOWS\system32\config\systemprofile\AppData\Roaming\Python\Python313\site-packages\pandas\__init__.py", line 31, in <module>
    raise ImportError(
        "Unable to import required dependencies:\n" + "\n".join(_missing_dependencies)
    )
ImportError: Unable to import required dependencies:
pytz: No module named 'pytz'
dateutil: No module named 'dateutil'
Installing required packages... 

[notice] A new release of pip is available: 25.2 -> 25.3
[notice] To update, run: C:\Program Files\WindowsApps\PythonSoftwareFoundation.Python.3.13_3.13.2544.0_x64__qbz5n2kfra8p0\python.exe -m pip install --upgrade pip
ERROR: Exception:
Traceback (most recent call last):
  File "C:\Program Files\WindowsApps\PythonSoftwareFoundation.Python.3.13_3.13.2544.0_x64__qbz5n2kfra8p0\Lib\site-packages\pip\_vendor\urllib3\response.py", line 438, in _error_catcher
    yield
  File "C:\Program Files\WindowsApps\PythonSoftwareFoundation.Python.3.13_3.13.2544.0_x64__qbz5n2kfra8p0\Lib\site-packages\pip\_vendor\urllib3\response.py", line 561, in read
    data = self._fp_read(amt) if not fp_closed else b""
           ~~~~~~~~~~~~~^^^^^
  File "C:\Program Files\WindowsApps\PythonSoftwareFoundation.Python.3.13_3.13.2544.0_x64__qbz5n2kfra8p0\Lib\site-packages\pip\_vendor\urllib3\response.py", line 527, in _fp_read
    return self._fp.read(amt) if amt is not None else self._fp.read()
           ~~~~~~~~~~~~~^^^^^
  File "C:\Program Files\WindowsApps\PythonSoftwareFoundation.Python.3.13_3.13.2544.0_x64__qbz5n2kfra8p0\Lib\site-packages\pip\_vendor\cachecontrol\filewrapper.py", line 98, in read
    data: bytes = self.__fp.read(amt)
                  ~~~~~~~~~~~~~~^^^^^
  File "C:\Program Files\WindowsApps\PythonSoftwareFoundation.Python.3.13_3.13.2544.0_x64__qbz5n2kfra8p0\Lib\http\client.py", line 479, in read
    s = self.fp.read(amt)
  File "C:\Program Files\WindowsApps\PythonSoftwareFoundation.Python.3.13_3.13.2544.0_x64__qbz5n2kfra8p0\Lib\socket.py", line 719, in readinto
    return self._sock.recv_into(b)
           ~~~~~~~~~~~~~~~~~~~~^^^
  File "C:\Program Files\WindowsApps\PythonSoftwareFoundation.Python.3.13_3.13.2544.0_x64__qbz5n2kfra8p0\Lib\ssl.py", line 1304, in recv_into
    return self.read(nbytes, buffer)
           ~~~~~~~~~^^^^^^^^^^^^^^^^
  File "C:\Program Files\WindowsApps\PythonSoftwareFoundation.Python.3.13_3.13.2544.0_x64__qbz5n2kfra8p0\Lib\ssl.py", line 1138, in read
    return self._sslobj.read(len, buffer)
           ~~~~~~~~~~~~~~~~~^^^^^^^^^^^^^
ConnectionResetError: [WinError 10054] An existing connection was forcibly closed by the remote host

During handling of the above exception, another exception occurred:

Traceback (most recent call last):
  File "C:\Program Files\WindowsApps\PythonSoftwareFoundation.Python.3.13_3.13.2544.0_x64__qbz5n2kfra8p0\Lib\site-packages\pip\_internal\cli\base_command.py", line 107, in _run_wrapper
    status = _inner_run()
  File "C:\Program Files\WindowsApps\PythonSoftwareFoundation.Python.3.13_3.13.2544.0_x64__qbz5n2kfra8p0\Lib\site-packages\pip\_internal\cli\base_command.py", line 98, in _inner_run
    return self.run(options, args)
           ~~~~~~~~^^^^^^^^^^^^^^^
  File "C:\Program Files\WindowsApps\PythonSoftwareFoundation.Python.3.13_3.13.2544.0_x64__qbz5n2kfra8p0\Lib\site-packages\pip\_internal\cli\req_command.py", line 71, in wrapper
    return func(self, options, args)
  File "C:\Program Files\WindowsApps\PythonSoftwareFoundation.Python.3.13_3.13.2544.0_x64__qbz5n2kfra8p0\Lib\site-packages\pip\_internal\commands\install.py", line 393, in run
    requirement_set = resolver.resolve(
        reqs, check_supported_wheels=not options.target_dir
    )
  File "C:\Program Files\WindowsApps\PythonSoftwareFoundation.Python.3.13_3.13.2544.0_x64__qbz5n2kfra8p0\Lib\site-packages\pip\_internal\resolution\resolvelib\resolver.py", line 98, in resolve
    result = self._result = resolver.resolve(
                            ~~~~~~~~~~~~~~~~^
        collected.requirements, max_rounds=limit_how_complex_resolution_can_be
        ^^^^^^^^^^^^^^^^^^^^^^^^^^^^^^^^^^^^^^^^^^^^^^^^^^^^^^^^^^^^^^^^^^^^^^
    )
    ^
  File "C:\Program Files\WindowsApps\PythonSoftwareFoundation.Python.3.13_3.13.2544.0_x64__qbz5n2kfra8p0\Lib\site-packages\pip\_vendor\resolvelib\resolvers\resolution.py", line 596, in resolve
    state = resolution.resolve(requirements, max_rounds=max_rounds)
  File "C:\Program Files\WindowsApps\PythonSoftwareFoundation.Python.3.13_3.13.2544.0_x64__qbz5n2kfra8p0\Lib\site-packages\pip\_vendor\resolvelib\resolvers\resolution.py", line 508, in resolve
    failure_criterion = self._attempt_to_pin_criterion(name)
  File "C:\Program Files\WindowsApps\PythonSoftwareFoundation.Python.3.13_3.13.2544.0_x64__qbz5n2kfra8p0\Lib\site-packages\pip\_vendor\resolvelib\resolvers\resolution.py", line 220, in _attempt_to_pin_criterion
    criteria = self._get_updated_criteria(candidate)
  File "C:\Program Files\WindowsApps\PythonSoftwareFoundation.Python.3.13_3.13.2544.0_x64__qbz5n2kfra8p0\Lib\site-packages\pip\_vendor\resolvelib\resolvers\resolution.py", line 211, in _get_updated_criteria
    self._add_to_criteria(criteria, requirement, parent=candidate)
    ~~~~~~~~~~~~~~~~~~~~~^^^^^^^^^^^^^^^^^^^^^^^^^^^^^^^^^^^^^^^^^
  File "C:\Program Files\WindowsApps\PythonSoftwareFoundation.Python.3.13_3.13.2544.0_x64__qbz5n2kfra8p0\Lib\site-packages\pip\_vendor\resolvelib\resolvers\resolution.py", line 150, in _add_to_criteria
    if not criterion.candidates:
           ^^^^^^^^^^^^^^^^^^^^
  File "C:\Program Files\WindowsApps\PythonSoftwareFoundation.Python.3.13_3.13.2544.0_x64__qbz5n2kfra8p0\Lib\site-packages\pip\_vendor\resolvelib\structs.py", line 194, in __bool__
    return bool(self._sequence)
  File "C:\Program Files\WindowsApps\PythonSoftwareFoundation.Python.3.13_3.13.2544.0_x64__qbz5n2kfra8p0\Lib\site-packages\pip\_internal\resolution\resolvelib\found_candidates.py", line 165, in __bool__
    self._bool = any(self)
                 ~~~^^^^^^
  File "C:\Program Files\WindowsApps\PythonSoftwareFoundation.Python.3.13_3.13.2544.0_x64__qbz5n2kfra8p0\Lib\site-packages\pip\_internal\resolution\resolvelib\found_candidates.py", line 149, in <genexpr>
    return (c for c in iterator if id(c) not in self._incompatible_ids)
                       ^^^^^^^^
  File "C:\Program Files\WindowsApps\PythonSoftwareFoundation.Python.3.13_3.13.2544.0_x64__qbz5n2kfra8p0\Lib\site-packages\pip\_internal\resolution\resolvelib\found_candidates.py", line 39, in _iter_built
    candidate = func()
  File "C:\Program Files\WindowsApps\PythonSoftwareFoundation.Python.3.13_3.13.2544.0_x64__qbz5n2kfra8p0\Lib\site-packages\pip\_internal\resolution\resolvelib\factory.py", line 180, in _make_candidate_from_link
    base: BaseCandidate | None = self._make_base_candidate_from_link(
                                 ~~~~~~~~~~~~~~~~~~~~~~~~~~~~~~~~~~~^
        link, template, name, version
        ^^^^^^^^^^^^^^^^^^^^^^^^^^^^^
    )
    ^
  File "C:\Program Files\WindowsApps\PythonSoftwareFoundation.Python.3.13_3.13.2544.0_x64__qbz5n2kfra8p0\Lib\site-packages\pip\_internal\resolution\resolvelib\factory.py", line 226, in _make_base_candidate_from_link
    self._link_candidate_cache[link] = LinkCandidate(
                                       ~~~~~~~~~~~~~^
        link,
        ^^^^^
    ...<3 lines>...
        version=version,
        ^^^^^^^^^^^^^^^^
    )
    ^
  File "C:\Program Files\WindowsApps\PythonSoftwareFoundation.Python.3.13_3.13.2544.0_x64__qbz5n2kfra8p0\Lib\site-packages\pip\_internal\resolution\resolvelib\candidates.py", line 309, in __init__
    super().__init__(
    ~~~~~~~~~~~~~~~~^
        link=link,
        ^^^^^^^^^^
    ...<4 lines>...
        version=version,
        ^^^^^^^^^^^^^^^^
    )
    ^
  File "C:\Program Files\WindowsApps\PythonSoftwareFoundation.Python.3.13_3.13.2544.0_x64__qbz5n2kfra8p0\Lib\site-packages\pip\_internal\resolution\resolvelib\candidates.py", line 162, in __init__
    self.dist = self._prepare()
                ~~~~~~~~~~~~~^^
  File "C:\Program Files\WindowsApps\PythonSoftwareFoundation.Python.3.13_3.13.2544.0_x64__qbz5n2kfra8p0\Lib\site-packages\pip\_internal\resolution\resolvelib\candidates.py", line 239, in _prepare
    dist = self._prepare_distribution()
  File "C:\Program Files\WindowsApps\PythonSoftwareFoundation.Python.3.13_3.13.2544.0_x64__qbz5n2kfra8p0\Lib\site-packages\pip\_internal\resolution\resolvelib\candidates.py", line 320, in _prepare_distribution
    return preparer.prepare_linked_requirement(self._ireq, parallel_builds=True)
           ~~~~~~~~~~~~~~~~~~~~~~~~~~~~~~~~~~~^^^^^^^^^^^^^^^^^^^^^^^^^^^^^^^^^^
  File "C:\Program Files\WindowsApps\PythonSoftwareFoundation.Python.3.13_3.13.2544.0_x64__qbz5n2kfra8p0\Lib\site-packages\pip\_internal\operations\prepare.py", line 537, in prepare_linked_requirement
    return self._prepare_linked_requirement(req, parallel_builds)
           ~~~~~~~~~~~~~~~~~~~~~~~~~~~~~~~~^^^^^^^^^^^^^^^^^^^^^^
  File "C:\Program Files\WindowsApps\PythonSoftwareFoundation.Python.3.13_3.13.2544.0_x64__qbz5n2kfra8p0\Lib\site-packages\pip\_internal\operations\prepare.py", line 608, in _prepare_linked_requirement
    local_file = unpack_url(
        link,
    ...<4 lines>...
        hashes,
    )
  File "C:\Program Files\WindowsApps\PythonSoftwareFoundation.Python.3.13_3.13.2544.0_x64__qbz5n2kfra8p0\Lib\site-packages\pip\_internal\operations\prepare.py", line 180, in unpack_url
    file = get_http_url(
        link,
    ...<2 lines>...
        hashes=hashes,
    )
  File "C:\Program Files\WindowsApps\PythonSoftwareFoundation.Python.3.13_3.13.2544.0_x64__qbz5n2kfra8p0\Lib\site-packages\pip\_internal\operations\prepare.py", line 121, in get_http_url
    from_path, content_type = download(link, temp_dir.path)
                              ~~~~~~~~^^^^^^^^^^^^^^^^^^^^^
  File "C:\Program Files\WindowsApps\PythonSoftwareFoundation.Python.3.13_3.13.2544.0_x64__qbz5n2kfra8p0\Lib\site-packages\pip\_internal\network\download.py", line 195, in __call__
    self._process_response(download, resp)
    ~~~~~~~~~~~~~~~~~~~~~~^^^^^^^^^^^^^^^^
  File "C:\Program Files\WindowsApps\PythonSoftwareFoundation.Python.3.13_3.13.2544.0_x64__qbz5n2kfra8p0\Lib\site-packages\pip\_internal\network\download.py", line 212, in _process_response
    for chunk in chunks:
                 ^^^^^^
  File "C:\Program Files\WindowsApps\PythonSoftwareFoundation.Python.3.13_3.13.2544.0_x64__qbz5n2kfra8p0\Lib\site-packages\pip\_internal\network\utils.py", line 65, in response_chunks
    for chunk in response.raw.stream(
                 ~~~~~~~~~~~~~~~~~~~^
        chunk_size,
        ^^^^^^^^^^^
    ...<22 lines>...
        decode_content=False,
        ^^^^^^^^^^^^^^^^^^^^^
    ):
    ^
  File "C:\Program Files\WindowsApps\PythonSoftwareFoundation.Python.3.13_3.13.2544.0_x64__qbz5n2kfra8p0\Lib\site-packages\pip\_vendor\urllib3\response.py", line 622, in stream
    data = self.read(amt=amt, decode_content=decode_content)
  File "C:\Program Files\WindowsApps\PythonSoftwareFoundation.Python.3.13_3.13.2544.0_x64__qbz5n2kfra8p0\Lib\site-packages\pip\_vendor\urllib3\response.py", line 560, in read
    with self._error_catcher():
         ~~~~~~~~~~~~~~~~~~~^^
  File "C:\Program Files\WindowsApps\PythonSoftwareFoundation.Python.3.13_3.13.2544.0_x64__qbz5n2kfra8p0\Lib\contextlib.py", line 162, in __exit__
    self.gen.throw(value)
    ~~~~~~~~~~~~~~^^^^^^^
  File "C:\Program Files\WindowsApps\PythonSoftwareFoundation.Python.3.13_3.13.2544.0_x64__qbz5n2kfra8p0\Lib\site-packages\pip\_vendor\urllib3\response.py", line 455, in _error_catcher
    raise ProtocolError("Connection broken: %r" % e, e)
pip._vendor.urllib3.exceptions.ProtocolError: ("Connection broken: ConnectionResetError(10054, 'An existing connection was forcibly closed by the remote host', None, 10054, None)", ConnectionResetError(10054, 'An existing connection was forcibly closed by the remote host', None, 10054, None))
WARNING: Package installation encountered errors 
Traceback (most recent call last):
  File "C:\Users\jaskew\Documents\project_repository\scripts\batch-processing-script\NextObserved\main.py", line 11, in <module>
    import pandas as pd
  File "C:\WINDOWS\system32\config\systemprofile\AppData\Roaming\Python\Python313\site-packages\pandas\__init__.py", line 31, in <module>
    raise ImportError(
        "Unable to import required dependencies:\n" + "\n".join(_missing_dependencies)
    )
ImportError: Unable to import required dependencies:
pytz: No module named 'pytz'
dateutil: No module named 'dateutil'
Installing required packages...  
Requirement already satisfied: pandas in c:\windows\system32\config\systemprofile\appdata\roaming\python\python313\site-packages (2.3.3)
Collecting pytz
  Using cached pytz-2025.2-py2.py3-none-any.whl.metadata (22 kB)
Collecting python-dateutil
  Using cached python_dateutil-2.9.0.post0-py2.py3-none-any.whl.metadata (8.4 kB)
Requirement already satisfied: numpy in c:\windows\system32\config\systemprofile\appdata\roaming\python\python313\site-packages (2.3.5)
Collecting scikit-learn
  Using cached scikit_learn-1.8.0-cp313-cp313-win_amd64.whl.metadata (11 kB)
Collecting lifelines
  Using cached lifelines-0.30.0-py3-none-any.whl.metadata (3.2 kB)
Requirement already satisfied: openpyxl in c:\windows\system32\config\systemprofile\appdata\roaming\python\python313\site-packages (3.1.5)
Collecting tzdata>=2022.7 (from pandas)
  Using cached tzdata-2025.3-py2.py3-none-any.whl.metadata (1.4 kB)
Collecting six>=1.5 (from python-dateutil)
  Downloading six-1.17.0-py2.py3-none-any.whl.metadata (1.7 kB)
Collecting scipy>=1.10.0 (from scikit-learn)
  Using cached scipy-1.16.3-cp313-cp313-win_amd64.whl.metadata (60 kB)
Collecting joblib>=1.3.0 (from scikit-learn)
  Using cached joblib-1.5.3-py3-none-any.whl.metadata (5.5 kB)
Collecting threadpoolctl>=3.2.0 (from scikit-learn)
  Using cached threadpoolctl-3.6.0-py3-none-any.whl.metadata (13 kB)
Collecting matplotlib>=3.0 (from lifelines)
  Using cached matplotlib-3.10.8-cp313-cp313-win_amd64.whl.metadata (52 kB)
Collecting autograd>=1.5 (from lifelines)
  Using cached autograd-1.8.0-py3-none-any.whl.metadata (7.5 kB)
Collecting autograd-gamma>=0.3 (from lifelines)
  Downloading autograd-gamma-0.5.0.tar.gz (4.0 kB)

[notice] A new release of pip is available: 25.2 -> 25.3
[notice] To update, run: C:\Program Files\WindowsApps\PythonSoftwareFoundation.Python.3.13_3.13.2544.0_x64__qbz5n2kfra8p0\python.exe -m pip install --upgrade pip
ERROR: Exception:
Traceback (most recent call last):
  File "C:\Program Files\WindowsApps\PythonSoftwareFoundation.Python.3.13_3.13.2544.0_x64__qbz5n2kfra8p0\Lib\site-packages\pip\_vendor\urllib3\response.py", line 438, in _error_catcher
    yield
  File "C:\Program Files\WindowsApps\PythonSoftwareFoundation.Python.3.13_3.13.2544.0_x64__qbz5n2kfra8p0\Lib\site-packages\pip\_vendor\urllib3\response.py", line 561, in read
    data = self._fp_read(amt) if not fp_closed else b""
           ~~~~~~~~~~~~~^^^^^
  File "C:\Program Files\WindowsApps\PythonSoftwareFoundation.Python.3.13_3.13.2544.0_x64__qbz5n2kfra8p0\Lib\site-packages\pip\_vendor\urllib3\response.py", line 527, in _fp_read
    return self._fp.read(amt) if amt is not None else self._fp.read()
           ~~~~~~~~~~~~~^^^^^
  File "C:\Program Files\WindowsApps\PythonSoftwareFoundation.Python.3.13_3.13.2544.0_x64__qbz5n2kfra8p0\Lib\site-packages\pip\_vendor\cachecontrol\filewrapper.py", line 98, in read
    data: bytes = self.__fp.read(amt)
                  ~~~~~~~~~~~~~~^^^^^
  File "C:\Program Files\WindowsApps\PythonSoftwareFoundation.Python.3.13_3.13.2544.0_x64__qbz5n2kfra8p0\Lib\http\client.py", line 479, in read
    s = self.fp.read(amt)
  File "C:\Program Files\WindowsApps\PythonSoftwareFoundation.Python.3.13_3.13.2544.0_x64__qbz5n2kfra8p0\Lib\socket.py", line 719, in readinto
    return self._sock.recv_into(b)
           ~~~~~~~~~~~~~~~~~~~~^^^
  File "C:\Program Files\WindowsApps\PythonSoftwareFoundation.Python.3.13_3.13.2544.0_x64__qbz5n2kfra8p0\Lib\ssl.py", line 1304, in recv_into
    return self.read(nbytes, buffer)
           ~~~~~~~~~^^^^^^^^^^^^^^^^
  File "C:\Program Files\WindowsApps\PythonSoftwareFoundation.Python.3.13_3.13.2544.0_x64__qbz5n2kfra8p0\Lib\ssl.py", line 1138, in read
    return self._sslobj.read(len, buffer)
           ~~~~~~~~~~~~~~~~~^^^^^^^^^^^^^
ConnectionResetError: [WinError 10054] An existing connection was forcibly closed by the remote host

During handling of the above exception, another exception occurred:

Traceback (most recent call last):
  File "C:\Program Files\WindowsApps\PythonSoftwareFoundation.Python.3.13_3.13.2544.0_x64__qbz5n2kfra8p0\Lib\site-packages\pip\_internal\cli\base_command.py", line 107, in _run_wrapper
    status = _inner_run()
  File "C:\Program Files\WindowsApps\PythonSoftwareFoundation.Python.3.13_3.13.2544.0_x64__qbz5n2kfra8p0\Lib\site-packages\pip\_internal\cli\base_command.py", line 98, in _inner_run
    return self.run(options, args)
           ~~~~~~~~^^^^^^^^^^^^^^^
  File "C:\Program Files\WindowsApps\PythonSoftwareFoundation.Python.3.13_3.13.2544.0_x64__qbz5n2kfra8p0\Lib\site-packages\pip\_internal\cli\req_command.py", line 71, in wrapper
    return func(self, options, args)
  File "C:\Program Files\WindowsApps\PythonSoftwareFoundation.Python.3.13_3.13.2544.0_x64__qbz5n2kfra8p0\Lib\site-packages\pip\_internal\commands\install.py", line 393, in run
    requirement_set = resolver.resolve(
        reqs, check_supported_wheels=not options.target_dir
    )
  File "C:\Program Files\WindowsApps\PythonSoftwareFoundation.Python.3.13_3.13.2544.0_x64__qbz5n2kfra8p0\Lib\site-packages\pip\_internal\resolution\resolvelib\resolver.py", line 98, in resolve
    result = self._result = resolver.resolve(
                            ~~~~~~~~~~~~~~~~^
        collected.requirements, max_rounds=limit_how_complex_resolution_can_be
        ^^^^^^^^^^^^^^^^^^^^^^^^^^^^^^^^^^^^^^^^^^^^^^^^^^^^^^^^^^^^^^^^^^^^^^
    )
    ^
  File "C:\Program Files\WindowsApps\PythonSoftwareFoundation.Python.3.13_3.13.2544.0_x64__qbz5n2kfra8p0\Lib\site-packages\pip\_vendor\resolvelib\resolvers\resolution.py", line 596, in resolve
    state = resolution.resolve(requirements, max_rounds=max_rounds)
  File "C:\Program Files\WindowsApps\PythonSoftwareFoundation.Python.3.13_3.13.2544.0_x64__qbz5n2kfra8p0\Lib\site-packages\pip\_vendor\resolvelib\resolvers\resolution.py", line 508, in resolve
    failure_criterion = self._attempt_to_pin_criterion(name)
  File "C:\Program Files\WindowsApps\PythonSoftwareFoundation.Python.3.13_3.13.2544.0_x64__qbz5n2kfra8p0\Lib\site-packages\pip\_vendor\resolvelib\resolvers\resolution.py", line 220, in _attempt_to_pin_criterion
    criteria = self._get_updated_criteria(candidate)
  File "C:\Program Files\WindowsApps\PythonSoftwareFoundation.Python.3.13_3.13.2544.0_x64__qbz5n2kfra8p0\Lib\site-packages\pip\_vendor\resolvelib\resolvers\resolution.py", line 211, in _get_updated_criteria
    self._add_to_criteria(criteria, requirement, parent=candidate)
    ~~~~~~~~~~~~~~~~~~~~~^^^^^^^^^^^^^^^^^^^^^^^^^^^^^^^^^^^^^^^^^
  File "C:\Program Files\WindowsApps\PythonSoftwareFoundation.Python.3.13_3.13.2544.0_x64__qbz5n2kfra8p0\Lib\site-packages\pip\_vendor\resolvelib\resolvers\resolution.py", line 150, in _add_to_criteria
    if not criterion.candidates:
           ^^^^^^^^^^^^^^^^^^^^
  File "C:\Program Files\WindowsApps\PythonSoftwareFoundation.Python.3.13_3.13.2544.0_x64__qbz5n2kfra8p0\Lib\site-packages\pip\_vendor\resolvelib\structs.py", line 194, in __bool__
    return bool(self._sequence)
  File "C:\Program Files\WindowsApps\PythonSoftwareFoundation.Python.3.13_3.13.2544.0_x64__qbz5n2kfra8p0\Lib\site-packages\pip\_internal\resolution\resolvelib\found_candidates.py", line 165, in __bool__
    self._bool = any(self)
                 ~~~^^^^^^
  File "C:\Program Files\WindowsApps\PythonSoftwareFoundation.Python.3.13_3.13.2544.0_x64__qbz5n2kfra8p0\Lib\site-packages\pip\_internal\resolution\resolvelib\found_candidates.py", line 149, in <genexpr>
    return (c for c in iterator if id(c) not in self._incompatible_ids)
                       ^^^^^^^^
  File "C:\Program Files\WindowsApps\PythonSoftwareFoundation.Python.3.13_3.13.2544.0_x64__qbz5n2kfra8p0\Lib\site-packages\pip\_internal\resolution\resolvelib\found_candidates.py", line 39, in _iter_built
    candidate = func()
  File "C:\Program Files\WindowsApps\PythonSoftwareFoundation.Python.3.13_3.13.2544.0_x64__qbz5n2kfra8p0\Lib\site-packages\pip\_internal\resolution\resolvelib\factory.py", line 180, in _make_candidate_from_link
    base: BaseCandidate | None = self._make_base_candidate_from_link(
                                 ~~~~~~~~~~~~~~~~~~~~~~~~~~~~~~~~~~~^
        link, template, name, version
        ^^^^^^^^^^^^^^^^^^^^^^^^^^^^^
    )
    ^
  File "C:\Program Files\WindowsApps\PythonSoftwareFoundation.Python.3.13_3.13.2544.0_x64__qbz5n2kfra8p0\Lib\site-packages\pip\_internal\resolution\resolvelib\factory.py", line 226, in _make_base_candidate_from_link
    self._link_candidate_cache[link] = LinkCandidate(
                                       ~~~~~~~~~~~~~^
        link,
        ^^^^^
    ...<3 lines>...
        version=version,
        ^^^^^^^^^^^^^^^^
    )
    ^
  File "C:\Program Files\WindowsApps\PythonSoftwareFoundation.Python.3.13_3.13.2544.0_x64__qbz5n2kfra8p0\Lib\site-packages\pip\_internal\resolution\resolvelib\candidates.py", line 309, in __init__
    super().__init__(
    ~~~~~~~~~~~~~~~~^
        link=link,
        ^^^^^^^^^^
    ...<4 lines>...
        version=version,
        ^^^^^^^^^^^^^^^^
    )
    ^
  File "C:\Program Files\WindowsApps\PythonSoftwareFoundation.Python.3.13_3.13.2544.0_x64__qbz5n2kfra8p0\Lib\site-packages\pip\_internal\resolution\resolvelib\candidates.py", line 162, in __init__
    self.dist = self._prepare()
                ~~~~~~~~~~~~~^^
  File "C:\Program Files\WindowsApps\PythonSoftwareFoundation.Python.3.13_3.13.2544.0_x64__qbz5n2kfra8p0\Lib\site-packages\pip\_internal\resolution\resolvelib\candidates.py", line 239, in _prepare
    dist = self._prepare_distribution()
  File "C:\Program Files\WindowsApps\PythonSoftwareFoundation.Python.3.13_3.13.2544.0_x64__qbz5n2kfra8p0\Lib\site-packages\pip\_internal\resolution\resolvelib\candidates.py", line 320, in _prepare_distribution
    return preparer.prepare_linked_requirement(self._ireq, parallel_builds=True)
           ~~~~~~~~~~~~~~~~~~~~~~~~~~~~~~~~~~~^^^^^^^^^^^^^^^^^^^^^^^^^^^^^^^^^^
  File "C:\Program Files\WindowsApps\PythonSoftwareFoundation.Python.3.13_3.13.2544.0_x64__qbz5n2kfra8p0\Lib\site-packages\pip\_internal\operations\prepare.py", line 537, in prepare_linked_requirement
    return self._prepare_linked_requirement(req, parallel_builds)
           ~~~~~~~~~~~~~~~~~~~~~~~~~~~~~~~~^^^^^^^^^^^^^^^^^^^^^^
  File "C:\Program Files\WindowsApps\PythonSoftwareFoundation.Python.3.13_3.13.2544.0_x64__qbz5n2kfra8p0\Lib\site-packages\pip\_internal\operations\prepare.py", line 608, in _prepare_linked_requirement
    local_file = unpack_url(
        link,
    ...<4 lines>...
        hashes,
    )
  File "C:\Program Files\WindowsApps\PythonSoftwareFoundation.Python.3.13_3.13.2544.0_x64__qbz5n2kfra8p0\Lib\site-packages\pip\_internal\operations\prepare.py", line 180, in unpack_url
    file = get_http_url(
        link,
    ...<2 lines>...
        hashes=hashes,
    )
  File "C:\Program Files\WindowsApps\PythonSoftwareFoundation.Python.3.13_3.13.2544.0_x64__qbz5n2kfra8p0\Lib\site-packages\pip\_internal\operations\prepare.py", line 121, in get_http_url
    from_path, content_type = download(link, temp_dir.path)
                              ~~~~~~~~^^^^^^^^^^^^^^^^^^^^^
  File "C:\Program Files\WindowsApps\PythonSoftwareFoundation.Python.3.13_3.13.2544.0_x64__qbz5n2kfra8p0\Lib\site-packages\pip\_internal\network\download.py", line 195, in __call__
    self._process_response(download, resp)
    ~~~~~~~~~~~~~~~~~~~~~~^^^^^^^^^^^^^^^^
  File "C:\Program Files\WindowsApps\PythonSoftwareFoundation.Python.3.13_3.13.2544.0_x64__qbz5n2kfra8p0\Lib\site-packages\pip\_internal\network\download.py", line 212, in _process_response
    for chunk in chunks:
                 ^^^^^^
  File "C:\Program Files\WindowsApps\PythonSoftwareFoundation.Python.3.13_3.13.2544.0_x64__qbz5n2kfra8p0\Lib\site-packages\pip\_internal\network\utils.py", line 65, in response_chunks
    for chunk in response.raw.stream(
                 ~~~~~~~~~~~~~~~~~~~^
        chunk_size,
        ^^^^^^^^^^^
    ...<22 lines>...
        decode_content=False,
        ^^^^^^^^^^^^^^^^^^^^^
    ):
    ^
  File "C:\Program Files\WindowsApps\PythonSoftwareFoundation.Python.3.13_3.13.2544.0_x64__qbz5n2kfra8p0\Lib\site-packages\pip\_vendor\urllib3\response.py", line 622, in stream
    data = self.read(amt=amt, decode_content=decode_content)
  File "C:\Program Files\WindowsApps\PythonSoftwareFoundation.Python.3.13_3.13.2544.0_x64__qbz5n2kfra8p0\Lib\site-packages\pip\_vendor\urllib3\response.py", line 560, in read
    with self._error_catcher():
         ~~~~~~~~~~~~~~~~~~~^^
  File "C:\Program Files\WindowsApps\PythonSoftwareFoundation.Python.3.13_3.13.2544.0_x64__qbz5n2kfra8p0\Lib\contextlib.py", line 162, in __exit__
    self.gen.throw(value)
    ~~~~~~~~~~~~~~^^^^^^^
  File "C:\Program Files\WindowsApps\PythonSoftwareFoundation.Python.3.13_3.13.2544.0_x64__qbz5n2kfra8p0\Lib\site-packages\pip\_vendor\urllib3\response.py", line 455, in _error_catcher
    raise ProtocolError("Connection broken: %r" % e, e)
pip._vendor.urllib3.exceptions.ProtocolError: ("Connection broken: ConnectionResetError(10054, 'An existing connection was forcibly closed by the remote host', None, 10054, None)", ConnectionResetError(10054, 'An existing connection was forcibly closed by the remote host', None, 10054, None))
WARNING: Package installation encountered errors  
Traceback (most recent call last):
  File "C:\Users\jaskew\Documents\project_repository\scripts\batch-processing-script\NextObserved\main.py", line 11, in <module>
    import pandas as pd
  File "C:\WINDOWS\system32\config\systemprofile\AppData\Roaming\Python\Python313\site-packages\pandas\__init__.py", line 31, in <module>
    raise ImportError(
        "Unable to import required dependencies:\n" + "\n".join(_missing_dependencies)
    )
ImportError: Unable to import required dependencies:
pytz: No module named 'pytz'
dateutil: No module named 'dateutil'
Installing required packages...  
Requirement already satisfied: pandas in c:\users\jaskew\appdata\roaming\python\python313\site-packages (2.3.0)
Requirement already satisfied: pytz in c:\users\jaskew\appdata\roaming\python\python313\site-packages (2025.2)
Requirement already satisfied: python-dateutil in c:\users\jaskew\appdata\roaming\python\python313\site-packages (2.9.0.post0)
Requirement already satisfied: numpy in c:\users\jaskew\appdata\roaming\python\python313\site-packages (2.3.1)
Requirement already satisfied: scikit-learn in c:\users\jaskew\appdata\roaming\python\python313\site-packages (1.7.0)
Requirement already satisfied: lifelines in c:\users\jaskew\appdata\roaming\python\python313\site-packages (0.30.0)
Requirement already satisfied: openpyxl in c:\users\jaskew\appdata\roaming\python\python313\site-packages (3.1.5)
Requirement already satisfied: tzdata>=2022.7 in c:\users\jaskew\appdata\roaming\python\python313\site-packages (from pandas) (2025.2)
Requirement already satisfied: six>=1.5 in c:\users\jaskew\appdata\roaming\python\python313\site-packages (from python-dateutil) (1.17.0)
Requirement already satisfied: scipy>=1.8.0 in c:\users\jaskew\appdata\roaming\python\python313\site-packages (from scikit-learn) (1.16.0)
Requirement already satisfied: joblib>=1.2.0 in c:\users\jaskew\appdata\roaming\python\python313\site-packages (from scikit-learn) (1.5.1)
Requirement already satisfied: threadpoolctl>=3.1.0 in c:\users\jaskew\appdata\roaming\python\python313\site-packages (from scikit-learn) (3.6.0)
Requirement already satisfied: matplotlib>=3.0 in c:\users\jaskew\appdata\roaming\python\python313\site-packages (from lifelines) (3.10.3)
Requirement already satisfied: autograd>=1.5 in c:\users\jaskew\appdata\roaming\python\python313\site-packages (from lifelines) (1.8.0)
Requirement already satisfied: autograd-gamma>=0.3 in c:\users\jaskew\appdata\roaming\python\python313\site-packages (from lifelines) (0.5.0)
Requirement already satisfied: formulaic>=0.2.2 in c:\users\jaskew\appdata\roaming\python\python313\site-packages (from lifelines) (1.1.1)
Requirement already satisfied: et-xmlfile in c:\users\jaskew\appdata\roaming\python\python313\site-packages (from openpyxl) (2.0.0)
Requirement already satisfied: interface-meta>=1.2.0 in c:\users\jaskew\appdata\roaming\python\python313\site-packages (from formulaic>=0.2.2->lifelines) (1.3.0)
Requirement already satisfied: typing-extensions>=4.2.0 in c:\users\jaskew\appdata\roaming\python\python313\site-packages (from formulaic>=0.2.2->lifelines) (4.14.0)
Requirement already satisfied: wrapt>=1.17.0rc1 in c:\users\jaskew\appdata\roaming\python\python313\site-packages (from formulaic>=0.2.2->lifelines) (1.17.2)
Requirement already satisfied: contourpy>=1.0.1 in c:\users\jaskew\appdata\roaming\python\python313\site-packages (from matplotlib>=3.0->lifelines) (1.3.2)
Requirement already satisfied: cycler>=0.10 in c:\users\jaskew\appdata\roaming\python\python313\site-packages (from matplotlib>=3.0->lifelines) (0.12.1)
Requirement already satisfied: fonttools>=4.22.0 in c:\users\jaskew\appdata\roaming\python\python313\site-packages (from matplotlib>=3.0->lifelines) (4.58.4)
Requirement already satisfied: kiwisolver>=1.3.1 in c:\users\jaskew\appdata\roaming\python\python313\site-packages (from matplotlib>=3.0->lifelines) (1.4.8)
Requirement already satisfied: packaging>=20.0 in c:\users\jaskew\appdata\roaming\python\python313\site-packages (from matplotlib>=3.0->lifelines) (25.0)
Requirement already satisfied: pillow>=8 in c:\users\jaskew\appdata\roaming\python\python313\site-packages (from matplotlib>=3.0->lifelines) (11.3.0)
Requirement already satisfied: pyparsing>=2.3.1 in c:\users\jaskew\appdata\roaming\python\python313\site-packages (from matplotlib>=3.0->lifelines) (3.2.3)

[notice] A new release of pip is available: 25.2 -> 25.3
[notice] To update, run: C:\Program Files\WindowsApps\PythonSoftwareFoundation.Python.3.13_3.13.2544.0_x64__qbz5n2kfra8p0\python.exe -m pip install --upgrade pip
[START] Forecast pipeline initiated for 2025-12-22
[INFO] Generating date list and loading files...
[INFO] Preprocessing source data...
[INFO] Grouping and merging data by OpDiv...

[PROCESSING] CDC...
[DEBUG] CDC - first 5 records:
           API_UserName       date        indicator  ... month  seen  total_seen
0  00818860012482918321 2025-09-16      104.21.48.1  ...     9     1           4
1  00818860012482918321 2025-09-16  162.142.125.242  ...     9     1          24
2  00818860012482918321 2025-09-16   167.94.138.150  ...     9     1          10
3  00818860012482918321 2025-09-16   178.175.129.37  ...     9     1          13
4  00818860012482918321 2025-09-16   199.45.154.178  ...     9     1           7

[5 rows x 11 columns]
[CDC] Building features...
[CDC] Running model inference...
[CDC] Applying ensemble logic and formatting...
[DEBUG] Production output - first 5 records:
        Indicator  Observed Today  ...  ensemble_45d       Confidence: 45-Day
0  102.129.153.71               0  ...         0.18%   45-Day: Low confidence
1   104.18.32.191               0  ...        13.36%   45-Day: Low confidence
2     104.21.3.76               0  ...        54.67%  45-Day: Possibly active
3    104.21.45.12               0  ...        40.72%  45-Day: Possibly active
4     104.21.48.1               0  ...        28.85%  45-Day: Possibly active

[5 rows x 15 columns]
[CDC] Updating forecast log...
Traceback (most recent call last):
  File "C:\Users\jaskew\Documents\project_repository\scripts\batch-processing-script\NextObserved\main.py", line 88, in <module>
    main()
    ~~~~^^
  File "C:\Users\jaskew\Documents\project_repository\scripts\batch-processing-script\NextObserved\main.py", line 71, in main
    forecast_log = update_long_forecast_log_with_formatting(production_output, opdiv_df, log_xlsx_path)
  File "C:\Users\jaskew\Documents\project_repository\scripts\batch-processing-script\NextObserved\forecast_log.py", line 51, in update_long_forecast_log_with_formatting
    existing = pd.read_excel(excel_output_path, parse_dates=['Forecast Date', 'Forecasted Check Date'])
  File "C:\Users\jaskew\AppData\Roaming\Python\Python313\site-packages\pandas\io\excel\_base.py", line 495, in read_excel
    io = ExcelFile(
        io,
    ...<2 lines>...
        engine_kwargs=engine_kwargs,
    )
  File "C:\Users\jaskew\AppData\Roaming\Python\Python313\site-packages\pandas\io\excel\_base.py", line 1550, in __init__
    ext = inspect_excel_format(
        content_or_path=path_or_buffer, storage_options=storage_options
    )
  File "C:\Users\jaskew\AppData\Roaming\Python\Python313\site-packages\pandas\io\excel\_base.py", line 1419, in inspect_excel_format
    with zipfile.ZipFile(stream) as zf:
         ~~~~~~~~~~~~~~~^^^^^^^^
  File "C:\Program Files\WindowsApps\PythonSoftwareFoundation.Python.3.13_3.13.2544.0_x64__qbz5n2kfra8p0\Lib\zipfile\__init__.py", line 1385, in __init__
    self._RealGetContents()
    ~~~~~~~~~~~~~~~~~~~~~^^
  File "C:\Program Files\WindowsApps\PythonSoftwareFoundation.Python.3.13_3.13.2544.0_x64__qbz5n2kfra8p0\Lib\zipfile\__init__.py", line 1452, in _RealGetContents
    raise BadZipFile("File is not a zip file")
zipfile.BadZipFile: File is not a zip file
Installing required packages...  
Requirement already satisfied: pandas in c:\users\jaskew\appdata\roaming\python\python313\site-packages (2.3.0)
Requirement already satisfied: pytz in c:\users\jaskew\appdata\roaming\python\python313\site-packages (2025.2)
Requirement already satisfied: python-dateutil in c:\users\jaskew\appdata\roaming\python\python313\site-packages (2.9.0.post0)
Requirement already satisfied: numpy in c:\users\jaskew\appdata\roaming\python\python313\site-packages (2.3.1)
Requirement already satisfied: scikit-learn in c:\users\jaskew\appdata\roaming\python\python313\site-packages (1.7.0)
Requirement already satisfied: lifelines in c:\users\jaskew\appdata\roaming\python\python313\site-packages (0.30.0)
Requirement already satisfied: openpyxl in c:\users\jaskew\appdata\roaming\python\python313\site-packages (3.1.5)
Requirement already satisfied: tzdata>=2022.7 in c:\users\jaskew\appdata\roaming\python\python313\site-packages (from pandas) (2025.2)
Requirement already satisfied: six>=1.5 in c:\users\jaskew\appdata\roaming\python\python313\site-packages (from python-dateutil) (1.17.0)
Requirement already satisfied: scipy>=1.8.0 in c:\users\jaskew\appdata\roaming\python\python313\site-packages (from scikit-learn) (1.16.0)
Requirement already satisfied: joblib>=1.2.0 in c:\users\jaskew\appdata\roaming\python\python313\site-packages (from scikit-learn) (1.5.1)
Requirement already satisfied: threadpoolctl>=3.1.0 in c:\users\jaskew\appdata\roaming\python\python313\site-packages (from scikit-learn) (3.6.0)
Requirement already satisfied: matplotlib>=3.0 in c:\users\jaskew\appdata\roaming\python\python313\site-packages (from lifelines) (3.10.3)
Requirement already satisfied: autograd>=1.5 in c:\users\jaskew\appdata\roaming\python\python313\site-packages (from lifelines) (1.8.0)
Requirement already satisfied: autograd-gamma>=0.3 in c:\users\jaskew\appdata\roaming\python\python313\site-packages (from lifelines) (0.5.0)
Requirement already satisfied: formulaic>=0.2.2 in c:\users\jaskew\appdata\roaming\python\python313\site-packages (from lifelines) (1.1.1)
Requirement already satisfied: et-xmlfile in c:\users\jaskew\appdata\roaming\python\python313\site-packages (from openpyxl) (2.0.0)
Requirement already satisfied: interface-meta>=1.2.0 in c:\users\jaskew\appdata\roaming\python\python313\site-packages (from formulaic>=0.2.2->lifelines) (1.3.0)
Requirement already satisfied: typing-extensions>=4.2.0 in c:\users\jaskew\appdata\roaming\python\python313\site-packages (from formulaic>=0.2.2->lifelines) (4.14.0)
Requirement already satisfied: wrapt>=1.17.0rc1 in c:\users\jaskew\appdata\roaming\python\python313\site-packages (from formulaic>=0.2.2->lifelines) (1.17.2)
Requirement already satisfied: contourpy>=1.0.1 in c:\users\jaskew\appdata\roaming\python\python313\site-packages (from matplotlib>=3.0->lifelines) (1.3.2)
Requirement already satisfied: cycler>=0.10 in c:\users\jaskew\appdata\roaming\python\python313\site-packages (from matplotlib>=3.0->lifelines) (0.12.1)
Requirement already satisfied: fonttools>=4.22.0 in c:\users\jaskew\appdata\roaming\python\python313\site-packages (from matplotlib>=3.0->lifelines) (4.58.4)
Requirement already satisfied: kiwisolver>=1.3.1 in c:\users\jaskew\appdata\roaming\python\python313\site-packages (from matplotlib>=3.0->lifelines) (1.4.8)
Requirement already satisfied: packaging>=20.0 in c:\users\jaskew\appdata\roaming\python\python313\site-packages (from matplotlib>=3.0->lifelines) (25.0)
Requirement already satisfied: pillow>=8 in c:\users\jaskew\appdata\roaming\python\python313\site-packages (from matplotlib>=3.0->lifelines) (11.3.0)
Requirement already satisfied: pyparsing>=2.3.1 in c:\users\jaskew\appdata\roaming\python\python313\site-packages (from matplotlib>=3.0->lifelines) (3.2.3)

[notice] A new release of pip is available: 25.2 -> 25.3
[notice] To update, run: C:\Program Files\WindowsApps\PythonSoftwareFoundation.Python.3.13_3.13.2544.0_x64__qbz5n2kfra8p0\python.exe -m pip install --upgrade pip
C:\Users\jaskew\AppData\Roaming\Python\Python313\site-packages\lifelines\fitters\__init__.py:2086: ApproximationWarning: The Hessian was not invertible. We will instead approximate it using the pseudo-inverse.

It's advisable to not trust the variances reported, and to be suspicious of the fitted parameters too.

Some ways to possible ways fix this:

0. Are there any lifelines warnings outputted during the `fit`?
1. Does a particularly large variable need to be centered to 0?
2. Inspect your DataFrame: does everything look as expected? Do you need to add/drop a constant (intercept) column?
3. Is there high-collinearity in the dataset? Try using the variance inflation factor (VIF) to find redundant variables.
4. Trying adding a small penalizer (or changing it, if already present). Example: `WeibullAFTFitter(penalizer=0.01).fit(...)`.
5. Are there any extreme outliers? Try modeling them or dropping them to see if it helps convergence.

  warnings.warn(warning_text, exceptions.ApproximationWarning)
C:\Users\jaskew\AppData\Roaming\Python\Python313\site-packages\lifelines\fitters\__init__.py:2097: StatisticalWarning: The diagonal of the variance_matrix_ has negative values. This could be a problem with WeibullAFTFitter's fit to the data.

It's advisable to not trust the variances reported, and to be suspicious of the fitted parameters too.

  warnings.warn(warning_text, exceptions.StatisticalWarning)
[START] Forecast pipeline initiated for 2025-12-22
[INFO] Generating date list and loading files...
[INFO] Preprocessing source data...
[INFO] Grouping and merging data by OpDiv...

[PROCESSING] CDC...
[DEBUG] CDC - first 5 records:
           API_UserName       date        indicator  ... month  seen  total_seen
0  00818860012482918321 2025-09-16      104.21.48.1  ...     9     1           4
1  00818860012482918321 2025-09-16  162.142.125.242  ...     9     1          24
2  00818860012482918321 2025-09-16   167.94.138.150  ...     9     1          10
3  00818860012482918321 2025-09-16   178.175.129.37  ...     9     1          13
4  00818860012482918321 2025-09-16   199.45.154.178  ...     9     1           7

[5 rows x 11 columns]
[CDC] Building features...
[CDC] Running model inference...
[CDC] Applying ensemble logic and formatting...
[DEBUG] Production output - first 5 records:
        Indicator  Observed Today  ...  ensemble_45d       Confidence: 45-Day
0  102.129.153.71               0  ...         0.18%   45-Day: Low confidence
1   104.18.32.191               0  ...        13.36%   45-Day: Low confidence
2     104.21.3.76               0  ...        54.67%  45-Day: Possibly active
3    104.21.45.12               0  ...        40.72%  45-Day: Possibly active
4     104.21.48.1               0  ...        28.85%  45-Day: Possibly active

[5 rows x 15 columns]
[CDC] Updating forecast log...
[CDC] Saving updated forecast log to: \\10.1.4.22\data\HTOC\Data_Analytics\Data\OpDiv_Predictions\Logs\CDC\CDC_forecast_log.xlsx
[CDC] Saving today's production output...
[CDC] Completed.

[PROCESSING] CMS...
[DEBUG] CMS - first 5 records:
           API_UserName       date       indicator  ... month  seen  total_seen
0  15920309593055310684 2025-09-13    101.89.148.7  ...     9     1          17
1  15920309593055310684 2025-09-13  101.89.174.236  ...     9     1          61
2  15920309593055310684 2025-09-13   103.124.94.57  ...     9     1          18
3  15920309593055310684 2025-09-13  103.149.86.208  ...     9     1           8
4  15920309593055310684 2025-09-13    103.203.59.0  ...     9     1         101

[5 rows x 11 columns]
[CMS] Building features...
[CMS] Running model inference...
[CMS] Applying ensemble logic and formatting...
[DEBUG] Production output - first 5 records:
        Indicator  Observed Today  ...  ensemble_45d      Confidence: 45-Day
0   101.71.130.99               1  ...        99.91%   45-Day: Highly likely
1    101.89.148.7               0  ...        25.23%  45-Day: Low confidence
2  101.89.174.236               0  ...        64.08%   45-Day: Highly likely
3   103.124.94.57               0  ...        25.23%  45-Day: Low confidence
4  103.149.86.208               0  ...        25.18%  45-Day: Low confidence

[5 rows x 15 columns]
[CMS] Updating forecast log...
[CMS] Saving updated forecast log to: \\10.1.4.22\data\HTOC\Data_Analytics\Data\OpDiv_Predictions\Logs\CMS\CMS_forecast_log.xlsx
[CMS] Saving today's production output...
[CMS] Completed.

[PROCESSING] DHA...
[DEBUG] DHA - first 5 records:
           API_UserName       date        indicator  ... month  seen  total_seen
0  20790633968691748718 2025-09-13    103.163.80.62  ...     9     1          13
1  20790633968691748718 2025-09-13     103.203.59.0  ...     9     1          75
2  20790633968691748718 2025-09-13  104.167.221.114  ...     9     1           5
3  20790633968691748718 2025-09-13   104.192.225.10  ...     9     1           6
4  20790633968691748718 2025-09-13  104.237.131.164  ...     9     1           9

[5 rows x 11 columns]
[DHA] Building features...
[DHA] Running model inference...
[DHA] Applying ensemble logic and formatting...
[DEBUG] Production output - first 5 records:
         Indicator  Observed Today  ...  ensemble_45d      Confidence: 45-Day
0    101.71.130.99               1  ...         75.9%   45-Day: Highly likely
1   101.89.174.236               0  ...        21.09%  45-Day: Low confidence
2      102.0.5.152               0  ...        76.24%   45-Day: Highly likely
3   103.114.96.246               0  ...        78.47%   45-Day: Highly likely
4  103.124.139.170               0  ...        75.64%   45-Day: Highly likely

[5 rows x 15 columns]
[DHA] Updating forecast log...
[DHA] Saving updated forecast log to: \\10.1.4.22\data\HTOC\Data_Analytics\Data\OpDiv_Predictions\Logs\DHA\DHA_forecast_log.xlsx
[DHA] Saving today's production output...
[DHA] Completed.

[PROCESSING] FDA...
[DEBUG] FDA - first 5 records:
           API_UserName       date       indicator  ... month  seen  total_seen
0  13983566077459384977 2025-09-13    101.89.148.7  ...     9     1           4
1  13983566077459384977 2025-09-13  101.89.174.236  ...     9     1          61
2  13983566077459384977 2025-09-13   103.124.94.57  ...     9     1          13
3  13983566077459384977 2025-09-13  103.149.86.208  ...     9     1           5
4  13983566077459384977 2025-09-13  103.151.172.28  ...     9     1           8

[5 rows x 11 columns]
[FDA] Building features...
[FDA] Running model inference...
[FDA] Applying ensemble logic and formatting...
[DEBUG] Production output - first 5 records:
        Indicator  Observed Today  ...  ensemble_45d      Confidence: 45-Day
0   101.71.130.99               1  ...        99.91%   45-Day: Highly likely
1    101.89.148.7               0  ...        25.12%  45-Day: Low confidence
2  101.89.174.236               0  ...         67.3%   45-Day: Highly likely
3  103.101.216.50               0  ...        11.46%  45-Day: Low confidence
4   103.124.94.57               0  ...        25.24%  45-Day: Low confidence

[5 rows x 15 columns]
[FDA] Updating forecast log...
[FDA] Saving updated forecast log to: \\10.1.4.22\data\HTOC\Data_Analytics\Data\OpDiv_Predictions\Logs\FDA\FDA_forecast_log.xlsx
[FDA] Saving today's production output...
[FDA] Completed.

[PROCESSING] HHS...
[DEBUG] HHS - first 5 records:
           API_UserName       date        indicator  ... month  seen  total_seen
0  13520457953477229971 2025-09-13  101.251.238.174  ...     9     1           2
1  13520457953477229971 2025-09-13   101.89.174.236  ...     9     1          45
2  13520457953477229971 2025-09-13   102.215.12.242  ...     9     1          18
3  13520457953477229971 2025-09-13   103.125.146.31  ...     9     1           7
4  13520457953477229971 2025-09-13   103.125.146.45  ...     9     1           3

[5 rows x 11 columns]
[HHS] Building features...
[HHS] Running model inference...
[HHS] Applying ensemble logic and formatting...
[DEBUG] Production output - first 5 records:
         Indicator  Observed Today  ...  ensemble_45d       Confidence: 45-Day
0  101.251.238.174               0  ...        25.03%   45-Day: Low confidence
1    101.71.130.99               0  ...        99.75%    45-Day: Highly likely
2   101.89.174.236               0  ...         40.5%  45-Day: Possibly active
3     102.0.12.184               0  ...         1.11%   45-Day: Low confidence
4   102.215.12.242               0  ...        25.33%   45-Day: Low confidence

[5 rows x 15 columns]
[HHS] Updating forecast log...
[HHS] Saving updated forecast log to: \\10.1.4.22\data\HTOC\Data_Analytics\Data\OpDiv_Predictions\Logs\HHS\HHS_forecast_log.xlsx
[HHS] Saving today's production output...
[HHS] Completed.

[PROCESSING] HRSA...
[DEBUG] HRSA - first 5 records:
           API_UserName       date       indicator  ... month  seen  total_seen
0  35664937356778434955 2025-09-13    101.89.148.7  ...     9     1          21
1  35664937356778434955 2025-09-13  101.89.174.236  ...     9     1          61
2  35664937356778434955 2025-09-13   103.124.94.57  ...     9     1          19
3  35664937356778434955 2025-09-13  103.149.86.208  ...     9     1           8
4  35664937356778434955 2025-09-13    103.203.59.0  ...     9     1          83

[5 rows x 11 columns]
[HRSA] Building features...
[HRSA] Running model inference...
[HRSA] Applying ensemble logic and formatting...
[DEBUG] Production output - first 5 records:
        Indicator  Observed Today  ...  ensemble_45d       Confidence: 45-Day
0    101.89.148.7               0  ...         0.16%   45-Day: Low confidence
1  101.89.174.236               0  ...        41.74%  45-Day: Possibly active
2     102.0.5.152               0  ...        46.31%  45-Day: Possibly active
3  103.114.96.246               0  ...        54.86%  45-Day: Possibly active
4   103.124.94.57               0  ...         0.15%   45-Day: Low confidence

[5 rows x 15 columns]
[HRSA] Updating forecast log...
[HRSA] Saving updated forecast log to: \\10.1.4.22\data\HTOC\Data_Analytics\Data\OpDiv_Predictions\Logs\HRSA\HRSA_forecast_log.xlsx
[HRSA] Saving today's production output...
[HRSA] Completed.

[PROCESSING] IHS...
[DEBUG] IHS - first 5 records:
           API_UserName       date        indicator  ... month  seen  total_seen
0  80363974983666420473 2025-09-13     103.203.59.0  ...     9     1          78
1  80363974983666420473 2025-09-13  104.167.221.114  ...     9     1           4
2  80363974983666420473 2025-09-13  104.237.131.164  ...     9     1          16
3  80363974983666420473 2025-09-13  104.237.151.205  ...     9     1           7
4  80363974983666420473 2025-09-13    117.148.171.2  ...     9     1           2

[5 rows x 11 columns]
[IHS] Building features...
[IHS] Running model inference...
[IHS] Applying ensemble logic and formatting...
[DEBUG] Production output - first 5 records:
        Indicator  Observed Today  ...  ensemble_45d       Confidence: 45-Day
0  101.89.174.236               0  ...         4.67%   45-Day: Low confidence
1  103.167.91.247               0  ...        60.16%  45-Day: Possibly active
2    103.203.59.0               0  ...         97.8%    45-Day: Highly likely
3  103.215.25.250               0  ...        75.16%    45-Day: Highly likely
4   104.131.6.219               0  ...        25.29%   45-Day: Low confidence

[5 rows x 15 columns]
[IHS] Updating forecast log...
[IHS] Saving updated forecast log to: \\10.1.4.22\data\HTOC\Data_Analytics\Data\OpDiv_Predictions\Logs\IHS\IHS_forecast_log.xlsx
[IHS] Saving today's production output...
[IHS] Completed.

[PROCESSING] NIH...
[DEBUG] NIH - first 5 records:
           API_UserName       date        indicator  ... month  seen  total_seen
0  50189120947314147395 2025-09-13   102.215.12.242  ...     9     1          12
1  50189120947314147395 2025-09-13     103.203.59.0  ...     9     1          74
2  50189120947314147395 2025-09-13   103.208.230.79  ...     9     1           3
3  50189120947314147395 2025-09-13  104.167.221.114  ...     9     1           3
4  50189120947314147395 2025-09-13      104.21.3.76  ...     9     1          65

[5 rows x 11 columns]
[NIH] Building features...
[NIH] Running model inference...
[NIH] Applying ensemble logic and formatting...
[DEBUG] Production output - first 5 records:
         Indicator  Observed Today  ...  ensemble_45d       Confidence: 45-Day
0       1.62.8.186               0  ...        74.78%    45-Day: Highly likely
1  101.251.238.174               0  ...         3.31%   45-Day: Low confidence
2   101.32.210.208               0  ...         3.77%   45-Day: Low confidence
3    101.71.130.99               0  ...        74.95%    45-Day: Highly likely
4     102.0.12.184               0  ...        49.07%  45-Day: Possibly active

[5 rows x 15 columns]
[NIH] Updating forecast log...
[NIH] Saving updated forecast log to: \\10.1.4.22\data\HTOC\Data_Analytics\Data\OpDiv_Predictions\Logs\NIH\NIH_forecast_log.xlsx
[NIH] Saving today's production output...
[NIH] Completed.

[PROCESSING] OS...
[DEBUG] OS - first 5 records:
           API_UserName       date       indicator  ... month  seen  total_seen
0  64853912235916233429 2025-09-13      1.192.18.4  ...     9     1           2
1  64853912235916233429 2025-09-13    101.89.148.7  ...     9     1           3
2  64853912235916233429 2025-09-13  101.89.174.236  ...     9     1          61
3  64853912235916233429 2025-09-13   103.124.94.57  ...     9     1          13
4  64853912235916233429 2025-09-13  103.149.86.208  ...     9     1           6

[5 rows x 11 columns]
[OS] Building features...
[OS] Running model inference...
[OS] Applying ensemble logic and formatting...
[DEBUG] Production output - first 5 records:
        Indicator  Observed Today  ...  ensemble_45d      Confidence: 45-Day
0      1.192.18.4               0  ...         25.1%  45-Day: Low confidence
1   101.71.130.99               1  ...         99.9%   45-Day: Highly likely
2    101.89.148.7               0  ...        25.12%  45-Day: Low confidence
3  101.89.174.236               0  ...        65.02%   45-Day: Highly likely
4   103.124.94.57               0  ...        25.17%  45-Day: Low confidence

[5 rows x 15 columns]
[OS] Updating forecast log...
[OS] Saving updated forecast log to: \\10.1.4.22\data\HTOC\Data_Analytics\Data\OpDiv_Predictions\Logs\OS\OS_forecast_log.xlsx
[OS] Saving today's production output...
[OS] Completed.

[PROCESSING] VA...
[DEBUG] VA - first 5 records:
           API_UserName       date       indicator  ... month  seen  total_seen
0  74198686107399967946 2025-09-13   103.124.94.57  ...     9     1          13
1  74198686107399967946 2025-09-13  103.149.86.208  ...     9     1           5
2  74198686107399967946 2025-09-13   103.163.80.62  ...     9     1           5
3  74198686107399967946 2025-09-13  103.172.121.54  ...     9     1           3
4  74198686107399967946 2025-09-13  103.176.96.138  ...     9     1           7

[5 rows x 11 columns]
[VA] Building features...
[VA] Running model inference...
[VA] Applying ensemble logic and formatting...
[DEBUG] Production output - first 5 records:
         Indicator  Observed Today  ...  ensemble_45d      Confidence: 45-Day
0  1-you.njalla.no               0  ...        75.17%   45-Day: Highly likely
1       1.4.195.14               0  ...        25.23%  45-Day: Low confidence
2      102.0.5.152               0  ...        25.24%  45-Day: Low confidence
3    102.209.18.96               0  ...        26.64%  45-Day: Low confidence
4   103.114.96.246               0  ...        26.06%  45-Day: Low confidence

[5 rows x 15 columns]
[VA] Updating forecast log...
[VA] Saving updated forecast log to: \\10.1.4.22\data\HTOC\Data_Analytics\Data\OpDiv_Predictions\Logs\VA\VA_forecast_log.xlsx
[VA] Saving today's production output...
[VA] Completed.

 [COMPLETE] All OpDivs processed.
You may close this window now.
